2024-04-25 17:45:56.059 INFO [restartedMain:c.a.n.c.u.ParamUtil] [settings] [req-serv] nacos-server port:8848
2024-04-25 17:45:56.060 INFO [restartedMain:c.a.n.c.u.ParamUtil] [settings] [http-client] connect timeout:1000
2024-04-25 17:45:56.061 INFO [restartedMain:c.a.n.c.u.ParamUtil] PER_TASK_CONFIG_SIZE: 3000.0
2024-04-25 17:45:56.083 INFO [restartedMain:c.a.n.c.a.r.i.CredentialWatcher] null No credential found
2024-04-25 17:45:56.087 INFO [restartedMain:c.a.n.c.c.i.LocalConfigInfoProcessor] LOCAL_SNAPSHOT_PATH:E:\projects\idea-projects\Huang-Api//api-order/orderDubboCache\nacos\config
2024-04-25 17:45:58.945 INFO [com.alibaba.nacos.client.remote.worker:c.a.n.c.c.i.ClientWorker] [392263ee-c95d-46d4-9f64-565f28dc01fc_config-0] Connected,notify listen context...
2024-04-25 17:45:59.040 INFO [restartedMain:c.a.n.c.c.i.Limiter] limitTime:5.0
2024-04-25 17:46:14.293 INFO [restartedMain:c.a.n.c.c.i.CacheData] nacos.cache.data.init.snapshot = true 
2024-04-25 17:46:14.294 INFO [restartedMain:c.a.n.c.c.i.ClientWorker] [fixed-localhost_8848] [subscribe] huangapi-order-nacos.configurators+dubbo
2024-04-25 17:46:14.307 INFO [restartedMain:c.a.n.c.c.i.CacheData] [fixed-localhost_8848] [add-listener] ok, tenant=, dataId=huangapi-order-nacos.configurators, group=dubbo, cnt=1
2024-04-25 17:46:14.317 INFO [restartedMain:c.a.n.c.c.i.ClientWorker] [fixed-localhost_8848] [subscribe] com.anyan.apicommon.service.ApiOrderService::.configurators+dubbo
2024-04-25 17:46:14.317 INFO [restartedMain:c.a.n.c.c.i.CacheData] [fixed-localhost_8848] [add-listener] ok, tenant=, dataId=com.anyan.apicommon.service.ApiOrderService::.configurators, group=dubbo, cnt=1
2024-04-25 17:46:14.524 INFO [restartedMain:c.a.n.c.c.i.ClientWorker] [fixed-localhost_8848] [subscribe] org.apache.dubbo.metadata.MetadataService:1.0.0:huangapi-order-nacos.configurators+dubbo
2024-04-25 17:46:14.524 INFO [restartedMain:c.a.n.c.c.i.CacheData] [fixed-localhost_8848] [add-listener] ok, tenant=, dataId=org.apache.dubbo.metadata.MetadataService:1.0.0:huangapi-order-nacos.configurators, group=dubbo, cnt=1
2024-04-25 17:46:14.781 INFO [restartedMain:c.a.n.c.c.i.ClientWorker] [fixed-localhost_8848] [subscribe] huangapi-order-nacos.migration+DUBBO_SERVICEDISCOVERY_MIGRATION
2024-04-25 17:46:14.781 INFO [restartedMain:c.a.n.c.c.i.CacheData] [fixed-localhost_8848] [add-listener] ok, tenant=, dataId=huangapi-order-nacos.migration, group=DUBBO_SERVICEDISCOVERY_MIGRATION, cnt=1
2024-04-25 17:46:16.273 INFO [restartedMain:c.a.n.c.a.r.i.CredentialWatcher] [null] CredentialWatcher is stopped
2024-04-25 17:46:16.273 INFO [restartedMain:c.a.n.c.a.r.i.CredentialService] [null] CredentialService is freed
2024-04-25 17:46:18.354 INFO [restartedMain:c.a.n.c.c.i.ClientWorker] com.alibaba.nacos.client.config.impl.ClientWorker do shutdown begin
2024-04-25 17:46:18.355 INFO [restartedMain:c.a.n.c.c.i.ClientWorker] Trying to shutdown transport client com.alibaba.nacos.client.config.impl.ClientWorker$ConfigRpcTransportClient@2df4091c
2024-04-25 17:46:18.355 INFO [restartedMain:c.a.n.c.c.i.ClientWorker] Trying to shutdown rpc client 392263ee-c95d-46d4-9f64-565f28dc01fc_config-0
2024-04-25 17:46:18.356 INFO [restartedMain:c.a.n.c.c.i.ClientWorker] Remove rpc client 392263ee-c95d-46d4-9f64-565f28dc01fc_config-0
2024-04-25 17:46:18.356 INFO [restartedMain:c.a.n.c.c.i.ClientWorker] Shutdown executor java.util.concurrent.ScheduledThreadPoolExecutor@36262564[Running, pool size = 7, active threads = 1, queued tasks = 1, completed tasks = 5]
2024-04-25 17:46:18.357 INFO [restartedMain:c.a.n.c.c.i.ClientWorker] com.alibaba.nacos.client.config.impl.ClientWorker do shutdown stop
2024-04-25 17:46:19.259 INFO [com.alibaba.nacos.client.Worker:c.a.n.c.a.r.i.CredentialWatcher] null No credential found
2024-04-25 17:46:19.553 INFO [restartedMain:c.a.n.c.a.r.i.CredentialWatcher] [null] CredentialWatcher is stopped
2024-04-25 17:46:19.554 INFO [restartedMain:c.a.n.c.a.r.i.CredentialService] [null] CredentialService is freed
2024-04-25 17:46:19.813 INFO [com.alibaba.nacos.client.naming.security:c.a.n.c.a.r.i.CredentialWatcher] null No credential found
2024-04-25 17:46:47.384 INFO [restartedMain:c.a.n.c.u.ParamUtil] [settings] [req-serv] nacos-server port:8848
2024-04-25 17:46:47.385 INFO [restartedMain:c.a.n.c.u.ParamUtil] [settings] [http-client] connect timeout:1000
2024-04-25 17:46:47.386 INFO [restartedMain:c.a.n.c.u.ParamUtil] PER_TASK_CONFIG_SIZE: 3000.0
2024-04-25 17:46:47.411 INFO [restartedMain:c.a.n.c.a.r.i.CredentialWatcher] null No credential found
2024-04-25 17:46:47.417 INFO [restartedMain:c.a.n.c.c.i.LocalConfigInfoProcessor] LOCAL_SNAPSHOT_PATH:E:\projects\idea-projects\Huang-Api//api-order/orderDubboCache\nacos\config
2024-04-25 17:46:51.134 INFO [com.alibaba.nacos.client.remote.worker:c.a.n.c.c.i.ClientWorker] [5976fb23-902d-4652-8bb9-0d7556e2912c_config-0] Connected,notify listen context...
2024-04-25 17:46:51.234 INFO [restartedMain:c.a.n.c.c.i.Limiter] limitTime:5.0
2024-04-25 17:47:08.727 INFO [restartedMain:c.a.n.c.c.i.CacheData] nacos.cache.data.init.snapshot = true 
2024-04-25 17:47:08.729 INFO [restartedMain:c.a.n.c.c.i.ClientWorker] [fixed-localhost_8848] [subscribe] huangapi-order-nacos.configurators+dubbo
2024-04-25 17:47:08.746 INFO [restartedMain:c.a.n.c.c.i.CacheData] [fixed-localhost_8848] [add-listener] ok, tenant=, dataId=huangapi-order-nacos.configurators, group=dubbo, cnt=1
2024-04-25 17:47:08.755 INFO [restartedMain:c.a.n.c.c.i.ClientWorker] [fixed-localhost_8848] [subscribe] com.anyan.apicommon.service.ApiOrderService::.configurators+dubbo
2024-04-25 17:47:08.755 INFO [restartedMain:c.a.n.c.c.i.CacheData] [fixed-localhost_8848] [add-listener] ok, tenant=, dataId=com.anyan.apicommon.service.ApiOrderService::.configurators, group=dubbo, cnt=1
2024-04-25 17:47:09.150 INFO [restartedMain:c.a.n.c.c.i.ClientWorker] [fixed-localhost_8848] [subscribe] huangapi-order-nacos.migration+DUBBO_SERVICEDISCOVERY_MIGRATION
2024-04-25 17:47:09.150 INFO [restartedMain:c.a.n.c.c.i.CacheData] [fixed-localhost_8848] [add-listener] ok, tenant=, dataId=huangapi-order-nacos.migration, group=DUBBO_SERVICEDISCOVERY_MIGRATION, cnt=1
2024-04-25 17:47:09.531 INFO [com.alibaba.nacos.client.remote.worker:c.a.n.c.c.i.ClientWorker] [ff94310f-94b5-4815-9911-e9eb59630fea_config-0] Connected,notify listen context...
2024-04-25 17:47:09.543 INFO [restartedMain:c.a.n.c.c.u.JvmUtil] isMultiInstance:false
2024-04-25 17:47:09.552 INFO [DubboSaveMetadataReport-thread-1:c.a.n.c.c.i.ClientWorker] [fixed-localhost_8848] [publish-single] ok, dataId=com.anyan.apicommon.service.ApiOrderService:::provider:huangapi-order-nacos, group=dubbo, tenant=, config={"annotations":[],"canonicalName":"com.anyan.apicommon.service.ApiOrderService","codeSource":"file:/...
2024-04-25 17:47:09.599 INFO [restartedMain:c.a.n.c.c.i.ClientWorker] [fixed-localhost_8848] [publish-single] ok, dataId=com.anyan.apicommon.service.ApiOrderService, group=mapping, tenant=, config=huangapi-rpc-nacos,huangapi-order-nacos
2024-04-25 17:47:09.767 INFO [restartedMain:c.a.n.c.c.i.ClientWorker] [fixed-localhost_8848] [subscribe] com.anyan.apicommon.service.ApiBackendService::.condition-router+dubbo
2024-04-25 17:47:09.769 INFO [restartedMain:c.a.n.c.c.i.CacheData] [fixed-localhost_8848] [add-listener] ok, tenant=, dataId=com.anyan.apicommon.service.ApiBackendService::.condition-router, group=dubbo, cnt=1
2024-04-25 17:47:09.780 INFO [restartedMain:c.a.n.c.c.i.ClientWorker] [fixed-localhost_8848] [subscribe] huangapi-order-nacos.condition-router+dubbo
2024-04-25 17:47:09.780 INFO [restartedMain:c.a.n.c.c.i.CacheData] [fixed-localhost_8848] [add-listener] ok, tenant=, dataId=huangapi-order-nacos.condition-router, group=dubbo, cnt=1
2024-04-25 17:47:09.981 INFO [restartedMain:c.a.n.c.c.i.ClientWorker] [fixed-localhost_8848] [subscribe] huangapi-rpc-nacos.MESHAPPRULE+dubbo
2024-04-25 17:47:09.981 INFO [restartedMain:c.a.n.c.c.i.CacheData] [fixed-localhost_8848] [add-listener] ok, tenant=, dataId=huangapi-rpc-nacos.MESHAPPRULE, group=dubbo, cnt=1
2024-04-25 17:47:09.983 INFO [restartedMain:c.a.n.c.c.i.ClientWorker] [fixed-localhost_8848] [subscribe] huangapi-rpc-nacos.tag-router+dubbo
2024-04-25 17:47:09.983 INFO [restartedMain:c.a.n.c.c.i.CacheData] [fixed-localhost_8848] [add-listener] ok, tenant=, dataId=huangapi-rpc-nacos.tag-router, group=dubbo, cnt=1
2024-04-25 17:47:09.992 INFO [restartedMain:c.a.n.c.c.i.ClientWorker] [fixed-localhost_8848] [subscribe] com.anyan.apicommon.service.ApiBackendService::.configurators+dubbo
2024-04-25 17:47:09.992 INFO [restartedMain:c.a.n.c.c.i.CacheData] [fixed-localhost_8848] [add-listener] ok, tenant=, dataId=com.anyan.apicommon.service.ApiBackendService::.configurators, group=dubbo, cnt=1
2024-04-25 17:47:10.231 INFO [restartedMain:c.a.n.c.c.i.ClientWorker] [fixed-localhost_8848] [subscribe] com.anyan.apicommon.service.ApiBackendService+mapping
2024-04-25 17:47:10.232 INFO [restartedMain:c.a.n.c.c.i.CacheData] [fixed-localhost_8848] [add-listener] ok, tenant=, dataId=com.anyan.apicommon.service.ApiBackendService, group=mapping, cnt=1
2024-04-25 17:47:10.453 INFO [com.alibaba.nacos.client.Worker:c.a.n.c.c.i.CacheData] [fixed-localhost_8848] [notify-listener] time cost=0ms in ClientWorker, dataId=com.anyan.apicommon.service.ApiBackendService, group=mapping, md5=a0610ac4031cb2aa33d735698077db1e, listener=org.apache.dubbo.metadata.store.nacos.NacosMetadataReport$NacosConfigListener@30782b16 
2024-04-25 17:47:10.454 INFO [nacos.client.cachedata.internal.notifier:c.a.n.c.c.i.CacheData] [fixed-localhost_8848] [notify-context] dataId=com.anyan.apicommon.service.ApiBackendService, group=mapping, md5=a0610ac4031cb2aa33d735698077db1e
2024-04-25 17:47:10.599 INFO [nacos.client.cachedata.internal.notifier:c.a.n.c.c.i.CacheData] [fixed-localhost_8848] [notify-ok] dataId=com.anyan.apicommon.service.ApiBackendService, group=mapping, md5=a0610ac4031cb2aa33d735698077db1e, listener=org.apache.dubbo.metadata.store.nacos.NacosMetadataReport$NacosConfigListener@30782b16 ,cost=145 millis.
2024-04-25 17:47:10.692 INFO [restartedMain:c.a.n.c.c.i.ClientWorker] [fixed-localhost_8848] [subscribe] org.apache.dubbo.metadata.MetadataService:1.0.0:huangapi-order-nacos.configurators+dubbo
2024-04-25 17:47:10.692 INFO [restartedMain:c.a.n.c.c.i.CacheData] [fixed-localhost_8848] [add-listener] ok, tenant=, dataId=org.apache.dubbo.metadata.MetadataService:1.0.0:huangapi-order-nacos.configurators, group=dubbo, cnt=1
2024-04-25 17:49:02.431 INFO [restartedMain:c.a.n.c.u.ParamUtil] [settings] [req-serv] nacos-server port:8848
2024-04-25 17:49:02.432 INFO [restartedMain:c.a.n.c.u.ParamUtil] [settings] [http-client] connect timeout:1000
2024-04-25 17:49:02.433 INFO [restartedMain:c.a.n.c.u.ParamUtil] PER_TASK_CONFIG_SIZE: 3000.0
2024-04-25 17:49:02.453 INFO [restartedMain:c.a.n.c.a.r.i.CredentialWatcher] null No credential found
2024-04-25 17:49:02.459 INFO [restartedMain:c.a.n.c.c.i.LocalConfigInfoProcessor] LOCAL_SNAPSHOT_PATH:E:\projects\idea-projects\Huang-Api//api-order/orderDubboCache\nacos\config
2024-04-25 17:49:05.499 INFO [com.alibaba.nacos.client.remote.worker:c.a.n.c.c.i.ClientWorker] [ee1ac7b7-fc38-434c-bae8-0d6a0531ac7f_config-0] Connected,notify listen context...
2024-04-25 17:49:05.566 INFO [restartedMain:c.a.n.c.c.i.Limiter] limitTime:5.0
2024-04-25 17:49:21.566 INFO [restartedMain:c.a.n.c.c.i.CacheData] nacos.cache.data.init.snapshot = true 
2024-04-25 17:49:21.567 INFO [restartedMain:c.a.n.c.c.i.ClientWorker] [fixed-localhost_8848] [subscribe] huangapi-rpc-nacos.configurators+dubbo
2024-04-25 17:49:21.576 INFO [restartedMain:c.a.n.c.c.i.CacheData] [fixed-localhost_8848] [add-listener] ok, tenant=, dataId=huangapi-rpc-nacos.configurators, group=dubbo, cnt=1
2024-04-25 17:49:21.583 INFO [restartedMain:c.a.n.c.c.i.ClientWorker] [fixed-localhost_8848] [subscribe] com.anyan.apicommon.service.ApiOrderService::.configurators+dubbo
2024-04-25 17:49:21.583 INFO [restartedMain:c.a.n.c.c.i.CacheData] [fixed-localhost_8848] [add-listener] ok, tenant=, dataId=com.anyan.apicommon.service.ApiOrderService::.configurators, group=dubbo, cnt=1
2024-04-25 17:49:21.903 INFO [restartedMain:c.a.n.c.c.i.ClientWorker] [fixed-localhost_8848] [subscribe] huangapi-rpc-nacos.migration+DUBBO_SERVICEDISCOVERY_MIGRATION
2024-04-25 17:49:21.903 INFO [restartedMain:c.a.n.c.c.i.CacheData] [fixed-localhost_8848] [add-listener] ok, tenant=, dataId=huangapi-rpc-nacos.migration, group=DUBBO_SERVICEDISCOVERY_MIGRATION, cnt=1
2024-04-25 17:49:22.198 INFO [com.alibaba.nacos.client.remote.worker:c.a.n.c.c.i.ClientWorker] [dd15a389-2587-45df-ae84-a28d69103a4c_config-0] Connected,notify listen context...
2024-04-25 17:49:22.203 INFO [restartedMain:c.a.n.c.c.u.JvmUtil] isMultiInstance:false
2024-04-25 17:49:22.243 INFO [DubboSaveMetadataReport-thread-1:c.a.n.c.c.i.ClientWorker] [fixed-localhost_8848] [publish-single] ok, dataId=com.anyan.apicommon.service.ApiOrderService:::provider:huangapi-rpc-nacos, group=dubbo, tenant=, config={"annotations":[],"canonicalName":"com.anyan.apicommon.service.ApiOrderService","codeSource":"file:/...
2024-04-25 17:49:22.284 INFO [restartedMain:c.a.n.c.c.i.ClientWorker] [fixed-localhost_8848] [subscribe] com.anyan.apicommon.service.ApiBackendService::.condition-router+dubbo
2024-04-25 17:49:22.284 INFO [restartedMain:c.a.n.c.c.i.CacheData] [fixed-localhost_8848] [add-listener] ok, tenant=, dataId=com.anyan.apicommon.service.ApiBackendService::.condition-router, group=dubbo, cnt=1
2024-04-25 17:49:22.289 INFO [restartedMain:c.a.n.c.c.i.ClientWorker] [fixed-localhost_8848] [subscribe] huangapi-rpc-nacos.condition-router+dubbo
2024-04-25 17:49:22.289 INFO [restartedMain:c.a.n.c.c.i.CacheData] [fixed-localhost_8848] [add-listener] ok, tenant=, dataId=huangapi-rpc-nacos.condition-router, group=dubbo, cnt=1
2024-04-25 17:49:22.370 INFO [restartedMain:c.a.n.c.c.i.ClientWorker] [fixed-localhost_8848] [subscribe] huangapi-rpc-nacos.MESHAPPRULE+dubbo
2024-04-25 17:49:22.370 INFO [restartedMain:c.a.n.c.c.i.CacheData] [fixed-localhost_8848] [add-listener] ok, tenant=, dataId=huangapi-rpc-nacos.MESHAPPRULE, group=dubbo, cnt=1
2024-04-25 17:49:22.372 INFO [restartedMain:c.a.n.c.c.i.ClientWorker] [fixed-localhost_8848] [subscribe] huangapi-rpc-nacos.tag-router+dubbo
2024-04-25 17:49:22.372 INFO [restartedMain:c.a.n.c.c.i.CacheData] [fixed-localhost_8848] [add-listener] ok, tenant=, dataId=huangapi-rpc-nacos.tag-router, group=dubbo, cnt=1
2024-04-25 17:49:22.378 INFO [restartedMain:c.a.n.c.c.i.ClientWorker] [fixed-localhost_8848] [subscribe] com.anyan.apicommon.service.ApiBackendService::.configurators+dubbo
2024-04-25 17:49:22.378 INFO [restartedMain:c.a.n.c.c.i.CacheData] [fixed-localhost_8848] [add-listener] ok, tenant=, dataId=com.anyan.apicommon.service.ApiBackendService::.configurators, group=dubbo, cnt=1
2024-04-25 17:49:22.593 INFO [restartedMain:c.a.n.c.c.i.ClientWorker] [fixed-localhost_8848] [subscribe] com.anyan.apicommon.service.ApiBackendService+mapping
2024-04-25 17:49:22.594 INFO [restartedMain:c.a.n.c.c.i.CacheData] [fixed-localhost_8848] [add-listener] ok, tenant=, dataId=com.anyan.apicommon.service.ApiBackendService, group=mapping, cnt=1
2024-04-25 17:49:22.831 INFO [restartedMain:c.a.n.c.c.i.ClientWorker] [fixed-localhost_8848] [subscribe] org.apache.dubbo.metadata.MetadataService:1.0.0:huangapi-rpc-nacos.configurators+dubbo
2024-04-25 17:49:22.831 INFO [restartedMain:c.a.n.c.c.i.CacheData] [fixed-localhost_8848] [add-listener] ok, tenant=, dataId=org.apache.dubbo.metadata.MetadataService:1.0.0:huangapi-rpc-nacos.configurators, group=dubbo, cnt=1
2024-04-25 17:58:35.196 INFO [nacos-grpc-client-executor-localhost-117:c.a.n.c.c.i.ClientWorker] [dd15a389-2587-45df-ae84-a28d69103a4c_config-0] [server-push] config changed. dataId=com.anyan.apicommon.service.ApiBackendService, group=mapping,tenant=null
2024-04-25 17:58:35.208 INFO [com.alibaba.nacos.client.Worker:c.a.n.c.c.i.ClientWorker] [fixed-localhost_8848] [data-received] dataId=com.anyan.apicommon.service.ApiBackendService, group=mapping, tenant=, md5=880dfafdd7793f0142808713f0d582e6, content=huangapi-rpc-nacos,huangapi-backkend-nacos, type=text
2024-04-25 17:58:35.209 INFO [com.alibaba.nacos.client.Worker:c.a.n.c.c.i.CacheData] [fixed-localhost_8848] [notify-listener] time cost=0ms in ClientWorker, dataId=com.anyan.apicommon.service.ApiBackendService, group=mapping, md5=880dfafdd7793f0142808713f0d582e6, listener=org.apache.dubbo.metadata.store.nacos.NacosMetadataReport$NacosConfigListener@6152e54b 
2024-04-25 17:58:35.233 INFO [nacos.client.cachedata.internal.notifier:c.a.n.c.c.i.CacheData] [fixed-localhost_8848] [notify-context] dataId=com.anyan.apicommon.service.ApiBackendService, group=mapping, md5=880dfafdd7793f0142808713f0d582e6
2024-04-25 17:58:35.251 INFO [nacos.client.cachedata.internal.notifier:c.a.n.c.c.i.CacheData] [fixed-localhost_8848] [notify-ok] dataId=com.anyan.apicommon.service.ApiBackendService, group=mapping, md5=880dfafdd7793f0142808713f0d582e6, listener=org.apache.dubbo.metadata.store.nacos.NacosMetadataReport$NacosConfigListener@6152e54b ,cost=42 millis.
2024-04-25 17:58:35.667 INFO [Dubbo-framework-registry-notification-2-thread-1:c.a.n.c.c.i.ClientWorker] [fixed-localhost_8848] [subscribe] huangapi-backkend-nacos.MESHAPPRULE+dubbo
2024-04-25 17:58:35.667 INFO [Dubbo-framework-registry-notification-2-thread-1:c.a.n.c.c.i.CacheData] [fixed-localhost_8848] [add-listener] ok, tenant=, dataId=huangapi-backkend-nacos.MESHAPPRULE, group=dubbo, cnt=1
2024-04-25 17:58:35.668 INFO [Dubbo-framework-registry-notification-2-thread-1:c.a.n.c.c.i.ClientWorker] [fixed-localhost_8848] [subscribe] huangapi-backkend-nacos.tag-router+dubbo
2024-04-25 17:58:35.668 INFO [Dubbo-framework-registry-notification-2-thread-1:c.a.n.c.c.i.CacheData] [fixed-localhost_8848] [add-listener] ok, tenant=, dataId=huangapi-backkend-nacos.tag-router, group=dubbo, cnt=1
2024-04-25 18:01:04.904 INFO [restartedMain:c.a.n.c.u.ParamUtil] [settings] [req-serv] nacos-server port:8848
2024-04-25 18:01:04.905 INFO [restartedMain:c.a.n.c.u.ParamUtil] [settings] [http-client] connect timeout:1000
2024-04-25 18:01:04.906 INFO [restartedMain:c.a.n.c.u.ParamUtil] PER_TASK_CONFIG_SIZE: 3000.0
2024-04-25 18:01:04.927 INFO [restartedMain:c.a.n.c.a.r.i.CredentialWatcher] null No credential found
2024-04-25 18:01:04.933 INFO [restartedMain:c.a.n.c.c.i.LocalConfigInfoProcessor] LOCAL_SNAPSHOT_PATH:E:\projects\idea-projects\Huang-Api//api-order/orderDubboCache\nacos\config
2024-04-25 18:01:07.797 INFO [com.alibaba.nacos.client.remote.worker:c.a.n.c.c.i.ClientWorker] [65981ce8-9749-4fc0-be1a-ed15c76da0ef_config-0] Connected,notify listen context...
2024-04-25 18:01:07.833 INFO [restartedMain:c.a.n.c.c.i.Limiter] limitTime:5.0
2024-04-25 18:01:21.913 INFO [restartedMain:c.a.n.c.c.i.CacheData] nacos.cache.data.init.snapshot = true 
2024-04-25 18:01:21.914 INFO [restartedMain:c.a.n.c.c.i.ClientWorker] [fixed-localhost_8848] [subscribe] huangapi-order-nacos.configurators+dubbo
2024-04-25 18:01:21.925 INFO [restartedMain:c.a.n.c.c.i.CacheData] [fixed-localhost_8848] [add-listener] ok, tenant=, dataId=huangapi-order-nacos.configurators, group=dubbo, cnt=1
2024-04-25 18:01:21.933 INFO [restartedMain:c.a.n.c.c.i.ClientWorker] [fixed-localhost_8848] [subscribe] com.anyan.apicommon.service.ApiOrderService::.configurators+dubbo
2024-04-25 18:01:21.933 INFO [restartedMain:c.a.n.c.c.i.CacheData] [fixed-localhost_8848] [add-listener] ok, tenant=, dataId=com.anyan.apicommon.service.ApiOrderService::.configurators, group=dubbo, cnt=1
2024-04-25 18:01:22.236 INFO [restartedMain:c.a.n.c.c.i.ClientWorker] [fixed-localhost_8848] [subscribe] huangapi-order-nacos.migration+DUBBO_SERVICEDISCOVERY_MIGRATION
2024-04-25 18:01:22.236 INFO [restartedMain:c.a.n.c.c.i.CacheData] [fixed-localhost_8848] [add-listener] ok, tenant=, dataId=huangapi-order-nacos.migration, group=DUBBO_SERVICEDISCOVERY_MIGRATION, cnt=1
2024-04-25 18:01:22.528 INFO [com.alibaba.nacos.client.remote.worker:c.a.n.c.c.i.ClientWorker] [a893c238-2191-4472-ae79-2457748e74d7_config-0] Connected,notify listen context...
2024-04-25 18:01:22.534 INFO [restartedMain:c.a.n.c.c.u.JvmUtil] isMultiInstance:false
2024-04-25 18:01:22.551 INFO [DubboSaveMetadataReport-thread-1:c.a.n.c.c.i.ClientWorker] [fixed-localhost_8848] [publish-single] ok, dataId=com.anyan.apicommon.service.ApiOrderService:::provider:huangapi-order-nacos, group=dubbo, tenant=, config={"annotations":[],"canonicalName":"com.anyan.apicommon.service.ApiOrderService","codeSource":"file:/...
2024-04-25 18:01:22.621 INFO [restartedMain:c.a.n.c.c.i.ClientWorker] [fixed-localhost_8848] [subscribe] com.anyan.apicommon.service.ApiBackendService::.condition-router+dubbo
2024-04-25 18:01:22.621 INFO [restartedMain:c.a.n.c.c.i.CacheData] [fixed-localhost_8848] [add-listener] ok, tenant=, dataId=com.anyan.apicommon.service.ApiBackendService::.condition-router, group=dubbo, cnt=1
2024-04-25 18:01:22.626 INFO [restartedMain:c.a.n.c.c.i.ClientWorker] [fixed-localhost_8848] [subscribe] huangapi-order-nacos.condition-router+dubbo
2024-04-25 18:01:22.626 INFO [restartedMain:c.a.n.c.c.i.CacheData] [fixed-localhost_8848] [add-listener] ok, tenant=, dataId=huangapi-order-nacos.condition-router, group=dubbo, cnt=1
2024-04-25 18:01:22.707 INFO [restartedMain:c.a.n.c.c.i.ClientWorker] [fixed-localhost_8848] [subscribe] huangapi-backkend-nacos.MESHAPPRULE+dubbo
2024-04-25 18:01:22.707 INFO [restartedMain:c.a.n.c.c.i.CacheData] [fixed-localhost_8848] [add-listener] ok, tenant=, dataId=huangapi-backkend-nacos.MESHAPPRULE, group=dubbo, cnt=1
2024-04-25 18:01:22.708 INFO [restartedMain:c.a.n.c.c.i.ClientWorker] [fixed-localhost_8848] [subscribe] huangapi-backkend-nacos.tag-router+dubbo
2024-04-25 18:01:22.708 INFO [restartedMain:c.a.n.c.c.i.CacheData] [fixed-localhost_8848] [add-listener] ok, tenant=, dataId=huangapi-backkend-nacos.tag-router, group=dubbo, cnt=1
2024-04-25 18:01:22.714 INFO [restartedMain:c.a.n.c.c.i.ClientWorker] [fixed-localhost_8848] [subscribe] com.anyan.apicommon.service.ApiBackendService::.configurators+dubbo
2024-04-25 18:01:22.714 INFO [restartedMain:c.a.n.c.c.i.CacheData] [fixed-localhost_8848] [add-listener] ok, tenant=, dataId=com.anyan.apicommon.service.ApiBackendService::.configurators, group=dubbo, cnt=1
2024-04-25 18:01:22.940 INFO [Dubbo-framework-mapping-refreshing-scheduler-thread-1:c.a.n.c.c.i.ClientWorker] [fixed-localhost_8848] [subscribe] com.anyan.apicommon.service.ApiBackendService+mapping
2024-04-25 18:01:22.940 INFO [Dubbo-framework-mapping-refreshing-scheduler-thread-1:c.a.n.c.c.i.CacheData] [fixed-localhost_8848] [add-listener] ok, tenant=, dataId=com.anyan.apicommon.service.ApiBackendService, group=mapping, cnt=1
2024-04-25 18:01:23.024 INFO [restartedMain:c.a.n.c.c.i.ClientWorker] [fixed-localhost_8848] [subscribe] org.apache.dubbo.metadata.MetadataService:1.0.0:huangapi-order-nacos.configurators+dubbo
2024-04-25 18:01:23.024 INFO [restartedMain:c.a.n.c.c.i.CacheData] [fixed-localhost_8848] [add-listener] ok, tenant=, dataId=org.apache.dubbo.metadata.MetadataService:1.0.0:huangapi-order-nacos.configurators, group=dubbo, cnt=1
2024-04-25 18:11:14.613 INFO [Thread-2:c.a.n.c.a.r.i.CredentialWatcher] [null] CredentialWatcher is stopped
2024-04-25 18:11:14.613 INFO [Thread-2:c.a.n.c.a.r.i.CredentialService] [null] CredentialService is freed
2024-04-25 18:11:15.879 INFO [com.alibaba.nacos.client.Worker:c.a.n.c.a.r.i.CredentialWatcher] null No credential found
2024-04-25 18:11:26.688 INFO [Thread-2:c.a.n.c.c.i.ClientWorker] com.alibaba.nacos.client.config.impl.ClientWorker do shutdown begin
2024-04-25 18:11:26.688 INFO [Thread-2:c.a.n.c.a.r.i.CredentialWatcher] [null] CredentialWatcher is stopped
2024-04-25 18:11:26.688 INFO [Thread-2:c.a.n.c.a.r.i.CredentialService] [null] CredentialService is freed
2024-04-25 18:11:26.689 INFO [Thread-2:c.a.n.c.c.i.ClientWorker] Trying to shutdown transport client com.alibaba.nacos.client.config.impl.ClientWorker$ConfigRpcTransportClient@2924b32
2024-04-25 18:11:26.689 INFO [Thread-2:c.a.n.c.c.i.ClientWorker] Trying to shutdown rpc client 65981ce8-9749-4fc0-be1a-ed15c76da0ef_config-0
2024-04-25 18:11:26.689 INFO [Thread-2:c.a.n.c.c.i.ClientWorker] Remove rpc client 65981ce8-9749-4fc0-be1a-ed15c76da0ef_config-0
2024-04-25 18:11:26.689 INFO [Thread-2:c.a.n.c.c.i.ClientWorker] Shutdown executor java.util.concurrent.ScheduledThreadPoolExecutor@43635263[Running, pool size = 16, active threads = 1, queued tasks = 1, completed tasks = 125]
2024-04-25 18:11:26.689 INFO [Thread-2:c.a.n.c.c.i.ClientWorker] com.alibaba.nacos.client.config.impl.ClientWorker do shutdown stop
2024-04-25 18:11:28.328 INFO [com.alibaba.nacos.client.naming.security:c.a.n.c.a.r.i.CredentialWatcher] null No credential found
2024-04-25 18:11:31.635 INFO [com.alibaba.nacos.client.remote.worker:c.a.n.c.c.i.ClientWorker] [59a7f804-b1ce-4c44-a3e7-9947f3a6394d_config-0] Connected,notify listen context...
2024-04-25 18:11:42.157 INFO [restartedMain:c.a.n.c.c.i.ClientWorker] [fixed-localhost_8848] [subscribe] huangapi-order-nacos.configurators+dubbo
2024-04-25 18:11:42.158 INFO [restartedMain:c.a.n.c.c.i.CacheData] [fixed-localhost_8848] [add-listener] ok, tenant=, dataId=huangapi-order-nacos.configurators, group=dubbo, cnt=1
2024-04-25 18:11:42.163 INFO [restartedMain:c.a.n.c.c.i.ClientWorker] [fixed-localhost_8848] [subscribe] com.anyan.apicommon.service.ApiOrderService::.configurators+dubbo
2024-04-25 18:11:42.163 INFO [restartedMain:c.a.n.c.c.i.CacheData] [fixed-localhost_8848] [add-listener] ok, tenant=, dataId=com.anyan.apicommon.service.ApiOrderService::.configurators, group=dubbo, cnt=1
2024-04-25 18:11:42.363 INFO [restartedMain:c.a.n.c.c.i.ClientWorker] [fixed-localhost_8848] [subscribe] org.apache.dubbo.metadata.MetadataService:1.0.0:huangapi-order-nacos.configurators+dubbo
2024-04-25 18:11:42.363 INFO [restartedMain:c.a.n.c.c.i.CacheData] [fixed-localhost_8848] [add-listener] ok, tenant=, dataId=org.apache.dubbo.metadata.MetadataService:1.0.0:huangapi-order-nacos.configurators, group=dubbo, cnt=1
2024-04-25 18:11:43.087 INFO [restartedMain:c.a.n.c.c.i.ClientWorker] com.alibaba.nacos.client.config.impl.ClientWorker do shutdown begin
2024-04-25 18:11:43.087 INFO [restartedMain:c.a.n.c.a.r.i.CredentialWatcher] [null] CredentialWatcher is stopped
2024-04-25 18:11:43.087 INFO [restartedMain:c.a.n.c.a.r.i.CredentialService] [null] CredentialService is freed
2024-04-25 18:11:43.088 INFO [restartedMain:c.a.n.c.c.i.ClientWorker] Trying to shutdown transport client com.alibaba.nacos.client.config.impl.ClientWorker$ConfigRpcTransportClient@314bbd96
2024-04-25 18:11:43.088 INFO [restartedMain:c.a.n.c.c.i.ClientWorker] Trying to shutdown rpc client 59a7f804-b1ce-4c44-a3e7-9947f3a6394d_config-0
2024-04-25 18:11:43.088 INFO [restartedMain:c.a.n.c.c.i.ClientWorker] Remove rpc client 59a7f804-b1ce-4c44-a3e7-9947f3a6394d_config-0
2024-04-25 18:11:43.088 INFO [restartedMain:c.a.n.c.c.i.ClientWorker] Shutdown executor java.util.concurrent.ScheduledThreadPoolExecutor@13d4da5f[Running, pool size = 5, active threads = 1, queued tasks = 1, completed tasks = 3]
2024-04-25 18:11:43.088 INFO [restartedMain:c.a.n.c.c.i.ClientWorker] com.alibaba.nacos.client.config.impl.ClientWorker do shutdown stop
2024-04-25 18:11:43.351 INFO [com.alibaba.nacos.client.naming.security:c.a.n.c.a.r.i.CredentialWatcher] null No credential found
2024-04-25 18:11:44.424 INFO [restartedMain:c.a.n.c.a.r.i.CredentialWatcher] [null] CredentialWatcher is stopped
2024-04-25 18:11:44.424 INFO [restartedMain:c.a.n.c.a.r.i.CredentialService] [null] CredentialService is freed
2024-04-25 18:11:46.698 INFO [com.alibaba.nacos.client.Worker:c.a.n.c.a.r.i.CredentialWatcher] null No credential found
2024-04-25 18:55:01.521 INFO [restartedMain:c.a.n.c.u.ParamUtil] [settings] [req-serv] nacos-server port:8848
2024-04-25 18:55:01.523 INFO [restartedMain:c.a.n.c.u.ParamUtil] [settings] [http-client] connect timeout:1000
2024-04-25 18:55:01.523 INFO [restartedMain:c.a.n.c.u.ParamUtil] PER_TASK_CONFIG_SIZE: 3000.0
2024-04-25 18:55:01.550 INFO [restartedMain:c.a.n.c.a.r.i.CredentialWatcher] null No credential found
2024-04-25 18:55:01.550 INFO [restartedMain:c.a.n.c.c.i.LocalConfigInfoProcessor] LOCAL_SNAPSHOT_PATH:E:\projects\idea-projects\Huang-Api//api-order/orderDubboCache\nacos\config
2024-04-25 18:55:04.292 INFO [com.alibaba.nacos.client.remote.worker:c.a.n.c.c.i.ClientWorker] [84bb98b8-141a-40f5-850e-ec0dbb7ec677_config-0] Connected,notify listen context...
2024-04-25 18:55:04.339 INFO [restartedMain:c.a.n.c.c.i.Limiter] limitTime:5.0
2024-04-25 18:55:18.019 INFO [restartedMain:c.a.n.c.c.i.CacheData] nacos.cache.data.init.snapshot = true 
2024-04-25 18:55:18.019 INFO [restartedMain:c.a.n.c.c.i.ClientWorker] [fixed-localhost_8848] [subscribe] huangapi-order-nacos.configurators+dubbo
2024-04-25 18:55:18.034 INFO [restartedMain:c.a.n.c.c.i.CacheData] [fixed-localhost_8848] [add-listener] ok, tenant=, dataId=huangapi-order-nacos.configurators, group=dubbo, cnt=1
2024-04-25 18:55:18.034 INFO [restartedMain:c.a.n.c.c.i.ClientWorker] [fixed-localhost_8848] [subscribe] com.anyan.apicommon.service.ApiOrderService::.configurators+dubbo
2024-04-25 18:55:18.034 INFO [restartedMain:c.a.n.c.c.i.CacheData] [fixed-localhost_8848] [add-listener] ok, tenant=, dataId=com.anyan.apicommon.service.ApiOrderService::.configurators, group=dubbo, cnt=1
2024-04-25 18:55:18.326 INFO [restartedMain:c.a.n.c.c.i.ClientWorker] [fixed-localhost_8848] [subscribe] huangapi-order-nacos.migration+DUBBO_SERVICEDISCOVERY_MIGRATION
2024-04-25 18:55:18.326 INFO [restartedMain:c.a.n.c.c.i.CacheData] [fixed-localhost_8848] [add-listener] ok, tenant=, dataId=huangapi-order-nacos.migration, group=DUBBO_SERVICEDISCOVERY_MIGRATION, cnt=1
2024-04-25 18:55:18.619 INFO [com.alibaba.nacos.client.remote.worker:c.a.n.c.c.i.ClientWorker] [78c58896-2c8c-4344-a493-8ae0a70adda8_config-0] Connected,notify listen context...
2024-04-25 18:55:18.619 INFO [restartedMain:c.a.n.c.c.u.JvmUtil] isMultiInstance:false
2024-04-25 18:55:18.619 INFO [DubboSaveMetadataReport-thread-1:c.a.n.c.c.i.ClientWorker] [fixed-localhost_8848] [publish-single] ok, dataId=com.anyan.apicommon.service.ApiOrderService:::provider:huangapi-order-nacos, group=dubbo, tenant=, config={"annotations":[],"canonicalName":"com.anyan.apicommon.service.ApiOrderService","codeSource":"file:/...
2024-04-25 18:55:18.683 INFO [restartedMain:c.a.n.c.c.i.ClientWorker] [fixed-localhost_8848] [subscribe] com.anyan.apicommon.service.ApiBackendService::.condition-router+dubbo
2024-04-25 18:55:18.699 INFO [restartedMain:c.a.n.c.c.i.CacheData] [fixed-localhost_8848] [add-listener] ok, tenant=, dataId=com.anyan.apicommon.service.ApiBackendService::.condition-router, group=dubbo, cnt=1
2024-04-25 18:55:18.699 INFO [restartedMain:c.a.n.c.c.i.ClientWorker] [fixed-localhost_8848] [subscribe] huangapi-order-nacos.condition-router+dubbo
2024-04-25 18:55:18.699 INFO [restartedMain:c.a.n.c.c.i.CacheData] [fixed-localhost_8848] [add-listener] ok, tenant=, dataId=huangapi-order-nacos.condition-router, group=dubbo, cnt=1
2024-04-25 18:55:18.762 INFO [restartedMain:c.a.n.c.c.i.ClientWorker] [fixed-localhost_8848] [subscribe] huangapi-backkend-nacos.MESHAPPRULE+dubbo
2024-04-25 18:55:18.762 INFO [restartedMain:c.a.n.c.c.i.CacheData] [fixed-localhost_8848] [add-listener] ok, tenant=, dataId=huangapi-backkend-nacos.MESHAPPRULE, group=dubbo, cnt=1
2024-04-25 18:55:18.762 INFO [restartedMain:c.a.n.c.c.i.ClientWorker] [fixed-localhost_8848] [subscribe] huangapi-backkend-nacos.tag-router+dubbo
2024-04-25 18:55:18.762 INFO [restartedMain:c.a.n.c.c.i.CacheData] [fixed-localhost_8848] [add-listener] ok, tenant=, dataId=huangapi-backkend-nacos.tag-router, group=dubbo, cnt=1
2024-04-25 18:55:18.778 INFO [restartedMain:c.a.n.c.c.i.ClientWorker] [fixed-localhost_8848] [subscribe] com.anyan.apicommon.service.ApiBackendService::.configurators+dubbo
2024-04-25 18:55:18.778 INFO [restartedMain:c.a.n.c.c.i.CacheData] [fixed-localhost_8848] [add-listener] ok, tenant=, dataId=com.anyan.apicommon.service.ApiBackendService::.configurators, group=dubbo, cnt=1
2024-04-25 18:55:18.986 INFO [Dubbo-framework-mapping-refreshing-scheduler-thread-1:c.a.n.c.c.i.ClientWorker] [fixed-localhost_8848] [subscribe] com.anyan.apicommon.service.ApiBackendService+mapping
2024-04-25 18:55:18.986 INFO [Dubbo-framework-mapping-refreshing-scheduler-thread-1:c.a.n.c.c.i.CacheData] [fixed-localhost_8848] [add-listener] ok, tenant=, dataId=com.anyan.apicommon.service.ApiBackendService, group=mapping, cnt=1
2024-04-25 18:55:19.067 INFO [restartedMain:c.a.n.c.c.i.ClientWorker] [fixed-localhost_8848] [subscribe] org.apache.dubbo.metadata.MetadataService:1.0.0:huangapi-order-nacos.configurators+dubbo
2024-04-25 18:55:19.067 INFO [restartedMain:c.a.n.c.c.i.CacheData] [fixed-localhost_8848] [add-listener] ok, tenant=, dataId=org.apache.dubbo.metadata.MetadataService:1.0.0:huangapi-order-nacos.configurators, group=dubbo, cnt=1
2024-04-25 19:12:13.331 INFO [DubboShutdownHook:c.a.n.c.a.r.i.CredentialWatcher] [null] CredentialWatcher is stopped
2024-04-25 19:12:13.331 INFO [DubboShutdownHook:c.a.n.c.a.r.i.CredentialService] [null] CredentialService is freed
