2024-04-25 17:45:56.090 INFO [restartedMain:c.a.n.c.r.client] [RpcClientFactory] create a new rpc client of 392263ee-c95d-46d4-9f64-565f28dc01fc_config-0
2024-04-25 17:45:56.175 INFO [restartedMain:c.a.n.c.r.client] [392263ee-c95d-46d4-9f64-565f28dc01fc_config-0] RpcClient init label, labels = {module=config, Vipserver-Tag=null, source=sdk, Amory-Tag=null, Location-Tag=null, taskId=0, AppName=unknown}
2024-04-25 17:45:56.176 INFO [restartedMain:c.a.n.c.r.client] [392263ee-c95d-46d4-9f64-565f28dc01fc_config-0] Register server push request handler:com.alibaba.nacos.client.config.impl.ClientWorker$ConfigRpcTransportClient$$Lambda$719/740841954
2024-04-25 17:45:56.177 INFO [restartedMain:c.a.n.c.r.client] [392263ee-c95d-46d4-9f64-565f28dc01fc_config-0] Register server push request handler:com.alibaba.nacos.client.config.impl.ClientWorker$ConfigRpcTransportClient$$Lambda$720/901271679
2024-04-25 17:45:56.214 INFO [restartedMain:c.a.n.c.r.client] [392263ee-c95d-46d4-9f64-565f28dc01fc_config-0] Registry connection listener to current client:com.alibaba.nacos.client.config.impl.ClientWorker$ConfigRpcTransportClient$1
2024-04-25 17:45:56.215 INFO [restartedMain:c.a.n.c.r.client] [392263ee-c95d-46d4-9f64-565f28dc01fc_config-0] RpcClient init, ServerListFactory = com.alibaba.nacos.client.config.impl.ClientWorker$ConfigRpcTransportClient$2
2024-04-25 17:45:56.233 INFO [restartedMain:c.a.n.c.r.client] [392263ee-c95d-46d4-9f64-565f28dc01fc_config-0] Try to connect to server on start up, server: {serverIp = 'localhost', server main port = 8848}
2024-04-25 17:45:58.943 INFO [restartedMain:c.a.n.c.r.client] [392263ee-c95d-46d4-9f64-565f28dc01fc_config-0] Success to connect to server [localhost:8848] on start up, connectionId = 1714038358721_127.0.0.1_54750
2024-04-25 17:45:58.944 INFO [com.alibaba.nacos.client.remote.worker:c.a.n.c.r.client] [392263ee-c95d-46d4-9f64-565f28dc01fc_config-0] Notify connected event to listeners.
2024-04-25 17:45:58.945 INFO [restartedMain:c.a.n.c.r.client] [392263ee-c95d-46d4-9f64-565f28dc01fc_config-0] Register server push request handler:com.alibaba.nacos.common.remote.client.RpcClient$ConnectResetRequestHandler
2024-04-25 17:45:58.946 INFO [restartedMain:c.a.n.c.r.client] [392263ee-c95d-46d4-9f64-565f28dc01fc_config-0] Register server push request handler:com.alibaba.nacos.common.remote.client.RpcClient$$Lambda$729/2175357
2024-04-25 17:46:10.169 INFO [restartedMain:c.a.n.c.r.client] [RpcClientFactory] create a new rpc client of 1aefaec7-6c99-4a02-8156-4dabb25d4dc8
2024-04-25 17:46:10.169 INFO [restartedMain:c.a.n.c.r.client] [1aefaec7-6c99-4a02-8156-4dabb25d4dc8] RpcClient init label, labels = {module=naming, source=sdk}
2024-04-25 17:46:10.172 INFO [restartedMain:c.a.n.c.r.client] [1aefaec7-6c99-4a02-8156-4dabb25d4dc8] RpcClient init, ServerListFactory = com.alibaba.nacos.client.naming.core.ServerListManager
2024-04-25 17:46:10.172 INFO [restartedMain:c.a.n.c.r.client] [1aefaec7-6c99-4a02-8156-4dabb25d4dc8] Registry connection listener to current client:com.alibaba.nacos.client.naming.remote.gprc.redo.NamingGrpcRedoService
2024-04-25 17:46:10.172 INFO [restartedMain:c.a.n.c.r.client] [1aefaec7-6c99-4a02-8156-4dabb25d4dc8] Register server push request handler:com.alibaba.nacos.client.naming.remote.gprc.NamingPushRequestHandler
2024-04-25 17:46:10.173 INFO [restartedMain:c.a.n.c.r.client] [1aefaec7-6c99-4a02-8156-4dabb25d4dc8] Try to connect to server on start up, server: {serverIp = '127.0.0.1', server main port = 8848}
2024-04-25 17:46:10.292 INFO [restartedMain:c.a.n.c.r.client] [1aefaec7-6c99-4a02-8156-4dabb25d4dc8] Success to connect to server [127.0.0.1:8848] on start up, connectionId = 1714038370179_127.0.0.1_54768
2024-04-25 17:46:10.292 INFO [restartedMain:c.a.n.c.r.client] [1aefaec7-6c99-4a02-8156-4dabb25d4dc8] Register server push request handler:com.alibaba.nacos.common.remote.client.RpcClient$ConnectResetRequestHandler
2024-04-25 17:46:10.292 INFO [restartedMain:c.a.n.c.r.client] [1aefaec7-6c99-4a02-8156-4dabb25d4dc8] Register server push request handler:com.alibaba.nacos.common.remote.client.RpcClient$$Lambda$729/2175357
2024-04-25 17:46:10.292 INFO [com.alibaba.nacos.client.remote.worker:c.a.n.c.r.client] [1aefaec7-6c99-4a02-8156-4dabb25d4dc8] Notify connected event to listeners.
2024-04-25 17:46:14.633 INFO [restartedMain:c.a.n.c.r.client] [RpcClientFactory] create a new rpc client of 2c7a4e2e-d9ab-443f-9014-e61a46ce374c
2024-04-25 17:46:14.635 INFO [restartedMain:c.a.n.c.r.client] [2c7a4e2e-d9ab-443f-9014-e61a46ce374c] RpcClient init label, labels = {module=naming, source=sdk}
2024-04-25 17:46:14.635 INFO [restartedMain:c.a.n.c.r.client] [2c7a4e2e-d9ab-443f-9014-e61a46ce374c] RpcClient init, ServerListFactory = com.alibaba.nacos.client.naming.core.ServerListManager
2024-04-25 17:46:14.635 INFO [restartedMain:c.a.n.c.r.client] [2c7a4e2e-d9ab-443f-9014-e61a46ce374c] Registry connection listener to current client:com.alibaba.nacos.client.naming.remote.gprc.redo.NamingGrpcRedoService
2024-04-25 17:46:14.635 INFO [restartedMain:c.a.n.c.r.client] [2c7a4e2e-d9ab-443f-9014-e61a46ce374c] Register server push request handler:com.alibaba.nacos.client.naming.remote.gprc.NamingPushRequestHandler
2024-04-25 17:46:14.636 INFO [restartedMain:c.a.n.c.r.client] [2c7a4e2e-d9ab-443f-9014-e61a46ce374c] Try to connect to server on start up, server: {serverIp = 'localhost', server main port = 8848}
2024-04-25 17:46:14.757 INFO [restartedMain:c.a.n.c.r.client] [2c7a4e2e-d9ab-443f-9014-e61a46ce374c] Success to connect to server [localhost:8848] on start up, connectionId = 1714038374641_127.0.0.1_54910
2024-04-25 17:46:14.757 INFO [restartedMain:c.a.n.c.r.client] [2c7a4e2e-d9ab-443f-9014-e61a46ce374c] Register server push request handler:com.alibaba.nacos.common.remote.client.RpcClient$ConnectResetRequestHandler
2024-04-25 17:46:14.757 INFO [com.alibaba.nacos.client.remote.worker:c.a.n.c.r.client] [2c7a4e2e-d9ab-443f-9014-e61a46ce374c] Notify connected event to listeners.
2024-04-25 17:46:14.758 INFO [restartedMain:c.a.n.c.r.client] [2c7a4e2e-d9ab-443f-9014-e61a46ce374c] Register server push request handler:com.alibaba.nacos.common.remote.client.RpcClient$$Lambda$729/2175357
2024-04-25 17:46:14.801 INFO [restartedMain:c.a.n.c.r.client] [RpcClientFactory] create a new rpc client of 4dcf65c8-3899-4a1c-966f-529e25918503
2024-04-25 17:46:14.801 INFO [restartedMain:c.a.n.c.r.client] [4dcf65c8-3899-4a1c-966f-529e25918503] RpcClient init label, labels = {module=naming, source=sdk}
2024-04-25 17:46:14.802 INFO [restartedMain:c.a.n.c.r.client] [4dcf65c8-3899-4a1c-966f-529e25918503] RpcClient init, ServerListFactory = com.alibaba.nacos.client.naming.core.ServerListManager
2024-04-25 17:46:14.802 INFO [restartedMain:c.a.n.c.r.client] [4dcf65c8-3899-4a1c-966f-529e25918503] Registry connection listener to current client:com.alibaba.nacos.client.naming.remote.gprc.redo.NamingGrpcRedoService
2024-04-25 17:46:14.802 INFO [restartedMain:c.a.n.c.r.client] [4dcf65c8-3899-4a1c-966f-529e25918503] Register server push request handler:com.alibaba.nacos.client.naming.remote.gprc.NamingPushRequestHandler
2024-04-25 17:46:14.802 INFO [restartedMain:c.a.n.c.r.client] [4dcf65c8-3899-4a1c-966f-529e25918503] Try to connect to server on start up, server: {serverIp = 'localhost', server main port = 8848}
2024-04-25 17:46:14.923 INFO [restartedMain:c.a.n.c.r.client] [4dcf65c8-3899-4a1c-966f-529e25918503] Success to connect to server [localhost:8848] on start up, connectionId = 1714038374810_127.0.0.1_54911
2024-04-25 17:46:14.923 INFO [restartedMain:c.a.n.c.r.client] [4dcf65c8-3899-4a1c-966f-529e25918503] Register server push request handler:com.alibaba.nacos.common.remote.client.RpcClient$ConnectResetRequestHandler
2024-04-25 17:46:14.923 INFO [restartedMain:c.a.n.c.r.client] [4dcf65c8-3899-4a1c-966f-529e25918503] Register server push request handler:com.alibaba.nacos.common.remote.client.RpcClient$$Lambda$729/2175357
2024-04-25 17:46:14.923 INFO [com.alibaba.nacos.client.remote.worker:c.a.n.c.r.client] [4dcf65c8-3899-4a1c-966f-529e25918503] Notify connected event to listeners.
2024-04-25 17:46:15.500 INFO [nacos-grpc-client-executor-localhost-4:c.a.n.c.r.client] [4dcf65c8-3899-4a1c-966f-529e25918503] Receive server push request, request = NotifySubscriberRequest, requestId = 152
2024-04-25 17:46:15.501 INFO [nacos-grpc-client-executor-localhost-4:c.a.n.c.r.client] [4dcf65c8-3899-4a1c-966f-529e25918503] Ack server push request, request = NotifySubscriberRequest, requestId = 152
2024-04-25 17:46:16.264 INFO [restartedMain:c.a.n.c.r.client] Shutdown rpc client, set status to shutdown
2024-04-25 17:46:16.264 INFO [restartedMain:c.a.n.c.r.client] Shutdown client event executor java.util.concurrent.ScheduledThreadPoolExecutor@58fae99f[Running, pool size = 2, active threads = 2, queued tasks = 0, completed tasks = 0]
2024-04-25 17:46:16.265 INFO [restartedMain:c.a.n.c.r.client] Close current connection 1714038374641_127.0.0.1_54910
2024-04-25 17:46:16.267 INFO [nacos-grpc-client-executor-localhost-4:c.a.n.c.r.c.g.GrpcClient] [1714038374641_127.0.0.1_54910]Ignore complete event,isRunning:false,isAbandon=false
2024-04-25 17:46:16.272 INFO [restartedMain:c.a.n.c.r.c.g.GrpcClient] Shutdown grpc executor java.util.concurrent.ThreadPoolExecutor@77fec12a[Running, pool size = 5, active threads = 0, queued tasks = 0, completed tasks = 5]
2024-04-25 17:46:18.355 INFO [restartedMain:c.a.n.c.r.client] Shutdown rpc client, set status to shutdown
2024-04-25 17:46:18.355 INFO [restartedMain:c.a.n.c.r.client] Shutdown client event executor java.util.concurrent.ScheduledThreadPoolExecutor@2c914912[Running, pool size = 2, active threads = 2, queued tasks = 0, completed tasks = 0]
2024-04-25 17:46:18.355 INFO [restartedMain:c.a.n.c.r.client] Close current connection 1714038358721_127.0.0.1_54750
2024-04-25 17:46:18.356 INFO [restartedMain:c.a.n.c.r.c.g.GrpcClient] Shutdown grpc executor java.util.concurrent.ThreadPoolExecutor@22d8bc2c[Running, pool size = 19, active threads = 0, queued tasks = 0, completed tasks = 27]
2024-04-25 17:46:19.552 INFO [restartedMain:c.a.n.c.r.client] Shutdown rpc client, set status to shutdown
2024-04-25 17:46:19.552 INFO [restartedMain:c.a.n.c.r.client] Shutdown client event executor java.util.concurrent.ScheduledThreadPoolExecutor@7ed095ac[Running, pool size = 2, active threads = 2, queued tasks = 0, completed tasks = 0]
2024-04-25 17:46:19.552 INFO [restartedMain:c.a.n.c.r.client] Close current connection 1714038370179_127.0.0.1_54768
2024-04-25 17:46:19.553 INFO [restartedMain:c.a.n.c.r.c.g.GrpcClient] Shutdown grpc executor java.util.concurrent.ThreadPoolExecutor@5d54239[Running, pool size = 5, active threads = 0, queued tasks = 0, completed tasks = 5]
2024-04-25 17:46:47.421 INFO [restartedMain:c.a.n.c.r.client] [RpcClientFactory] create a new rpc client of 5976fb23-902d-4652-8bb9-0d7556e2912c_config-0
2024-04-25 17:46:47.507 INFO [restartedMain:c.a.n.c.r.client] [5976fb23-902d-4652-8bb9-0d7556e2912c_config-0] RpcClient init label, labels = {module=config, Vipserver-Tag=null, source=sdk, Amory-Tag=null, Location-Tag=null, taskId=0, AppName=unknown}
2024-04-25 17:46:47.507 INFO [restartedMain:c.a.n.c.r.client] [5976fb23-902d-4652-8bb9-0d7556e2912c_config-0] Register server push request handler:com.alibaba.nacos.client.config.impl.ClientWorker$ConfigRpcTransportClient$$Lambda$719/618868364
2024-04-25 17:46:47.507 INFO [restartedMain:c.a.n.c.r.client] [5976fb23-902d-4652-8bb9-0d7556e2912c_config-0] Register server push request handler:com.alibaba.nacos.client.config.impl.ClientWorker$ConfigRpcTransportClient$$Lambda$720/492314816
2024-04-25 17:46:47.509 INFO [restartedMain:c.a.n.c.r.client] [5976fb23-902d-4652-8bb9-0d7556e2912c_config-0] Registry connection listener to current client:com.alibaba.nacos.client.config.impl.ClientWorker$ConfigRpcTransportClient$1
2024-04-25 17:46:47.509 INFO [restartedMain:c.a.n.c.r.client] [5976fb23-902d-4652-8bb9-0d7556e2912c_config-0] RpcClient init, ServerListFactory = com.alibaba.nacos.client.config.impl.ClientWorker$ConfigRpcTransportClient$2
2024-04-25 17:46:47.520 INFO [restartedMain:c.a.n.c.r.client] [5976fb23-902d-4652-8bb9-0d7556e2912c_config-0] Try to connect to server on start up, server: {serverIp = 'localhost', server main port = 8848}
2024-04-25 17:46:51.130 INFO [restartedMain:c.a.n.c.r.client] [5976fb23-902d-4652-8bb9-0d7556e2912c_config-0] Success to connect to server [localhost:8848] on start up, connectionId = 1714038410844_127.0.0.1_54996
2024-04-25 17:46:51.132 INFO [com.alibaba.nacos.client.remote.worker:c.a.n.c.r.client] [5976fb23-902d-4652-8bb9-0d7556e2912c_config-0] Notify connected event to listeners.
2024-04-25 17:46:51.135 INFO [restartedMain:c.a.n.c.r.client] [5976fb23-902d-4652-8bb9-0d7556e2912c_config-0] Register server push request handler:com.alibaba.nacos.common.remote.client.RpcClient$ConnectResetRequestHandler
2024-04-25 17:46:51.136 INFO [restartedMain:c.a.n.c.r.client] [5976fb23-902d-4652-8bb9-0d7556e2912c_config-0] Register server push request handler:com.alibaba.nacos.common.remote.client.RpcClient$$Lambda$729/1452907549
2024-04-25 17:47:03.799 INFO [restartedMain:c.a.n.c.r.client] [RpcClientFactory] create a new rpc client of 14f2ddf9-2943-4841-9588-29bb1fb1386e
2024-04-25 17:47:03.800 INFO [restartedMain:c.a.n.c.r.client] [14f2ddf9-2943-4841-9588-29bb1fb1386e] RpcClient init label, labels = {module=naming, source=sdk}
2024-04-25 17:47:03.802 INFO [restartedMain:c.a.n.c.r.client] [14f2ddf9-2943-4841-9588-29bb1fb1386e] RpcClient init, ServerListFactory = com.alibaba.nacos.client.naming.core.ServerListManager
2024-04-25 17:47:03.802 INFO [restartedMain:c.a.n.c.r.client] [14f2ddf9-2943-4841-9588-29bb1fb1386e] Registry connection listener to current client:com.alibaba.nacos.client.naming.remote.gprc.redo.NamingGrpcRedoService
2024-04-25 17:47:03.802 INFO [restartedMain:c.a.n.c.r.client] [14f2ddf9-2943-4841-9588-29bb1fb1386e] Register server push request handler:com.alibaba.nacos.client.naming.remote.gprc.NamingPushRequestHandler
2024-04-25 17:47:03.803 INFO [restartedMain:c.a.n.c.r.client] [14f2ddf9-2943-4841-9588-29bb1fb1386e] Try to connect to server on start up, server: {serverIp = '127.0.0.1', server main port = 8848}
2024-04-25 17:47:03.927 INFO [restartedMain:c.a.n.c.r.client] [14f2ddf9-2943-4841-9588-29bb1fb1386e] Success to connect to server [127.0.0.1:8848] on start up, connectionId = 1714038423807_127.0.0.1_55009
2024-04-25 17:47:03.927 INFO [restartedMain:c.a.n.c.r.client] [14f2ddf9-2943-4841-9588-29bb1fb1386e] Register server push request handler:com.alibaba.nacos.common.remote.client.RpcClient$ConnectResetRequestHandler
2024-04-25 17:47:03.927 INFO [restartedMain:c.a.n.c.r.client] [14f2ddf9-2943-4841-9588-29bb1fb1386e] Register server push request handler:com.alibaba.nacos.common.remote.client.RpcClient$$Lambda$729/1452907549
2024-04-25 17:47:03.927 INFO [com.alibaba.nacos.client.remote.worker:c.a.n.c.r.client] [14f2ddf9-2943-4841-9588-29bb1fb1386e] Notify connected event to listeners.
2024-04-25 17:47:08.992 INFO [restartedMain:c.a.n.c.r.client] [RpcClientFactory] create a new rpc client of 3c148794-cfe5-43c8-88c6-1884c9aeb5bf
2024-04-25 17:47:08.993 INFO [restartedMain:c.a.n.c.r.client] [3c148794-cfe5-43c8-88c6-1884c9aeb5bf] RpcClient init label, labels = {module=naming, source=sdk}
2024-04-25 17:47:08.993 INFO [restartedMain:c.a.n.c.r.client] [3c148794-cfe5-43c8-88c6-1884c9aeb5bf] RpcClient init, ServerListFactory = com.alibaba.nacos.client.naming.core.ServerListManager
2024-04-25 17:47:08.993 INFO [restartedMain:c.a.n.c.r.client] [3c148794-cfe5-43c8-88c6-1884c9aeb5bf] Registry connection listener to current client:com.alibaba.nacos.client.naming.remote.gprc.redo.NamingGrpcRedoService
2024-04-25 17:47:08.993 INFO [restartedMain:c.a.n.c.r.client] [3c148794-cfe5-43c8-88c6-1884c9aeb5bf] Register server push request handler:com.alibaba.nacos.client.naming.remote.gprc.NamingPushRequestHandler
2024-04-25 17:47:08.994 INFO [restartedMain:c.a.n.c.r.client] [3c148794-cfe5-43c8-88c6-1884c9aeb5bf] Try to connect to server on start up, server: {serverIp = 'localhost', server main port = 8848}
2024-04-25 17:47:09.117 INFO [restartedMain:c.a.n.c.r.client] [3c148794-cfe5-43c8-88c6-1884c9aeb5bf] Success to connect to server [localhost:8848] on start up, connectionId = 1714038429005_127.0.0.1_55124
2024-04-25 17:47:09.117 INFO [restartedMain:c.a.n.c.r.client] [3c148794-cfe5-43c8-88c6-1884c9aeb5bf] Register server push request handler:com.alibaba.nacos.common.remote.client.RpcClient$ConnectResetRequestHandler
2024-04-25 17:47:09.117 INFO [com.alibaba.nacos.client.remote.worker:c.a.n.c.r.client] [3c148794-cfe5-43c8-88c6-1884c9aeb5bf] Notify connected event to listeners.
2024-04-25 17:47:09.117 INFO [restartedMain:c.a.n.c.r.client] [3c148794-cfe5-43c8-88c6-1884c9aeb5bf] Register server push request handler:com.alibaba.nacos.common.remote.client.RpcClient$$Lambda$729/1452907549
2024-04-25 17:47:09.187 INFO [restartedMain:c.a.n.c.r.client] [RpcClientFactory] create a new rpc client of 84084fdc-43ac-43ee-95fa-7ef75e7db786
2024-04-25 17:47:09.187 INFO [restartedMain:c.a.n.c.r.client] [84084fdc-43ac-43ee-95fa-7ef75e7db786] RpcClient init label, labels = {module=naming, source=sdk}
2024-04-25 17:47:09.188 INFO [restartedMain:c.a.n.c.r.client] [84084fdc-43ac-43ee-95fa-7ef75e7db786] RpcClient init, ServerListFactory = com.alibaba.nacos.client.naming.core.ServerListManager
2024-04-25 17:47:09.189 INFO [restartedMain:c.a.n.c.r.client] [84084fdc-43ac-43ee-95fa-7ef75e7db786] Registry connection listener to current client:com.alibaba.nacos.client.naming.remote.gprc.redo.NamingGrpcRedoService
2024-04-25 17:47:09.189 INFO [restartedMain:c.a.n.c.r.client] [84084fdc-43ac-43ee-95fa-7ef75e7db786] Register server push request handler:com.alibaba.nacos.client.naming.remote.gprc.NamingPushRequestHandler
2024-04-25 17:47:09.189 INFO [restartedMain:c.a.n.c.r.client] [84084fdc-43ac-43ee-95fa-7ef75e7db786] Try to connect to server on start up, server: {serverIp = 'localhost', server main port = 8848}
2024-04-25 17:47:09.315 INFO [restartedMain:c.a.n.c.r.client] [84084fdc-43ac-43ee-95fa-7ef75e7db786] Success to connect to server [localhost:8848] on start up, connectionId = 1714038429202_127.0.0.1_55126
2024-04-25 17:47:09.316 INFO [restartedMain:c.a.n.c.r.client] [84084fdc-43ac-43ee-95fa-7ef75e7db786] Register server push request handler:com.alibaba.nacos.common.remote.client.RpcClient$ConnectResetRequestHandler
2024-04-25 17:47:09.316 INFO [com.alibaba.nacos.client.remote.worker:c.a.n.c.r.client] [84084fdc-43ac-43ee-95fa-7ef75e7db786] Notify connected event to listeners.
2024-04-25 17:47:09.316 INFO [restartedMain:c.a.n.c.r.client] [84084fdc-43ac-43ee-95fa-7ef75e7db786] Register server push request handler:com.alibaba.nacos.common.remote.client.RpcClient$$Lambda$729/1452907549
2024-04-25 17:47:09.403 INFO [restartedMain:c.a.n.c.r.client] [RpcClientFactory] create a new rpc client of ff94310f-94b5-4815-9911-e9eb59630fea_config-0
2024-04-25 17:47:09.404 INFO [restartedMain:c.a.n.c.r.client] [ff94310f-94b5-4815-9911-e9eb59630fea_config-0] RpcClient init label, labels = {module=config, Vipserver-Tag=null, source=sdk, Amory-Tag=null, Location-Tag=null, taskId=0, AppName=unknown}
2024-04-25 17:47:09.404 INFO [restartedMain:c.a.n.c.r.client] [ff94310f-94b5-4815-9911-e9eb59630fea_config-0] Register server push request handler:com.alibaba.nacos.client.config.impl.ClientWorker$ConfigRpcTransportClient$$Lambda$719/618868364
2024-04-25 17:47:09.404 INFO [restartedMain:c.a.n.c.r.client] [ff94310f-94b5-4815-9911-e9eb59630fea_config-0] Register server push request handler:com.alibaba.nacos.client.config.impl.ClientWorker$ConfigRpcTransportClient$$Lambda$720/492314816
2024-04-25 17:47:09.404 INFO [restartedMain:c.a.n.c.r.client] [ff94310f-94b5-4815-9911-e9eb59630fea_config-0] Registry connection listener to current client:com.alibaba.nacos.client.config.impl.ClientWorker$ConfigRpcTransportClient$1
2024-04-25 17:47:09.404 INFO [restartedMain:c.a.n.c.r.client] [ff94310f-94b5-4815-9911-e9eb59630fea_config-0] RpcClient init, ServerListFactory = com.alibaba.nacos.client.config.impl.ClientWorker$ConfigRpcTransportClient$2
2024-04-25 17:47:09.404 INFO [restartedMain:c.a.n.c.r.client] [ff94310f-94b5-4815-9911-e9eb59630fea_config-0] Try to connect to server on start up, server: {serverIp = 'localhost', server main port = 8848}
2024-04-25 17:47:09.531 INFO [restartedMain:c.a.n.c.r.client] [ff94310f-94b5-4815-9911-e9eb59630fea_config-0] Success to connect to server [localhost:8848] on start up, connectionId = 1714038429415_127.0.0.1_55127
2024-04-25 17:47:09.531 INFO [restartedMain:c.a.n.c.r.client] [ff94310f-94b5-4815-9911-e9eb59630fea_config-0] Register server push request handler:com.alibaba.nacos.common.remote.client.RpcClient$ConnectResetRequestHandler
2024-04-25 17:47:09.531 INFO [com.alibaba.nacos.client.remote.worker:c.a.n.c.r.client] [ff94310f-94b5-4815-9911-e9eb59630fea_config-0] Notify connected event to listeners.
2024-04-25 17:47:09.531 INFO [restartedMain:c.a.n.c.r.client] [ff94310f-94b5-4815-9911-e9eb59630fea_config-0] Register server push request handler:com.alibaba.nacos.common.remote.client.RpcClient$$Lambda$729/1452907549
2024-04-25 17:47:09.962 INFO [nacos-grpc-client-executor-localhost-9:c.a.n.c.r.client] [84084fdc-43ac-43ee-95fa-7ef75e7db786] Receive server push request, request = NotifySubscriberRequest, requestId = 154
2024-04-25 17:47:09.962 INFO [nacos-grpc-client-executor-localhost-9:c.a.n.c.r.client] [84084fdc-43ac-43ee-95fa-7ef75e7db786] Ack server push request, request = NotifySubscriberRequest, requestId = 154
2024-04-25 17:47:09.967 INFO [nacos-grpc-client-executor-localhost-10:c.a.n.c.r.client] [84084fdc-43ac-43ee-95fa-7ef75e7db786] Receive server push request, request = NotifySubscriberRequest, requestId = 155
2024-04-25 17:47:09.969 INFO [nacos-grpc-client-executor-localhost-10:c.a.n.c.r.client] [84084fdc-43ac-43ee-95fa-7ef75e7db786] Ack server push request, request = NotifySubscriberRequest, requestId = 155
2024-04-25 17:47:10.352 INFO [nacos-grpc-client-executor-localhost-12:c.a.n.c.r.client] [84084fdc-43ac-43ee-95fa-7ef75e7db786] Receive server push request, request = NotifySubscriberRequest, requestId = 158
2024-04-25 17:47:10.353 INFO [nacos-grpc-client-executor-localhost-12:c.a.n.c.r.client] [84084fdc-43ac-43ee-95fa-7ef75e7db786] Ack server push request, request = NotifySubscriberRequest, requestId = 158
2024-04-25 17:47:10.357 INFO [nacos-grpc-client-executor-localhost-14:c.a.n.c.r.client] [84084fdc-43ac-43ee-95fa-7ef75e7db786] Receive server push request, request = NotifySubscriberRequest, requestId = 159
2024-04-25 17:47:10.359 INFO [nacos-grpc-client-executor-localhost-14:c.a.n.c.r.client] [84084fdc-43ac-43ee-95fa-7ef75e7db786] Ack server push request, request = NotifySubscriberRequest, requestId = 159
2024-04-25 17:47:10.905 INFO [nacos-grpc-client-executor-localhost-6:c.a.n.c.r.client] [3c148794-cfe5-43c8-88c6-1884c9aeb5bf] Receive server push request, request = NotifySubscriberRequest, requestId = 160
2024-04-25 17:47:10.913 INFO [nacos-grpc-client-executor-localhost-6:c.a.n.c.r.client] [3c148794-cfe5-43c8-88c6-1884c9aeb5bf] Ack server push request, request = NotifySubscriberRequest, requestId = 160
2024-04-25 17:47:11.435 INFO [nacos-grpc-client-executor-localhost-18:c.a.n.c.r.client] [84084fdc-43ac-43ee-95fa-7ef75e7db786] Receive server push request, request = NotifySubscriberRequest, requestId = 161
2024-04-25 17:47:11.436 INFO [nacos-grpc-client-executor-localhost-18:c.a.n.c.r.client] [84084fdc-43ac-43ee-95fa-7ef75e7db786] Ack server push request, request = NotifySubscriberRequest, requestId = 161
2024-04-25 17:49:02.463 INFO [restartedMain:c.a.n.c.r.client] [RpcClientFactory] create a new rpc client of ee1ac7b7-fc38-434c-bae8-0d6a0531ac7f_config-0
2024-04-25 17:49:02.542 INFO [restartedMain:c.a.n.c.r.client] [ee1ac7b7-fc38-434c-bae8-0d6a0531ac7f_config-0] RpcClient init label, labels = {module=config, Vipserver-Tag=null, source=sdk, Amory-Tag=null, Location-Tag=null, taskId=0, AppName=unknown}
2024-04-25 17:49:02.543 INFO [restartedMain:c.a.n.c.r.client] [ee1ac7b7-fc38-434c-bae8-0d6a0531ac7f_config-0] Register server push request handler:com.alibaba.nacos.client.config.impl.ClientWorker$ConfigRpcTransportClient$$Lambda$719/740841954
2024-04-25 17:49:02.543 INFO [restartedMain:c.a.n.c.r.client] [ee1ac7b7-fc38-434c-bae8-0d6a0531ac7f_config-0] Register server push request handler:com.alibaba.nacos.client.config.impl.ClientWorker$ConfigRpcTransportClient$$Lambda$720/901271679
2024-04-25 17:49:02.544 INFO [restartedMain:c.a.n.c.r.client] [ee1ac7b7-fc38-434c-bae8-0d6a0531ac7f_config-0] Registry connection listener to current client:com.alibaba.nacos.client.config.impl.ClientWorker$ConfigRpcTransportClient$1
2024-04-25 17:49:02.545 INFO [restartedMain:c.a.n.c.r.client] [ee1ac7b7-fc38-434c-bae8-0d6a0531ac7f_config-0] RpcClient init, ServerListFactory = com.alibaba.nacos.client.config.impl.ClientWorker$ConfigRpcTransportClient$2
2024-04-25 17:49:02.554 INFO [restartedMain:c.a.n.c.r.client] [ee1ac7b7-fc38-434c-bae8-0d6a0531ac7f_config-0] Try to connect to server on start up, server: {serverIp = 'localhost', server main port = 8848}
2024-04-25 17:49:05.498 INFO [restartedMain:c.a.n.c.r.client] [ee1ac7b7-fc38-434c-bae8-0d6a0531ac7f_config-0] Success to connect to server [localhost:8848] on start up, connectionId = 1714038545292_127.0.0.1_55352
2024-04-25 17:49:05.499 INFO [com.alibaba.nacos.client.remote.worker:c.a.n.c.r.client] [ee1ac7b7-fc38-434c-bae8-0d6a0531ac7f_config-0] Notify connected event to listeners.
2024-04-25 17:49:05.500 INFO [restartedMain:c.a.n.c.r.client] [ee1ac7b7-fc38-434c-bae8-0d6a0531ac7f_config-0] Register server push request handler:com.alibaba.nacos.common.remote.client.RpcClient$ConnectResetRequestHandler
2024-04-25 17:49:05.500 INFO [restartedMain:c.a.n.c.r.client] [ee1ac7b7-fc38-434c-bae8-0d6a0531ac7f_config-0] Register server push request handler:com.alibaba.nacos.common.remote.client.RpcClient$$Lambda$729/2175357
2024-04-25 17:49:17.367 INFO [restartedMain:c.a.n.c.r.client] [RpcClientFactory] create a new rpc client of f9f89905-7c40-45f0-86a1-660db38de76e
2024-04-25 17:49:17.367 INFO [restartedMain:c.a.n.c.r.client] [f9f89905-7c40-45f0-86a1-660db38de76e] RpcClient init label, labels = {module=naming, source=sdk}
2024-04-25 17:49:17.370 INFO [restartedMain:c.a.n.c.r.client] [f9f89905-7c40-45f0-86a1-660db38de76e] RpcClient init, ServerListFactory = com.alibaba.nacos.client.naming.core.ServerListManager
2024-04-25 17:49:17.370 INFO [restartedMain:c.a.n.c.r.client] [f9f89905-7c40-45f0-86a1-660db38de76e] Registry connection listener to current client:com.alibaba.nacos.client.naming.remote.gprc.redo.NamingGrpcRedoService
2024-04-25 17:49:17.371 INFO [restartedMain:c.a.n.c.r.client] [f9f89905-7c40-45f0-86a1-660db38de76e] Register server push request handler:com.alibaba.nacos.client.naming.remote.gprc.NamingPushRequestHandler
2024-04-25 17:49:17.371 INFO [restartedMain:c.a.n.c.r.client] [f9f89905-7c40-45f0-86a1-660db38de76e] Try to connect to server on start up, server: {serverIp = '127.0.0.1', server main port = 8848}
2024-04-25 17:49:17.489 INFO [restartedMain:c.a.n.c.r.client] [f9f89905-7c40-45f0-86a1-660db38de76e] Success to connect to server [127.0.0.1:8848] on start up, connectionId = 1714038557377_127.0.0.1_55375
2024-04-25 17:49:17.489 INFO [restartedMain:c.a.n.c.r.client] [f9f89905-7c40-45f0-86a1-660db38de76e] Register server push request handler:com.alibaba.nacos.common.remote.client.RpcClient$ConnectResetRequestHandler
2024-04-25 17:49:17.489 INFO [com.alibaba.nacos.client.remote.worker:c.a.n.c.r.client] [f9f89905-7c40-45f0-86a1-660db38de76e] Notify connected event to listeners.
2024-04-25 17:49:17.489 INFO [restartedMain:c.a.n.c.r.client] [f9f89905-7c40-45f0-86a1-660db38de76e] Register server push request handler:com.alibaba.nacos.common.remote.client.RpcClient$$Lambda$729/2175357
2024-04-25 17:49:21.759 INFO [restartedMain:c.a.n.c.r.client] [RpcClientFactory] create a new rpc client of 02c11919-1f96-42e7-a643-db5cb42398fa
2024-04-25 17:49:21.759 INFO [restartedMain:c.a.n.c.r.client] [02c11919-1f96-42e7-a643-db5cb42398fa] RpcClient init label, labels = {module=naming, source=sdk}
2024-04-25 17:49:21.759 INFO [restartedMain:c.a.n.c.r.client] [02c11919-1f96-42e7-a643-db5cb42398fa] RpcClient init, ServerListFactory = com.alibaba.nacos.client.naming.core.ServerListManager
2024-04-25 17:49:21.760 INFO [restartedMain:c.a.n.c.r.client] [02c11919-1f96-42e7-a643-db5cb42398fa] Registry connection listener to current client:com.alibaba.nacos.client.naming.remote.gprc.redo.NamingGrpcRedoService
2024-04-25 17:49:21.760 INFO [restartedMain:c.a.n.c.r.client] [02c11919-1f96-42e7-a643-db5cb42398fa] Register server push request handler:com.alibaba.nacos.client.naming.remote.gprc.NamingPushRequestHandler
2024-04-25 17:49:21.760 INFO [restartedMain:c.a.n.c.r.client] [02c11919-1f96-42e7-a643-db5cb42398fa] Try to connect to server on start up, server: {serverIp = 'localhost', server main port = 8848}
2024-04-25 17:49:21.884 INFO [restartedMain:c.a.n.c.r.client] [02c11919-1f96-42e7-a643-db5cb42398fa] Success to connect to server [localhost:8848] on start up, connectionId = 1714038561767_127.0.0.1_55483
2024-04-25 17:49:21.884 INFO [restartedMain:c.a.n.c.r.client] [02c11919-1f96-42e7-a643-db5cb42398fa] Register server push request handler:com.alibaba.nacos.common.remote.client.RpcClient$ConnectResetRequestHandler
2024-04-25 17:49:21.884 INFO [restartedMain:c.a.n.c.r.client] [02c11919-1f96-42e7-a643-db5cb42398fa] Register server push request handler:com.alibaba.nacos.common.remote.client.RpcClient$$Lambda$729/2175357
2024-04-25 17:49:21.884 INFO [com.alibaba.nacos.client.remote.worker:c.a.n.c.r.client] [02c11919-1f96-42e7-a643-db5cb42398fa] Notify connected event to listeners.
2024-04-25 17:49:21.922 INFO [restartedMain:c.a.n.c.r.client] [RpcClientFactory] create a new rpc client of dd07af9b-32ab-4ad8-ada9-9fe43ba7ffcb
2024-04-25 17:49:21.923 INFO [restartedMain:c.a.n.c.r.client] [dd07af9b-32ab-4ad8-ada9-9fe43ba7ffcb] RpcClient init label, labels = {module=naming, source=sdk}
2024-04-25 17:49:21.923 INFO [restartedMain:c.a.n.c.r.client] [dd07af9b-32ab-4ad8-ada9-9fe43ba7ffcb] RpcClient init, ServerListFactory = com.alibaba.nacos.client.naming.core.ServerListManager
2024-04-25 17:49:21.923 INFO [restartedMain:c.a.n.c.r.client] [dd07af9b-32ab-4ad8-ada9-9fe43ba7ffcb] Registry connection listener to current client:com.alibaba.nacos.client.naming.remote.gprc.redo.NamingGrpcRedoService
2024-04-25 17:49:21.923 INFO [restartedMain:c.a.n.c.r.client] [dd07af9b-32ab-4ad8-ada9-9fe43ba7ffcb] Register server push request handler:com.alibaba.nacos.client.naming.remote.gprc.NamingPushRequestHandler
2024-04-25 17:49:21.923 INFO [restartedMain:c.a.n.c.r.client] [dd07af9b-32ab-4ad8-ada9-9fe43ba7ffcb] Try to connect to server on start up, server: {serverIp = 'localhost', server main port = 8848}
2024-04-25 17:49:22.042 INFO [restartedMain:c.a.n.c.r.client] [dd07af9b-32ab-4ad8-ada9-9fe43ba7ffcb] Success to connect to server [localhost:8848] on start up, connectionId = 1714038561929_127.0.0.1_55484
2024-04-25 17:49:22.042 INFO [restartedMain:c.a.n.c.r.client] [dd07af9b-32ab-4ad8-ada9-9fe43ba7ffcb] Register server push request handler:com.alibaba.nacos.common.remote.client.RpcClient$ConnectResetRequestHandler
2024-04-25 17:49:22.042 INFO [restartedMain:c.a.n.c.r.client] [dd07af9b-32ab-4ad8-ada9-9fe43ba7ffcb] Register server push request handler:com.alibaba.nacos.common.remote.client.RpcClient$$Lambda$729/2175357
2024-04-25 17:49:22.042 INFO [com.alibaba.nacos.client.remote.worker:c.a.n.c.r.client] [dd07af9b-32ab-4ad8-ada9-9fe43ba7ffcb] Notify connected event to listeners.
2024-04-25 17:49:22.075 INFO [restartedMain:c.a.n.c.r.client] [RpcClientFactory] create a new rpc client of dd15a389-2587-45df-ae84-a28d69103a4c_config-0
2024-04-25 17:49:22.075 INFO [restartedMain:c.a.n.c.r.client] [dd15a389-2587-45df-ae84-a28d69103a4c_config-0] RpcClient init label, labels = {module=config, Vipserver-Tag=null, source=sdk, Amory-Tag=null, Location-Tag=null, taskId=0, AppName=unknown}
2024-04-25 17:49:22.075 INFO [restartedMain:c.a.n.c.r.client] [dd15a389-2587-45df-ae84-a28d69103a4c_config-0] Register server push request handler:com.alibaba.nacos.client.config.impl.ClientWorker$ConfigRpcTransportClient$$Lambda$719/740841954
2024-04-25 17:49:22.075 INFO [restartedMain:c.a.n.c.r.client] [dd15a389-2587-45df-ae84-a28d69103a4c_config-0] Register server push request handler:com.alibaba.nacos.client.config.impl.ClientWorker$ConfigRpcTransportClient$$Lambda$720/901271679
2024-04-25 17:49:22.075 INFO [restartedMain:c.a.n.c.r.client] [dd15a389-2587-45df-ae84-a28d69103a4c_config-0] Registry connection listener to current client:com.alibaba.nacos.client.config.impl.ClientWorker$ConfigRpcTransportClient$1
2024-04-25 17:49:22.075 INFO [restartedMain:c.a.n.c.r.client] [dd15a389-2587-45df-ae84-a28d69103a4c_config-0] RpcClient init, ServerListFactory = com.alibaba.nacos.client.config.impl.ClientWorker$ConfigRpcTransportClient$2
2024-04-25 17:49:22.076 INFO [restartedMain:c.a.n.c.r.client] [dd15a389-2587-45df-ae84-a28d69103a4c_config-0] Try to connect to server on start up, server: {serverIp = 'localhost', server main port = 8848}
2024-04-25 17:49:22.198 INFO [restartedMain:c.a.n.c.r.client] [dd15a389-2587-45df-ae84-a28d69103a4c_config-0] Success to connect to server [localhost:8848] on start up, connectionId = 1714038562081_127.0.0.1_55485
2024-04-25 17:49:22.198 INFO [restartedMain:c.a.n.c.r.client] [dd15a389-2587-45df-ae84-a28d69103a4c_config-0] Register server push request handler:com.alibaba.nacos.common.remote.client.RpcClient$ConnectResetRequestHandler
2024-04-25 17:49:22.198 INFO [restartedMain:c.a.n.c.r.client] [dd15a389-2587-45df-ae84-a28d69103a4c_config-0] Register server push request handler:com.alibaba.nacos.common.remote.client.RpcClient$$Lambda$729/2175357
2024-04-25 17:49:22.198 INFO [com.alibaba.nacos.client.remote.worker:c.a.n.c.r.client] [dd15a389-2587-45df-ae84-a28d69103a4c_config-0] Notify connected event to listeners.
2024-04-25 17:49:22.589 INFO [nacos-grpc-client-executor-localhost-9:c.a.n.c.r.client] [dd07af9b-32ab-4ad8-ada9-9fe43ba7ffcb] Receive server push request, request = NotifySubscriberRequest, requestId = 166
2024-04-25 17:49:22.590 INFO [nacos-grpc-client-executor-localhost-9:c.a.n.c.r.client] [dd07af9b-32ab-4ad8-ada9-9fe43ba7ffcb] Ack server push request, request = NotifySubscriberRequest, requestId = 166
2024-04-25 17:49:22.665 INFO [nacos-grpc-client-executor-localhost-10:c.a.n.c.r.client] [dd07af9b-32ab-4ad8-ada9-9fe43ba7ffcb] Receive server push request, request = NotifySubscriberRequest, requestId = 167
2024-04-25 17:49:22.666 INFO [nacos-grpc-client-executor-localhost-10:c.a.n.c.r.client] [dd07af9b-32ab-4ad8-ada9-9fe43ba7ffcb] Ack server push request, request = NotifySubscriberRequest, requestId = 167
2024-04-25 17:49:22.880 INFO [nacos-grpc-client-executor-localhost-11:c.a.n.c.r.client] [dd07af9b-32ab-4ad8-ada9-9fe43ba7ffcb] Receive server push request, request = NotifySubscriberRequest, requestId = 168
2024-04-25 17:49:22.881 INFO [nacos-grpc-client-executor-localhost-11:c.a.n.c.r.client] [dd07af9b-32ab-4ad8-ada9-9fe43ba7ffcb] Ack server push request, request = NotifySubscriberRequest, requestId = 168
2024-04-25 17:49:22.882 INFO [nacos-grpc-client-executor-localhost-12:c.a.n.c.r.client] [dd07af9b-32ab-4ad8-ada9-9fe43ba7ffcb] Receive server push request, request = NotifySubscriberRequest, requestId = 169
2024-04-25 17:49:22.882 INFO [nacos-grpc-client-executor-localhost-12:c.a.n.c.r.client] [dd07af9b-32ab-4ad8-ada9-9fe43ba7ffcb] Ack server push request, request = NotifySubscriberRequest, requestId = 169
2024-04-25 17:49:23.315 INFO [nacos-grpc-client-executor-localhost-7:c.a.n.c.r.client] [02c11919-1f96-42e7-a643-db5cb42398fa] Receive server push request, request = NotifySubscriberRequest, requestId = 172
2024-04-25 17:49:23.320 INFO [nacos-grpc-client-executor-localhost-7:c.a.n.c.r.client] [02c11919-1f96-42e7-a643-db5cb42398fa] Ack server push request, request = NotifySubscriberRequest, requestId = 172
2024-04-25 17:49:23.636 INFO [nacos-grpc-client-executor-localhost-21:c.a.n.c.r.client] [dd07af9b-32ab-4ad8-ada9-9fe43ba7ffcb] Receive server push request, request = NotifySubscriberRequest, requestId = 173
2024-04-25 17:49:23.637 INFO [nacos-grpc-client-executor-localhost-21:c.a.n.c.r.client] [dd07af9b-32ab-4ad8-ada9-9fe43ba7ffcb] Ack server push request, request = NotifySubscriberRequest, requestId = 173
2024-04-25 17:58:02.972 INFO [nacos-grpc-client-executor-localhost-113:c.a.n.c.r.client] [02c11919-1f96-42e7-a643-db5cb42398fa] Receive server push request, request = NotifySubscriberRequest, requestId = 177
2024-04-25 17:58:02.973 INFO [nacos-grpc-client-executor-localhost-170:c.a.n.c.r.client] [dd07af9b-32ab-4ad8-ada9-9fe43ba7ffcb] Receive server push request, request = NotifySubscriberRequest, requestId = 178
2024-04-25 17:58:02.974 INFO [nacos-grpc-client-executor-localhost-113:c.a.n.c.r.client] [02c11919-1f96-42e7-a643-db5cb42398fa] Ack server push request, request = NotifySubscriberRequest, requestId = 177
2024-04-25 17:58:02.975 INFO [nacos-grpc-client-executor-localhost-170:c.a.n.c.r.client] [dd07af9b-32ab-4ad8-ada9-9fe43ba7ffcb] Ack server push request, request = NotifySubscriberRequest, requestId = 178
2024-04-25 17:58:35.196 INFO [nacos-grpc-client-executor-localhost-117:c.a.n.c.r.client] [dd15a389-2587-45df-ae84-a28d69103a4c_config-0] Receive server push request, request = ConfigChangeNotifyRequest, requestId = 180
2024-04-25 17:58:35.196 INFO [nacos-grpc-client-executor-localhost-117:c.a.n.c.r.client] [dd15a389-2587-45df-ae84-a28d69103a4c_config-0] Ack server push request, request = ConfigChangeNotifyRequest, requestId = 180
2024-04-25 17:58:35.442 INFO [nacos-grpc-client-executor-localhost-120:c.a.n.c.r.client] [02c11919-1f96-42e7-a643-db5cb42398fa] Receive server push request, request = NotifySubscriberRequest, requestId = 186
2024-04-25 17:58:35.442 INFO [nacos-grpc-client-executor-localhost-120:c.a.n.c.r.client] [02c11919-1f96-42e7-a643-db5cb42398fa] Ack server push request, request = NotifySubscriberRequest, requestId = 186
2024-04-25 17:58:35.657 INFO [nacos-grpc-client-executor-localhost-180:c.a.n.c.r.client] [dd07af9b-32ab-4ad8-ada9-9fe43ba7ffcb] Receive server push request, request = NotifySubscriberRequest, requestId = 190
2024-04-25 17:58:35.659 INFO [nacos-grpc-client-executor-localhost-180:c.a.n.c.r.client] [dd07af9b-32ab-4ad8-ada9-9fe43ba7ffcb] Ack server push request, request = NotifySubscriberRequest, requestId = 190
2024-04-25 17:58:36.625 INFO [nacos-grpc-client-executor-localhost-122:c.a.n.c.r.client] [02c11919-1f96-42e7-a643-db5cb42398fa] Receive server push request, request = NotifySubscriberRequest, requestId = 197
2024-04-25 17:58:36.625 INFO [nacos-grpc-client-executor-localhost-122:c.a.n.c.r.client] [02c11919-1f96-42e7-a643-db5cb42398fa] Ack server push request, request = NotifySubscriberRequest, requestId = 197
2024-04-25 18:01:04.936 INFO [restartedMain:c.a.n.c.r.client] [RpcClientFactory] create a new rpc client of 65981ce8-9749-4fc0-be1a-ed15c76da0ef_config-0
2024-04-25 18:01:05.021 INFO [restartedMain:c.a.n.c.r.client] [65981ce8-9749-4fc0-be1a-ed15c76da0ef_config-0] RpcClient init label, labels = {module=config, Vipserver-Tag=null, source=sdk, Amory-Tag=null, Location-Tag=null, taskId=0, AppName=unknown}
2024-04-25 18:01:05.021 INFO [restartedMain:c.a.n.c.r.client] [65981ce8-9749-4fc0-be1a-ed15c76da0ef_config-0] Register server push request handler:com.alibaba.nacos.client.config.impl.ClientWorker$ConfigRpcTransportClient$$Lambda$719/1880334729
2024-04-25 18:01:05.021 INFO [restartedMain:c.a.n.c.r.client] [65981ce8-9749-4fc0-be1a-ed15c76da0ef_config-0] Register server push request handler:com.alibaba.nacos.client.config.impl.ClientWorker$ConfigRpcTransportClient$$Lambda$720/2057973848
2024-04-25 18:01:05.022 INFO [restartedMain:c.a.n.c.r.client] [65981ce8-9749-4fc0-be1a-ed15c76da0ef_config-0] Registry connection listener to current client:com.alibaba.nacos.client.config.impl.ClientWorker$ConfigRpcTransportClient$1
2024-04-25 18:01:05.023 INFO [restartedMain:c.a.n.c.r.client] [65981ce8-9749-4fc0-be1a-ed15c76da0ef_config-0] RpcClient init, ServerListFactory = com.alibaba.nacos.client.config.impl.ClientWorker$ConfigRpcTransportClient$2
2024-04-25 18:01:05.030 INFO [restartedMain:c.a.n.c.r.client] [65981ce8-9749-4fc0-be1a-ed15c76da0ef_config-0] Try to connect to server on start up, server: {serverIp = 'localhost', server main port = 8848}
2024-04-25 18:01:07.796 INFO [restartedMain:c.a.n.c.r.client] [65981ce8-9749-4fc0-be1a-ed15c76da0ef_config-0] Success to connect to server [localhost:8848] on start up, connectionId = 1714039267586_127.0.0.1_56821
2024-04-25 18:01:07.797 INFO [com.alibaba.nacos.client.remote.worker:c.a.n.c.r.client] [65981ce8-9749-4fc0-be1a-ed15c76da0ef_config-0] Notify connected event to listeners.
2024-04-25 18:01:07.797 INFO [restartedMain:c.a.n.c.r.client] [65981ce8-9749-4fc0-be1a-ed15c76da0ef_config-0] Register server push request handler:com.alibaba.nacos.common.remote.client.RpcClient$ConnectResetRequestHandler
2024-04-25 18:01:07.798 INFO [restartedMain:c.a.n.c.r.client] [65981ce8-9749-4fc0-be1a-ed15c76da0ef_config-0] Register server push request handler:com.alibaba.nacos.common.remote.client.RpcClient$$Lambda$729/1476982325
2024-04-25 18:01:18.677 INFO [restartedMain:c.a.n.c.r.client] [RpcClientFactory] create a new rpc client of a95d0a95-f82a-4e5d-8920-ac0235f5ab02
2024-04-25 18:01:18.677 INFO [restartedMain:c.a.n.c.r.client] [a95d0a95-f82a-4e5d-8920-ac0235f5ab02] RpcClient init label, labels = {module=naming, source=sdk}
2024-04-25 18:01:18.679 INFO [restartedMain:c.a.n.c.r.client] [a95d0a95-f82a-4e5d-8920-ac0235f5ab02] RpcClient init, ServerListFactory = com.alibaba.nacos.client.naming.core.ServerListManager
2024-04-25 18:01:18.679 INFO [restartedMain:c.a.n.c.r.client] [a95d0a95-f82a-4e5d-8920-ac0235f5ab02] Registry connection listener to current client:com.alibaba.nacos.client.naming.remote.gprc.redo.NamingGrpcRedoService
2024-04-25 18:01:18.680 INFO [restartedMain:c.a.n.c.r.client] [a95d0a95-f82a-4e5d-8920-ac0235f5ab02] Register server push request handler:com.alibaba.nacos.client.naming.remote.gprc.NamingPushRequestHandler
2024-04-25 18:01:18.680 INFO [restartedMain:c.a.n.c.r.client] [a95d0a95-f82a-4e5d-8920-ac0235f5ab02] Try to connect to server on start up, server: {serverIp = '127.0.0.1', server main port = 8848}
2024-04-25 18:01:18.797 INFO [restartedMain:c.a.n.c.r.client] [a95d0a95-f82a-4e5d-8920-ac0235f5ab02] Success to connect to server [127.0.0.1:8848] on start up, connectionId = 1714039278686_127.0.0.1_56837
2024-04-25 18:01:18.797 INFO [restartedMain:c.a.n.c.r.client] [a95d0a95-f82a-4e5d-8920-ac0235f5ab02] Register server push request handler:com.alibaba.nacos.common.remote.client.RpcClient$ConnectResetRequestHandler
2024-04-25 18:01:18.797 INFO [restartedMain:c.a.n.c.r.client] [a95d0a95-f82a-4e5d-8920-ac0235f5ab02] Register server push request handler:com.alibaba.nacos.common.remote.client.RpcClient$$Lambda$729/1476982325
2024-04-25 18:01:18.797 INFO [com.alibaba.nacos.client.remote.worker:c.a.n.c.r.client] [a95d0a95-f82a-4e5d-8920-ac0235f5ab02] Notify connected event to listeners.
2024-04-25 18:01:22.103 INFO [restartedMain:c.a.n.c.r.client] [RpcClientFactory] create a new rpc client of 5c70b67f-5d0f-483a-8b33-b4ce054dd14b
2024-04-25 18:01:22.104 INFO [restartedMain:c.a.n.c.r.client] [5c70b67f-5d0f-483a-8b33-b4ce054dd14b] RpcClient init label, labels = {module=naming, source=sdk}
2024-04-25 18:01:22.104 INFO [restartedMain:c.a.n.c.r.client] [5c70b67f-5d0f-483a-8b33-b4ce054dd14b] RpcClient init, ServerListFactory = com.alibaba.nacos.client.naming.core.ServerListManager
2024-04-25 18:01:22.104 INFO [restartedMain:c.a.n.c.r.client] [5c70b67f-5d0f-483a-8b33-b4ce054dd14b] Registry connection listener to current client:com.alibaba.nacos.client.naming.remote.gprc.redo.NamingGrpcRedoService
2024-04-25 18:01:22.104 INFO [restartedMain:c.a.n.c.r.client] [5c70b67f-5d0f-483a-8b33-b4ce054dd14b] Register server push request handler:com.alibaba.nacos.client.naming.remote.gprc.NamingPushRequestHandler
2024-04-25 18:01:22.104 INFO [restartedMain:c.a.n.c.r.client] [5c70b67f-5d0f-483a-8b33-b4ce054dd14b] Try to connect to server on start up, server: {serverIp = 'localhost', server main port = 8848}
2024-04-25 18:01:22.218 INFO [restartedMain:c.a.n.c.r.client] [5c70b67f-5d0f-483a-8b33-b4ce054dd14b] Success to connect to server [localhost:8848] on start up, connectionId = 1714039282109_127.0.0.1_56944
2024-04-25 18:01:22.218 INFO [restartedMain:c.a.n.c.r.client] [5c70b67f-5d0f-483a-8b33-b4ce054dd14b] Register server push request handler:com.alibaba.nacos.common.remote.client.RpcClient$ConnectResetRequestHandler
2024-04-25 18:01:22.218 INFO [com.alibaba.nacos.client.remote.worker:c.a.n.c.r.client] [5c70b67f-5d0f-483a-8b33-b4ce054dd14b] Notify connected event to listeners.
2024-04-25 18:01:22.219 INFO [restartedMain:c.a.n.c.r.client] [5c70b67f-5d0f-483a-8b33-b4ce054dd14b] Register server push request handler:com.alibaba.nacos.common.remote.client.RpcClient$$Lambda$729/1476982325
2024-04-25 18:01:22.257 INFO [restartedMain:c.a.n.c.r.client] [RpcClientFactory] create a new rpc client of 628023e8-c176-4b35-a927-849480865c89
2024-04-25 18:01:22.258 INFO [restartedMain:c.a.n.c.r.client] [628023e8-c176-4b35-a927-849480865c89] RpcClient init label, labels = {module=naming, source=sdk}
2024-04-25 18:01:22.258 INFO [restartedMain:c.a.n.c.r.client] [628023e8-c176-4b35-a927-849480865c89] RpcClient init, ServerListFactory = com.alibaba.nacos.client.naming.core.ServerListManager
2024-04-25 18:01:22.258 INFO [restartedMain:c.a.n.c.r.client] [628023e8-c176-4b35-a927-849480865c89] Registry connection listener to current client:com.alibaba.nacos.client.naming.remote.gprc.redo.NamingGrpcRedoService
2024-04-25 18:01:22.258 INFO [restartedMain:c.a.n.c.r.client] [628023e8-c176-4b35-a927-849480865c89] Register server push request handler:com.alibaba.nacos.client.naming.remote.gprc.NamingPushRequestHandler
2024-04-25 18:01:22.258 INFO [restartedMain:c.a.n.c.r.client] [628023e8-c176-4b35-a927-849480865c89] Try to connect to server on start up, server: {serverIp = 'localhost', server main port = 8848}
2024-04-25 18:01:22.373 INFO [restartedMain:c.a.n.c.r.client] [628023e8-c176-4b35-a927-849480865c89] Success to connect to server [localhost:8848] on start up, connectionId = 1714039282263_127.0.0.1_56948
2024-04-25 18:01:22.373 INFO [restartedMain:c.a.n.c.r.client] [628023e8-c176-4b35-a927-849480865c89] Register server push request handler:com.alibaba.nacos.common.remote.client.RpcClient$ConnectResetRequestHandler
2024-04-25 18:01:22.373 INFO [restartedMain:c.a.n.c.r.client] [628023e8-c176-4b35-a927-849480865c89] Register server push request handler:com.alibaba.nacos.common.remote.client.RpcClient$$Lambda$729/1476982325
2024-04-25 18:01:22.373 INFO [com.alibaba.nacos.client.remote.worker:c.a.n.c.r.client] [628023e8-c176-4b35-a927-849480865c89] Notify connected event to listeners.
2024-04-25 18:01:22.408 INFO [restartedMain:c.a.n.c.r.client] [RpcClientFactory] create a new rpc client of a893c238-2191-4472-ae79-2457748e74d7_config-0
2024-04-25 18:01:22.409 INFO [restartedMain:c.a.n.c.r.client] [a893c238-2191-4472-ae79-2457748e74d7_config-0] RpcClient init label, labels = {module=config, Vipserver-Tag=null, source=sdk, Amory-Tag=null, Location-Tag=null, taskId=0, AppName=unknown}
2024-04-25 18:01:22.409 INFO [restartedMain:c.a.n.c.r.client] [a893c238-2191-4472-ae79-2457748e74d7_config-0] Register server push request handler:com.alibaba.nacos.client.config.impl.ClientWorker$ConfigRpcTransportClient$$Lambda$719/1880334729
2024-04-25 18:01:22.409 INFO [restartedMain:c.a.n.c.r.client] [a893c238-2191-4472-ae79-2457748e74d7_config-0] Register server push request handler:com.alibaba.nacos.client.config.impl.ClientWorker$ConfigRpcTransportClient$$Lambda$720/2057973848
2024-04-25 18:01:22.409 INFO [restartedMain:c.a.n.c.r.client] [a893c238-2191-4472-ae79-2457748e74d7_config-0] Registry connection listener to current client:com.alibaba.nacos.client.config.impl.ClientWorker$ConfigRpcTransportClient$1
2024-04-25 18:01:22.409 INFO [restartedMain:c.a.n.c.r.client] [a893c238-2191-4472-ae79-2457748e74d7_config-0] RpcClient init, ServerListFactory = com.alibaba.nacos.client.config.impl.ClientWorker$ConfigRpcTransportClient$2
2024-04-25 18:01:22.409 INFO [restartedMain:c.a.n.c.r.client] [a893c238-2191-4472-ae79-2457748e74d7_config-0] Try to connect to server on start up, server: {serverIp = 'localhost', server main port = 8848}
2024-04-25 18:01:22.528 INFO [restartedMain:c.a.n.c.r.client] [a893c238-2191-4472-ae79-2457748e74d7_config-0] Success to connect to server [localhost:8848] on start up, connectionId = 1714039282414_127.0.0.1_56951
2024-04-25 18:01:22.528 INFO [restartedMain:c.a.n.c.r.client] [a893c238-2191-4472-ae79-2457748e74d7_config-0] Register server push request handler:com.alibaba.nacos.common.remote.client.RpcClient$ConnectResetRequestHandler
2024-04-25 18:01:22.528 INFO [com.alibaba.nacos.client.remote.worker:c.a.n.c.r.client] [a893c238-2191-4472-ae79-2457748e74d7_config-0] Notify connected event to listeners.
2024-04-25 18:01:22.528 INFO [restartedMain:c.a.n.c.r.client] [a893c238-2191-4472-ae79-2457748e74d7_config-0] Register server push request handler:com.alibaba.nacos.common.remote.client.RpcClient$$Lambda$729/1476982325
2024-04-25 18:01:22.914 INFO [nacos-grpc-client-executor-localhost-10:c.a.n.c.r.client] [628023e8-c176-4b35-a927-849480865c89] Receive server push request, request = NotifySubscriberRequest, requestId = 201
2024-04-25 18:01:22.915 INFO [nacos-grpc-client-executor-localhost-10:c.a.n.c.r.client] [628023e8-c176-4b35-a927-849480865c89] Ack server push request, request = NotifySubscriberRequest, requestId = 201
2024-04-25 18:01:23.005 INFO [nacos-grpc-client-executor-localhost-11:c.a.n.c.r.client] [628023e8-c176-4b35-a927-849480865c89] Receive server push request, request = NotifySubscriberRequest, requestId = 203
2024-04-25 18:01:23.006 INFO [nacos-grpc-client-executor-localhost-11:c.a.n.c.r.client] [628023e8-c176-4b35-a927-849480865c89] Ack server push request, request = NotifySubscriberRequest, requestId = 203
2024-04-25 18:01:23.224 INFO [nacos-grpc-client-executor-localhost-12:c.a.n.c.r.client] [628023e8-c176-4b35-a927-849480865c89] Receive server push request, request = NotifySubscriberRequest, requestId = 204
2024-04-25 18:01:23.224 INFO [nacos-grpc-client-executor-localhost-12:c.a.n.c.r.client] [628023e8-c176-4b35-a927-849480865c89] Ack server push request, request = NotifySubscriberRequest, requestId = 204
2024-04-25 18:01:23.226 INFO [nacos-grpc-client-executor-localhost-13:c.a.n.c.r.client] [628023e8-c176-4b35-a927-849480865c89] Receive server push request, request = NotifySubscriberRequest, requestId = 205
2024-04-25 18:01:23.227 INFO [nacos-grpc-client-executor-localhost-13:c.a.n.c.r.client] [628023e8-c176-4b35-a927-849480865c89] Ack server push request, request = NotifySubscriberRequest, requestId = 205
2024-04-25 18:01:23.545 INFO [nacos-grpc-client-executor-localhost-8:c.a.n.c.r.client] [5c70b67f-5d0f-483a-8b33-b4ce054dd14b] Receive server push request, request = NotifySubscriberRequest, requestId = 206
2024-04-25 18:01:23.545 INFO [nacos-grpc-client-executor-localhost-8:c.a.n.c.r.client] [5c70b67f-5d0f-483a-8b33-b4ce054dd14b] Ack server push request, request = NotifySubscriberRequest, requestId = 206
2024-04-25 18:01:23.547 INFO [nacos-grpc-client-executor-localhost-9:c.a.n.c.r.client] [5c70b67f-5d0f-483a-8b33-b4ce054dd14b] Receive server push request, request = NotifySubscriberRequest, requestId = 207
2024-04-25 18:01:23.547 INFO [nacos-grpc-client-executor-localhost-9:c.a.n.c.r.client] [5c70b67f-5d0f-483a-8b33-b4ce054dd14b] Ack server push request, request = NotifySubscriberRequest, requestId = 207
2024-04-25 18:01:23.759 INFO [nacos-grpc-client-executor-localhost-20:c.a.n.c.r.client] [628023e8-c176-4b35-a927-849480865c89] Receive server push request, request = NotifySubscriberRequest, requestId = 208
2024-04-25 18:01:23.759 INFO [nacos-grpc-client-executor-localhost-20:c.a.n.c.r.client] [628023e8-c176-4b35-a927-849480865c89] Ack server push request, request = NotifySubscriberRequest, requestId = 208
2024-04-25 18:01:29.589 INFO [nacos-grpc-client-executor-localhost-13:c.a.n.c.r.client] [5c70b67f-5d0f-483a-8b33-b4ce054dd14b] Receive server push request, request = NotifySubscriberRequest, requestId = 210
2024-04-25 18:01:29.591 INFO [nacos-grpc-client-executor-localhost-13:c.a.n.c.r.client] [5c70b67f-5d0f-483a-8b33-b4ce054dd14b] Ack server push request, request = NotifySubscriberRequest, requestId = 210
2024-04-25 18:07:24.930 INFO [nacos-grpc-client-executor-localhost-125:c.a.n.c.r.client] [628023e8-c176-4b35-a927-849480865c89] Receive server push request, request = NotifySubscriberRequest, requestId = 211
2024-04-25 18:07:24.931 INFO [nacos-grpc-client-executor-localhost-125:c.a.n.c.r.client] [628023e8-c176-4b35-a927-849480865c89] Ack server push request, request = NotifySubscriberRequest, requestId = 211
2024-04-25 18:07:30.206 INFO [nacos-grpc-client-executor-localhost-129:c.a.n.c.r.client] [628023e8-c176-4b35-a927-849480865c89] Receive server push request, request = NotifySubscriberRequest, requestId = 221
2024-04-25 18:07:30.207 INFO [nacos-grpc-client-executor-localhost-129:c.a.n.c.r.client] [628023e8-c176-4b35-a927-849480865c89] Ack server push request, request = NotifySubscriberRequest, requestId = 221
2024-04-25 18:09:08.292 INFO [nacos-grpc-client-executor-localhost-152:c.a.n.c.r.client] [628023e8-c176-4b35-a927-849480865c89] Receive server push request, request = NotifySubscriberRequest, requestId = 227
2024-04-25 18:09:08.294 INFO [nacos-grpc-client-executor-localhost-152:c.a.n.c.r.client] [628023e8-c176-4b35-a927-849480865c89] Ack server push request, request = NotifySubscriberRequest, requestId = 227
2024-04-25 18:09:10.777 INFO [nacos-grpc-client-executor-localhost-153:c.a.n.c.r.client] [628023e8-c176-4b35-a927-849480865c89] Receive server push request, request = NotifySubscriberRequest, requestId = 236
2024-04-25 18:09:10.778 INFO [nacos-grpc-client-executor-localhost-153:c.a.n.c.r.client] [628023e8-c176-4b35-a927-849480865c89] Ack server push request, request = NotifySubscriberRequest, requestId = 236
2024-04-25 18:11:14.604 INFO [Thread-2:c.a.n.c.r.client] Shutdown rpc client, set status to shutdown
2024-04-25 18:11:14.605 INFO [Thread-2:c.a.n.c.r.client] Shutdown client event executor java.util.concurrent.ScheduledThreadPoolExecutor@77c9c24[Running, pool size = 2, active threads = 2, queued tasks = 0, completed tasks = 0]
2024-04-25 18:11:14.605 INFO [Thread-2:c.a.n.c.r.client] Close current connection 1714039282109_127.0.0.1_56944
2024-04-25 18:11:14.606 INFO [nacos-grpc-client-executor-localhost-142:c.a.n.c.r.c.g.GrpcClient] [1714039282109_127.0.0.1_56944]Ignore complete event,isRunning:false,isAbandon=false
2024-04-25 18:11:14.613 INFO [Thread-2:c.a.n.c.r.c.g.GrpcClient] Shutdown grpc executor java.util.concurrent.ThreadPoolExecutor@3bc701ab[Running, pool size = 5, active threads = 0, queued tasks = 0, completed tasks = 143]
2024-04-25 18:11:14.835 INFO [nacos-grpc-client-executor-localhost-187:c.a.n.c.r.client] [628023e8-c176-4b35-a927-849480865c89] Receive server push request, request = NotifySubscriberRequest, requestId = 240
2024-04-25 18:11:14.837 INFO [nacos-grpc-client-executor-localhost-187:c.a.n.c.r.client] [628023e8-c176-4b35-a927-849480865c89] Ack server push request, request = NotifySubscriberRequest, requestId = 240
2024-04-25 18:11:26.689 INFO [Thread-2:c.a.n.c.r.client] Shutdown rpc client, set status to shutdown
2024-04-25 18:11:26.689 INFO [Thread-2:c.a.n.c.r.client] Shutdown client event executor java.util.concurrent.ScheduledThreadPoolExecutor@1d80ecc0[Running, pool size = 2, active threads = 2, queued tasks = 0, completed tasks = 0]
2024-04-25 18:11:26.689 INFO [Thread-2:c.a.n.c.r.client] Close current connection 1714039267586_127.0.0.1_56821
2024-04-25 18:11:26.689 INFO [Thread-2:c.a.n.c.r.c.g.GrpcClient] Shutdown grpc executor java.util.concurrent.ThreadPoolExecutor@4b0b526[Running, pool size = 2, active threads = 0, queued tasks = 0, completed tasks = 200]
2024-04-25 18:11:28.096 INFO [Thread-2:c.a.n.c.r.client] Shutdown rpc client, set status to shutdown
2024-04-25 18:11:28.097 INFO [Thread-2:c.a.n.c.r.client] Shutdown client event executor java.util.concurrent.ScheduledThreadPoolExecutor@23a86713[Running, pool size = 2, active threads = 2, queued tasks = 0, completed tasks = 0]
2024-04-25 18:11:28.097 INFO [Thread-2:c.a.n.c.r.client] Close current connection 1714039278686_127.0.0.1_56837
2024-04-25 18:11:28.097 INFO [Thread-2:c.a.n.c.r.c.g.GrpcClient] Shutdown grpc executor java.util.concurrent.ThreadPoolExecutor@7bbd5ab1[Running, pool size = 3, active threads = 0, queued tasks = 0, completed tasks = 125]
2024-04-25 18:11:31.516 INFO [restartedMain:c.a.n.c.r.client] [RpcClientFactory] create a new rpc client of 59a7f804-b1ce-4c44-a3e7-9947f3a6394d_config-0
2024-04-25 18:11:31.516 INFO [restartedMain:c.a.n.c.r.client] [59a7f804-b1ce-4c44-a3e7-9947f3a6394d_config-0] RpcClient init label, labels = {module=config, Vipserver-Tag=null, source=sdk, Amory-Tag=null, Location-Tag=null, taskId=0, AppName=unknown}
2024-04-25 18:11:31.516 INFO [restartedMain:c.a.n.c.r.client] [59a7f804-b1ce-4c44-a3e7-9947f3a6394d_config-0] Register server push request handler:com.alibaba.nacos.client.config.impl.ClientWorker$ConfigRpcTransportClient$$Lambda$719/1880334729
2024-04-25 18:11:31.516 INFO [restartedMain:c.a.n.c.r.client] [59a7f804-b1ce-4c44-a3e7-9947f3a6394d_config-0] Register server push request handler:com.alibaba.nacos.client.config.impl.ClientWorker$ConfigRpcTransportClient$$Lambda$720/2057973848
2024-04-25 18:11:31.516 INFO [restartedMain:c.a.n.c.r.client] [59a7f804-b1ce-4c44-a3e7-9947f3a6394d_config-0] Registry connection listener to current client:com.alibaba.nacos.client.config.impl.ClientWorker$ConfigRpcTransportClient$1
2024-04-25 18:11:31.516 INFO [restartedMain:c.a.n.c.r.client] [59a7f804-b1ce-4c44-a3e7-9947f3a6394d_config-0] RpcClient init, ServerListFactory = com.alibaba.nacos.client.config.impl.ClientWorker$ConfigRpcTransportClient$2
2024-04-25 18:11:31.516 INFO [restartedMain:c.a.n.c.r.client] [59a7f804-b1ce-4c44-a3e7-9947f3a6394d_config-0] Try to connect to server on start up, server: {serverIp = 'localhost', server main port = 8848}
2024-04-25 18:11:31.635 INFO [restartedMain:c.a.n.c.r.client] [59a7f804-b1ce-4c44-a3e7-9947f3a6394d_config-0] Success to connect to server [localhost:8848] on start up, connectionId = 1714039891523_127.0.0.1_58195
2024-04-25 18:11:31.635 INFO [restartedMain:c.a.n.c.r.client] [59a7f804-b1ce-4c44-a3e7-9947f3a6394d_config-0] Register server push request handler:com.alibaba.nacos.common.remote.client.RpcClient$ConnectResetRequestHandler
2024-04-25 18:11:31.635 INFO [restartedMain:c.a.n.c.r.client] [59a7f804-b1ce-4c44-a3e7-9947f3a6394d_config-0] Register server push request handler:com.alibaba.nacos.common.remote.client.RpcClient$$Lambda$729/1476982325
2024-04-25 18:11:31.635 INFO [com.alibaba.nacos.client.remote.worker:c.a.n.c.r.client] [59a7f804-b1ce-4c44-a3e7-9947f3a6394d_config-0] Notify connected event to listeners.
2024-04-25 18:11:39.688 INFO [restartedMain:c.a.n.c.r.client] [RpcClientFactory] create a new rpc client of 6da2c019-2e76-44dc-a8b1-b501c296ef2f
2024-04-25 18:11:39.688 INFO [restartedMain:c.a.n.c.r.client] [6da2c019-2e76-44dc-a8b1-b501c296ef2f] RpcClient init label, labels = {module=naming, source=sdk}
2024-04-25 18:11:39.688 INFO [restartedMain:c.a.n.c.r.client] [6da2c019-2e76-44dc-a8b1-b501c296ef2f] RpcClient init, ServerListFactory = com.alibaba.nacos.client.naming.core.ServerListManager
2024-04-25 18:11:39.688 INFO [restartedMain:c.a.n.c.r.client] [6da2c019-2e76-44dc-a8b1-b501c296ef2f] Registry connection listener to current client:com.alibaba.nacos.client.naming.remote.gprc.redo.NamingGrpcRedoService
2024-04-25 18:11:39.688 INFO [restartedMain:c.a.n.c.r.client] [6da2c019-2e76-44dc-a8b1-b501c296ef2f] Register server push request handler:com.alibaba.nacos.client.naming.remote.gprc.NamingPushRequestHandler
2024-04-25 18:11:39.688 INFO [restartedMain:c.a.n.c.r.client] [6da2c019-2e76-44dc-a8b1-b501c296ef2f] Try to connect to server on start up, server: {serverIp = '127.0.0.1', server main port = 8848}
2024-04-25 18:11:39.806 INFO [restartedMain:c.a.n.c.r.client] [6da2c019-2e76-44dc-a8b1-b501c296ef2f] Success to connect to server [127.0.0.1:8848] on start up, connectionId = 1714039899693_127.0.0.1_58207
2024-04-25 18:11:39.806 INFO [restartedMain:c.a.n.c.r.client] [6da2c019-2e76-44dc-a8b1-b501c296ef2f] Register server push request handler:com.alibaba.nacos.common.remote.client.RpcClient$ConnectResetRequestHandler
2024-04-25 18:11:39.806 INFO [restartedMain:c.a.n.c.r.client] [6da2c019-2e76-44dc-a8b1-b501c296ef2f] Register server push request handler:com.alibaba.nacos.common.remote.client.RpcClient$$Lambda$729/1476982325
2024-04-25 18:11:39.806 INFO [com.alibaba.nacos.client.remote.worker:c.a.n.c.r.client] [6da2c019-2e76-44dc-a8b1-b501c296ef2f] Notify connected event to listeners.
2024-04-25 18:11:42.382 INFO [nacos-grpc-client-executor-localhost-196:c.a.n.c.r.client] [628023e8-c176-4b35-a927-849480865c89] Receive server push request, request = NotifySubscriberRequest, requestId = 245
2024-04-25 18:11:42.386 INFO [nacos-grpc-client-executor-localhost-196:c.a.n.c.r.client] [628023e8-c176-4b35-a927-849480865c89] Ack server push request, request = NotifySubscriberRequest, requestId = 245
2024-04-25 18:11:43.088 INFO [restartedMain:c.a.n.c.r.client] Shutdown rpc client, set status to shutdown
2024-04-25 18:11:43.088 INFO [restartedMain:c.a.n.c.r.client] Shutdown client event executor java.util.concurrent.ScheduledThreadPoolExecutor@7d25be75[Running, pool size = 2, active threads = 2, queued tasks = 0, completed tasks = 0]
2024-04-25 18:11:43.088 INFO [restartedMain:c.a.n.c.r.client] Close current connection 1714039891523_127.0.0.1_58195
2024-04-25 18:11:43.088 INFO [restartedMain:c.a.n.c.r.c.g.GrpcClient] Shutdown grpc executor java.util.concurrent.ThreadPoolExecutor@7b6a09d8[Running, pool size = 11, active threads = 0, queued tasks = 0, completed tasks = 16]
2024-04-25 18:11:44.423 INFO [restartedMain:c.a.n.c.r.client] Shutdown rpc client, set status to shutdown
2024-04-25 18:11:44.423 INFO [restartedMain:c.a.n.c.r.client] Shutdown client event executor java.util.concurrent.ScheduledThreadPoolExecutor@31a56123[Running, pool size = 2, active threads = 2, queued tasks = 0, completed tasks = 0]
2024-04-25 18:11:44.423 INFO [restartedMain:c.a.n.c.r.client] Close current connection 1714039899693_127.0.0.1_58207
2024-04-25 18:11:44.424 INFO [restartedMain:c.a.n.c.r.c.g.GrpcClient] Shutdown grpc executor java.util.concurrent.ThreadPoolExecutor@35ab6f2b[Running, pool size = 5, active threads = 0, queued tasks = 0, completed tasks = 5]
2024-04-25 18:11:44.639 INFO [nacos-grpc-client-executor-localhost-197:c.a.n.c.r.client] [628023e8-c176-4b35-a927-849480865c89] Receive server push request, request = NotifySubscriberRequest, requestId = 254
2024-04-25 18:11:44.640 INFO [nacos-grpc-client-executor-localhost-197:c.a.n.c.r.client] [628023e8-c176-4b35-a927-849480865c89] Ack server push request, request = NotifySubscriberRequest, requestId = 254
2024-04-25 18:55:01.550 INFO [restartedMain:c.a.n.c.r.client] [RpcClientFactory] create a new rpc client of 84bb98b8-141a-40f5-850e-ec0dbb7ec677_config-0
2024-04-25 18:55:01.644 INFO [restartedMain:c.a.n.c.r.client] [84bb98b8-141a-40f5-850e-ec0dbb7ec677_config-0] RpcClient init label, labels = {module=config, Vipserver-Tag=null, source=sdk, Amory-Tag=null, Location-Tag=null, taskId=0, AppName=unknown}
2024-04-25 18:55:01.644 INFO [restartedMain:c.a.n.c.r.client] [84bb98b8-141a-40f5-850e-ec0dbb7ec677_config-0] Register server push request handler:com.alibaba.nacos.client.config.impl.ClientWorker$ConfigRpcTransportClient$$Lambda$719/660011027
2024-04-25 18:55:01.644 INFO [restartedMain:c.a.n.c.r.client] [84bb98b8-141a-40f5-850e-ec0dbb7ec677_config-0] Register server push request handler:com.alibaba.nacos.client.config.impl.ClientWorker$ConfigRpcTransportClient$$Lambda$720/999953504
2024-04-25 18:55:01.644 INFO [restartedMain:c.a.n.c.r.client] [84bb98b8-141a-40f5-850e-ec0dbb7ec677_config-0] Registry connection listener to current client:com.alibaba.nacos.client.config.impl.ClientWorker$ConfigRpcTransportClient$1
2024-04-25 18:55:01.644 INFO [restartedMain:c.a.n.c.r.client] [84bb98b8-141a-40f5-850e-ec0dbb7ec677_config-0] RpcClient init, ServerListFactory = com.alibaba.nacos.client.config.impl.ClientWorker$ConfigRpcTransportClient$2
2024-04-25 18:55:01.644 INFO [restartedMain:c.a.n.c.r.client] [84bb98b8-141a-40f5-850e-ec0dbb7ec677_config-0] Try to connect to server on start up, server: {serverIp = 'localhost', server main port = 8848}
2024-04-25 18:55:04.292 INFO [restartedMain:c.a.n.c.r.client] [84bb98b8-141a-40f5-850e-ec0dbb7ec677_config-0] Success to connect to server [localhost:8848] on start up, connectionId = 1714042504053_127.0.0.1_61950
2024-04-25 18:55:04.292 INFO [com.alibaba.nacos.client.remote.worker:c.a.n.c.r.client] [84bb98b8-141a-40f5-850e-ec0dbb7ec677_config-0] Notify connected event to listeners.
2024-04-25 18:55:04.292 INFO [restartedMain:c.a.n.c.r.client] [84bb98b8-141a-40f5-850e-ec0dbb7ec677_config-0] Register server push request handler:com.alibaba.nacos.common.remote.client.RpcClient$ConnectResetRequestHandler
2024-04-25 18:55:04.292 INFO [restartedMain:c.a.n.c.r.client] [84bb98b8-141a-40f5-850e-ec0dbb7ec677_config-0] Register server push request handler:com.alibaba.nacos.common.remote.client.RpcClient$$Lambda$729/1274212408
2024-04-25 18:55:14.981 INFO [restartedMain:c.a.n.c.r.client] [RpcClientFactory] create a new rpc client of 6a518663-94d2-4577-b6d7-df7cf6aeb086
2024-04-25 18:55:14.981 INFO [restartedMain:c.a.n.c.r.client] [6a518663-94d2-4577-b6d7-df7cf6aeb086] RpcClient init label, labels = {module=naming, source=sdk}
2024-04-25 18:55:14.981 INFO [restartedMain:c.a.n.c.r.client] [6a518663-94d2-4577-b6d7-df7cf6aeb086] RpcClient init, ServerListFactory = com.alibaba.nacos.client.naming.core.ServerListManager
2024-04-25 18:55:14.981 INFO [restartedMain:c.a.n.c.r.client] [6a518663-94d2-4577-b6d7-df7cf6aeb086] Registry connection listener to current client:com.alibaba.nacos.client.naming.remote.gprc.redo.NamingGrpcRedoService
2024-04-25 18:55:14.981 INFO [restartedMain:c.a.n.c.r.client] [6a518663-94d2-4577-b6d7-df7cf6aeb086] Register server push request handler:com.alibaba.nacos.client.naming.remote.gprc.NamingPushRequestHandler
2024-04-25 18:55:14.981 INFO [restartedMain:c.a.n.c.r.client] [6a518663-94d2-4577-b6d7-df7cf6aeb086] Try to connect to server on start up, server: {serverIp = '127.0.0.1', server main port = 8848}
2024-04-25 18:55:15.110 INFO [restartedMain:c.a.n.c.r.client] [6a518663-94d2-4577-b6d7-df7cf6aeb086] Success to connect to server [127.0.0.1:8848] on start up, connectionId = 1714042514997_127.0.0.1_61959
2024-04-25 18:55:15.110 INFO [restartedMain:c.a.n.c.r.client] [6a518663-94d2-4577-b6d7-df7cf6aeb086] Register server push request handler:com.alibaba.nacos.common.remote.client.RpcClient$ConnectResetRequestHandler
2024-04-25 18:55:15.110 INFO [com.alibaba.nacos.client.remote.worker:c.a.n.c.r.client] [6a518663-94d2-4577-b6d7-df7cf6aeb086] Notify connected event to listeners.
2024-04-25 18:55:15.110 INFO [restartedMain:c.a.n.c.r.client] [6a518663-94d2-4577-b6d7-df7cf6aeb086] Register server push request handler:com.alibaba.nacos.common.remote.client.RpcClient$$Lambda$729/1274212408
2024-04-25 18:55:18.179 INFO [restartedMain:c.a.n.c.r.client] [RpcClientFactory] create a new rpc client of 9ef53bed-3107-4dc2-91eb-f1b66758dbed
2024-04-25 18:55:18.179 INFO [restartedMain:c.a.n.c.r.client] [9ef53bed-3107-4dc2-91eb-f1b66758dbed] RpcClient init label, labels = {module=naming, source=sdk}
2024-04-25 18:55:18.179 INFO [restartedMain:c.a.n.c.r.client] [9ef53bed-3107-4dc2-91eb-f1b66758dbed] RpcClient init, ServerListFactory = com.alibaba.nacos.client.naming.core.ServerListManager
2024-04-25 18:55:18.179 INFO [restartedMain:c.a.n.c.r.client] [9ef53bed-3107-4dc2-91eb-f1b66758dbed] Registry connection listener to current client:com.alibaba.nacos.client.naming.remote.gprc.redo.NamingGrpcRedoService
2024-04-25 18:55:18.179 INFO [restartedMain:c.a.n.c.r.client] [9ef53bed-3107-4dc2-91eb-f1b66758dbed] Register server push request handler:com.alibaba.nacos.client.naming.remote.gprc.NamingPushRequestHandler
2024-04-25 18:55:18.179 INFO [restartedMain:c.a.n.c.r.client] [9ef53bed-3107-4dc2-91eb-f1b66758dbed] Try to connect to server on start up, server: {serverIp = 'localhost', server main port = 8848}
2024-04-25 18:55:18.309 INFO [restartedMain:c.a.n.c.r.client] [9ef53bed-3107-4dc2-91eb-f1b66758dbed] Success to connect to server [localhost:8848] on start up, connectionId = 1714042518196_127.0.0.1_62065
2024-04-25 18:55:18.309 INFO [restartedMain:c.a.n.c.r.client] [9ef53bed-3107-4dc2-91eb-f1b66758dbed] Register server push request handler:com.alibaba.nacos.common.remote.client.RpcClient$ConnectResetRequestHandler
2024-04-25 18:55:18.309 INFO [com.alibaba.nacos.client.remote.worker:c.a.n.c.r.client] [9ef53bed-3107-4dc2-91eb-f1b66758dbed] Notify connected event to listeners.
2024-04-25 18:55:18.309 INFO [restartedMain:c.a.n.c.r.client] [9ef53bed-3107-4dc2-91eb-f1b66758dbed] Register server push request handler:com.alibaba.nacos.common.remote.client.RpcClient$$Lambda$729/1274212408
2024-04-25 18:55:18.341 INFO [restartedMain:c.a.n.c.r.client] [RpcClientFactory] create a new rpc client of 095fe17d-031f-4e6d-810d-a22c71a45b8e
2024-04-25 18:55:18.341 INFO [restartedMain:c.a.n.c.r.client] [095fe17d-031f-4e6d-810d-a22c71a45b8e] RpcClient init label, labels = {module=naming, source=sdk}
2024-04-25 18:55:18.341 INFO [restartedMain:c.a.n.c.r.client] [095fe17d-031f-4e6d-810d-a22c71a45b8e] RpcClient init, ServerListFactory = com.alibaba.nacos.client.naming.core.ServerListManager
2024-04-25 18:55:18.341 INFO [restartedMain:c.a.n.c.r.client] [095fe17d-031f-4e6d-810d-a22c71a45b8e] Registry connection listener to current client:com.alibaba.nacos.client.naming.remote.gprc.redo.NamingGrpcRedoService
2024-04-25 18:55:18.341 INFO [restartedMain:c.a.n.c.r.client] [095fe17d-031f-4e6d-810d-a22c71a45b8e] Register server push request handler:com.alibaba.nacos.client.naming.remote.gprc.NamingPushRequestHandler
2024-04-25 18:55:18.341 INFO [restartedMain:c.a.n.c.r.client] [095fe17d-031f-4e6d-810d-a22c71a45b8e] Try to connect to server on start up, server: {serverIp = 'localhost', server main port = 8848}
2024-04-25 18:55:18.469 INFO [restartedMain:c.a.n.c.r.client] [095fe17d-031f-4e6d-810d-a22c71a45b8e] Success to connect to server [localhost:8848] on start up, connectionId = 1714042518341_127.0.0.1_62066
2024-04-25 18:55:18.469 INFO [restartedMain:c.a.n.c.r.client] [095fe17d-031f-4e6d-810d-a22c71a45b8e] Register server push request handler:com.alibaba.nacos.common.remote.client.RpcClient$ConnectResetRequestHandler
2024-04-25 18:55:18.469 INFO [com.alibaba.nacos.client.remote.worker:c.a.n.c.r.client] [095fe17d-031f-4e6d-810d-a22c71a45b8e] Notify connected event to listeners.
2024-04-25 18:55:18.469 INFO [restartedMain:c.a.n.c.r.client] [095fe17d-031f-4e6d-810d-a22c71a45b8e] Register server push request handler:com.alibaba.nacos.common.remote.client.RpcClient$$Lambda$729/1274212408
2024-04-25 18:55:18.502 INFO [restartedMain:c.a.n.c.r.client] [RpcClientFactory] create a new rpc client of 78c58896-2c8c-4344-a493-8ae0a70adda8_config-0
2024-04-25 18:55:18.502 INFO [restartedMain:c.a.n.c.r.client] [78c58896-2c8c-4344-a493-8ae0a70adda8_config-0] RpcClient init label, labels = {module=config, Vipserver-Tag=null, source=sdk, Amory-Tag=null, Location-Tag=null, taskId=0, AppName=unknown}
2024-04-25 18:55:18.502 INFO [restartedMain:c.a.n.c.r.client] [78c58896-2c8c-4344-a493-8ae0a70adda8_config-0] Register server push request handler:com.alibaba.nacos.client.config.impl.ClientWorker$ConfigRpcTransportClient$$Lambda$719/660011027
2024-04-25 18:55:18.502 INFO [restartedMain:c.a.n.c.r.client] [78c58896-2c8c-4344-a493-8ae0a70adda8_config-0] Register server push request handler:com.alibaba.nacos.client.config.impl.ClientWorker$ConfigRpcTransportClient$$Lambda$720/999953504
2024-04-25 18:55:18.502 INFO [restartedMain:c.a.n.c.r.client] [78c58896-2c8c-4344-a493-8ae0a70adda8_config-0] Registry connection listener to current client:com.alibaba.nacos.client.config.impl.ClientWorker$ConfigRpcTransportClient$1
2024-04-25 18:55:18.502 INFO [restartedMain:c.a.n.c.r.client] [78c58896-2c8c-4344-a493-8ae0a70adda8_config-0] RpcClient init, ServerListFactory = com.alibaba.nacos.client.config.impl.ClientWorker$ConfigRpcTransportClient$2
2024-04-25 18:55:18.503 INFO [restartedMain:c.a.n.c.r.client] [78c58896-2c8c-4344-a493-8ae0a70adda8_config-0] Try to connect to server on start up, server: {serverIp = 'localhost', server main port = 8848}
2024-04-25 18:55:18.619 INFO [restartedMain:c.a.n.c.r.client] [78c58896-2c8c-4344-a493-8ae0a70adda8_config-0] Success to connect to server [localhost:8848] on start up, connectionId = 1714042518503_127.0.0.1_62067
2024-04-25 18:55:18.619 INFO [restartedMain:c.a.n.c.r.client] [78c58896-2c8c-4344-a493-8ae0a70adda8_config-0] Register server push request handler:com.alibaba.nacos.common.remote.client.RpcClient$ConnectResetRequestHandler
2024-04-25 18:55:18.619 INFO [com.alibaba.nacos.client.remote.worker:c.a.n.c.r.client] [78c58896-2c8c-4344-a493-8ae0a70adda8_config-0] Notify connected event to listeners.
2024-04-25 18:55:18.619 INFO [restartedMain:c.a.n.c.r.client] [78c58896-2c8c-4344-a493-8ae0a70adda8_config-0] Register server push request handler:com.alibaba.nacos.common.remote.client.RpcClient$$Lambda$729/1274212408
2024-04-25 18:55:19.003 INFO [nacos-grpc-client-executor-localhost-9:c.a.n.c.r.client] [095fe17d-031f-4e6d-810d-a22c71a45b8e] Receive server push request, request = NotifySubscriberRequest, requestId = 334
2024-04-25 18:55:19.003 INFO [nacos-grpc-client-executor-localhost-9:c.a.n.c.r.client] [095fe17d-031f-4e6d-810d-a22c71a45b8e] Ack server push request, request = NotifySubscriberRequest, requestId = 334
2024-04-25 18:55:19.019 INFO [nacos-grpc-client-executor-localhost-10:c.a.n.c.r.client] [095fe17d-031f-4e6d-810d-a22c71a45b8e] Receive server push request, request = NotifySubscriberRequest, requestId = 336
2024-04-25 18:55:19.019 INFO [nacos-grpc-client-executor-localhost-10:c.a.n.c.r.client] [095fe17d-031f-4e6d-810d-a22c71a45b8e] Ack server push request, request = NotifySubscriberRequest, requestId = 336
2024-04-25 18:55:19.221 INFO [nacos-grpc-client-executor-localhost-11:c.a.n.c.r.client] [095fe17d-031f-4e6d-810d-a22c71a45b8e] Receive server push request, request = NotifySubscriberRequest, requestId = 337
2024-04-25 18:55:19.222 INFO [nacos-grpc-client-executor-localhost-11:c.a.n.c.r.client] [095fe17d-031f-4e6d-810d-a22c71a45b8e] Ack server push request, request = NotifySubscriberRequest, requestId = 337
2024-04-25 18:55:19.223 INFO [nacos-grpc-client-executor-localhost-12:c.a.n.c.r.client] [095fe17d-031f-4e6d-810d-a22c71a45b8e] Receive server push request, request = NotifySubscriberRequest, requestId = 338
2024-04-25 18:55:19.223 INFO [nacos-grpc-client-executor-localhost-12:c.a.n.c.r.client] [095fe17d-031f-4e6d-810d-a22c71a45b8e] Ack server push request, request = NotifySubscriberRequest, requestId = 338
2024-04-25 18:55:19.547 INFO [nacos-grpc-client-executor-localhost-6:c.a.n.c.r.client] [9ef53bed-3107-4dc2-91eb-f1b66758dbed] Receive server push request, request = NotifySubscriberRequest, requestId = 339
2024-04-25 18:55:19.547 INFO [nacos-grpc-client-executor-localhost-6:c.a.n.c.r.client] [9ef53bed-3107-4dc2-91eb-f1b66758dbed] Ack server push request, request = NotifySubscriberRequest, requestId = 339
2024-04-25 18:55:19.547 INFO [nacos-grpc-client-executor-localhost-7:c.a.n.c.r.client] [9ef53bed-3107-4dc2-91eb-f1b66758dbed] Receive server push request, request = NotifySubscriberRequest, requestId = 340
2024-04-25 18:55:19.547 INFO [nacos-grpc-client-executor-localhost-7:c.a.n.c.r.client] [9ef53bed-3107-4dc2-91eb-f1b66758dbed] Ack server push request, request = NotifySubscriberRequest, requestId = 340
2024-04-25 18:55:19.882 INFO [nacos-grpc-client-executor-localhost-18:c.a.n.c.r.client] [095fe17d-031f-4e6d-810d-a22c71a45b8e] Receive server push request, request = NotifySubscriberRequest, requestId = 341
2024-04-25 18:55:19.882 INFO [nacos-grpc-client-executor-localhost-18:c.a.n.c.r.client] [095fe17d-031f-4e6d-810d-a22c71a45b8e] Ack server push request, request = NotifySubscriberRequest, requestId = 341
2024-04-25 18:58:30.983 INFO [nacos-grpc-client-executor-localhost-79:c.a.n.c.r.client] [095fe17d-031f-4e6d-810d-a22c71a45b8e] Receive server push request, request = NotifySubscriberRequest, requestId = 343
2024-04-25 18:58:30.983 INFO [nacos-grpc-client-executor-localhost-52:c.a.n.c.r.client] [9ef53bed-3107-4dc2-91eb-f1b66758dbed] Receive server push request, request = NotifySubscriberRequest, requestId = 344
2024-04-25 18:58:30.983 INFO [nacos-grpc-client-executor-localhost-79:c.a.n.c.r.client] [095fe17d-031f-4e6d-810d-a22c71a45b8e] Ack server push request, request = NotifySubscriberRequest, requestId = 343
2024-04-25 18:58:30.983 INFO [nacos-grpc-client-executor-localhost-52:c.a.n.c.r.client] [9ef53bed-3107-4dc2-91eb-f1b66758dbed] Ack server push request, request = NotifySubscriberRequest, requestId = 344
2024-04-25 18:59:01.244 INFO [nacos-grpc-client-executor-localhost-85:c.a.n.c.r.client] [095fe17d-031f-4e6d-810d-a22c71a45b8e] Receive server push request, request = NotifySubscriberRequest, requestId = 349
2024-04-25 18:59:01.244 INFO [nacos-grpc-client-executor-localhost-85:c.a.n.c.r.client] [095fe17d-031f-4e6d-810d-a22c71a45b8e] Ack server push request, request = NotifySubscriberRequest, requestId = 349
2024-04-25 18:59:02.014 INFO [nacos-grpc-client-executor-localhost-58:c.a.n.c.r.client] [9ef53bed-3107-4dc2-91eb-f1b66758dbed] Receive server push request, request = NotifySubscriberRequest, requestId = 355
2024-04-25 18:59:02.015 INFO [nacos-grpc-client-executor-localhost-58:c.a.n.c.r.client] [9ef53bed-3107-4dc2-91eb-f1b66758dbed] Ack server push request, request = NotifySubscriberRequest, requestId = 355
2024-04-25 19:04:12.124 INFO [nacos-grpc-client-executor-localhost-166:c.a.n.c.r.client] [095fe17d-031f-4e6d-810d-a22c71a45b8e] Receive server push request, request = NotifySubscriberRequest, requestId = 359
2024-04-25 19:04:12.124 INFO [nacos-grpc-client-executor-localhost-166:c.a.n.c.r.client] [095fe17d-031f-4e6d-810d-a22c71a45b8e] Ack server push request, request = NotifySubscriberRequest, requestId = 359
2024-04-25 19:04:14.449 INFO [nacos-grpc-client-executor-localhost-167:c.a.n.c.r.client] [095fe17d-031f-4e6d-810d-a22c71a45b8e] Receive server push request, request = NotifySubscriberRequest, requestId = 368
2024-04-25 19:04:14.449 INFO [nacos-grpc-client-executor-localhost-167:c.a.n.c.r.client] [095fe17d-031f-4e6d-810d-a22c71a45b8e] Ack server push request, request = NotifySubscriberRequest, requestId = 368
2024-04-25 19:08:18.063 INFO [nacos-grpc-client-executor-localhost-177:c.a.n.c.r.client] [9ef53bed-3107-4dc2-91eb-f1b66758dbed] Receive server push request, request = NotifySubscriberRequest, requestId = 371
2024-04-25 19:08:18.063 INFO [nacos-grpc-client-executor-localhost-228:c.a.n.c.r.client] [095fe17d-031f-4e6d-810d-a22c71a45b8e] Receive server push request, request = NotifySubscriberRequest, requestId = 370
2024-04-25 19:08:18.063 INFO [nacos-grpc-client-executor-localhost-228:c.a.n.c.r.client] [095fe17d-031f-4e6d-810d-a22c71a45b8e] Ack server push request, request = NotifySubscriberRequest, requestId = 370
2024-04-25 19:08:18.063 INFO [nacos-grpc-client-executor-localhost-177:c.a.n.c.r.client] [9ef53bed-3107-4dc2-91eb-f1b66758dbed] Ack server push request, request = NotifySubscriberRequest, requestId = 371
2024-04-25 19:08:53.777 INFO [nacos-grpc-client-executor-localhost-240:c.a.n.c.r.client] [095fe17d-031f-4e6d-810d-a22c71a45b8e] Receive server push request, request = NotifySubscriberRequest, requestId = 376
2024-04-25 19:08:53.778 INFO [nacos-grpc-client-executor-localhost-240:c.a.n.c.r.client] [095fe17d-031f-4e6d-810d-a22c71a45b8e] Ack server push request, request = NotifySubscriberRequest, requestId = 376
2024-04-25 19:08:54.535 INFO [nacos-grpc-client-executor-localhost-186:c.a.n.c.r.client] [9ef53bed-3107-4dc2-91eb-f1b66758dbed] Receive server push request, request = NotifySubscriberRequest, requestId = 382
2024-04-25 19:08:54.535 INFO [nacos-grpc-client-executor-localhost-186:c.a.n.c.r.client] [9ef53bed-3107-4dc2-91eb-f1b66758dbed] Ack server push request, request = NotifySubscriberRequest, requestId = 382
2024-04-25 19:09:42.814 INFO [nacos-grpc-client-executor-localhost-252:c.a.n.c.r.client] [095fe17d-031f-4e6d-810d-a22c71a45b8e] Receive server push request, request = NotifySubscriberRequest, requestId = 384
2024-04-25 19:09:42.815 INFO [nacos-grpc-client-executor-localhost-252:c.a.n.c.r.client] [095fe17d-031f-4e6d-810d-a22c71a45b8e] Ack server push request, request = NotifySubscriberRequest, requestId = 384
2024-04-25 19:09:45.664 INFO [nacos-grpc-client-executor-localhost-253:c.a.n.c.r.client] [095fe17d-031f-4e6d-810d-a22c71a45b8e] Receive server push request, request = NotifySubscriberRequest, requestId = 392
2024-04-25 19:09:45.664 INFO [nacos-grpc-client-executor-localhost-253:c.a.n.c.r.client] [095fe17d-031f-4e6d-810d-a22c71a45b8e] Ack server push request, request = NotifySubscriberRequest, requestId = 392
2024-04-25 19:10:42.684 INFO [nacos-grpc-client-executor-localhost-210:c.a.n.c.r.client] [9ef53bed-3107-4dc2-91eb-f1b66758dbed] Receive server push request, request = NotifySubscriberRequest, requestId = 394
2024-04-25 19:10:42.684 INFO [nacos-grpc-client-executor-localhost-266:c.a.n.c.r.client] [095fe17d-031f-4e6d-810d-a22c71a45b8e] Receive server push request, request = NotifySubscriberRequest, requestId = 396
2024-04-25 19:10:42.684 INFO [nacos-grpc-client-executor-localhost-210:c.a.n.c.r.client] [9ef53bed-3107-4dc2-91eb-f1b66758dbed] Ack server push request, request = NotifySubscriberRequest, requestId = 394
2024-04-25 19:10:42.684 INFO [nacos-grpc-client-executor-localhost-266:c.a.n.c.r.client] [095fe17d-031f-4e6d-810d-a22c71a45b8e] Ack server push request, request = NotifySubscriberRequest, requestId = 396
2024-04-25 19:11:30.244 INFO [nacos-grpc-client-executor-localhost-279:c.a.n.c.r.client] [095fe17d-031f-4e6d-810d-a22c71a45b8e] Receive server push request, request = NotifySubscriberRequest, requestId = 401
2024-04-25 19:11:30.244 INFO [nacos-grpc-client-executor-localhost-279:c.a.n.c.r.client] [095fe17d-031f-4e6d-810d-a22c71a45b8e] Ack server push request, request = NotifySubscriberRequest, requestId = 401
2024-04-25 19:11:31.013 INFO [nacos-grpc-client-executor-localhost-221:c.a.n.c.r.client] [9ef53bed-3107-4dc2-91eb-f1b66758dbed] Receive server push request, request = NotifySubscriberRequest, requestId = 407
2024-04-25 19:11:31.013 INFO [nacos-grpc-client-executor-localhost-221:c.a.n.c.r.client] [9ef53bed-3107-4dc2-91eb-f1b66758dbed] Ack server push request, request = NotifySubscriberRequest, requestId = 407
2024-04-25 19:12:13.315 INFO [DubboShutdownHook:c.a.n.c.r.client] Shutdown rpc client, set status to shutdown
2024-04-25 19:12:13.315 INFO [DubboShutdownHook:c.a.n.c.r.client] Shutdown client event executor java.util.concurrent.ScheduledThreadPoolExecutor@6c6c5344[Running, pool size = 2, active threads = 2, queued tasks = 0, completed tasks = 0]
2024-04-25 19:12:13.315 INFO [DubboShutdownHook:c.a.n.c.r.client] Close current connection 1714042518196_127.0.0.1_62065
2024-04-25 19:12:13.315 INFO [DubboShutdownHook:c.a.n.c.r.c.g.GrpcClient] Shutdown grpc executor java.util.concurrent.ThreadPoolExecutor@3e293efe[Running, pool size = 2, active threads = 0, queued tasks = 0, completed tasks = 229]
2024-04-25 19:12:13.331 INFO [com.alibaba.nacos.client.remote.worker:c.a.n.c.r.client] [9ef53bed-3107-4dc2-91eb-f1b66758dbed] Notify disconnected event to listeners
2024-04-25 19:12:13.673 INFO [SpringApplicationShutdownHook:c.a.n.c.r.client] Shutdown rpc client, set status to shutdown
2024-04-25 19:12:13.673 INFO [SpringApplicationShutdownHook:c.a.n.c.r.client] Shutdown client event executor java.util.concurrent.ScheduledThreadPoolExecutor@33e6cc4a[Running, pool size = 2, active threads = 2, queued tasks = 0, completed tasks = 0]
2024-04-25 19:12:13.673 INFO [SpringApplicationShutdownHook:c.a.n.c.r.client] Close current connection 1714042514997_127.0.0.1_61959
2024-04-25 19:12:13.673 INFO [SpringApplicationShutdownHook:c.a.n.c.r.c.g.GrpcClient] Shutdown grpc executor java.util.concurrent.ThreadPoolExecutor@688c2104[Running, pool size = 3, active threads = 0, queued tasks = 0, completed tasks = 208]
