2024-04-23 18:22:50.243 INFO [restartedMain:c.a.n.c.r.client] [RpcClientFactory] create a new rpc client of a42a29ca-bc98-45a1-bfaa-d3b3f40acdd3_config-0
2024-04-23 18:22:50.322 INFO [restartedMain:c.a.n.c.r.client] [a42a29ca-bc98-45a1-bfaa-d3b3f40acdd3_config-0] RpcClient init label, labels = {module=config, Vipserver-Tag=null, source=sdk, Amory-Tag=null, Location-Tag=null, taskId=0, AppName=unknown}
2024-04-23 18:22:50.322 INFO [restartedMain:c.a.n.c.r.client] [a42a29ca-bc98-45a1-bfaa-d3b3f40acdd3_config-0] Register server push request handler:com.alibaba.nacos.client.config.impl.ClientWorker$ConfigRpcTransportClient$$Lambda$557/470394961
2024-04-23 18:22:50.322 INFO [restartedMain:c.a.n.c.r.client] [a42a29ca-bc98-45a1-bfaa-d3b3f40acdd3_config-0] Register server push request handler:com.alibaba.nacos.client.config.impl.ClientWorker$ConfigRpcTransportClient$$Lambda$558/1057609801
2024-04-23 18:22:50.322 INFO [restartedMain:c.a.n.c.r.client] [a42a29ca-bc98-45a1-bfaa-d3b3f40acdd3_config-0] Registry connection listener to current client:com.alibaba.nacos.client.config.impl.ClientWorker$ConfigRpcTransportClient$1
2024-04-23 18:22:50.322 INFO [restartedMain:c.a.n.c.r.client] [a42a29ca-bc98-45a1-bfaa-d3b3f40acdd3_config-0] RpcClient init, ServerListFactory = com.alibaba.nacos.client.config.impl.ClientWorker$ConfigRpcTransportClient$2
2024-04-23 18:22:50.322 INFO [restartedMain:c.a.n.c.r.client] [a42a29ca-bc98-45a1-bfaa-d3b3f40acdd3_config-0] Try to connect to server on start up, server: {serverIp = 'localhost', server main port = 8848}
2024-04-23 18:22:52.727 INFO [restartedMain:c.a.n.c.r.client] [a42a29ca-bc98-45a1-bfaa-d3b3f40acdd3_config-0] Success to connect to server [localhost:8848] on start up, connectionId = 1713867772539_127.0.0.1_52848
2024-04-23 18:22:52.728 INFO [com.alibaba.nacos.client.remote.worker:c.a.n.c.r.client] [a42a29ca-bc98-45a1-bfaa-d3b3f40acdd3_config-0] Notify connected event to listeners.
2024-04-23 18:22:52.728 INFO [restartedMain:c.a.n.c.r.client] [a42a29ca-bc98-45a1-bfaa-d3b3f40acdd3_config-0] Register server push request handler:com.alibaba.nacos.common.remote.client.RpcClient$ConnectResetRequestHandler
2024-04-23 18:22:52.728 INFO [restartedMain:c.a.n.c.r.client] [a42a29ca-bc98-45a1-bfaa-d3b3f40acdd3_config-0] Register server push request handler:com.alibaba.nacos.common.remote.client.RpcClient$$Lambda$567/743782592
2024-04-23 18:23:01.551 INFO [restartedMain:c.a.n.c.r.client] [RpcClientFactory] create a new rpc client of 349a8ba5-f779-403d-b58e-3925c6185d8e
2024-04-23 18:23:01.551 INFO [restartedMain:c.a.n.c.r.client] [349a8ba5-f779-403d-b58e-3925c6185d8e] RpcClient init label, labels = {module=naming, source=sdk}
2024-04-23 18:23:01.551 INFO [restartedMain:c.a.n.c.r.client] [349a8ba5-f779-403d-b58e-3925c6185d8e] RpcClient init, ServerListFactory = com.alibaba.nacos.client.naming.core.ServerListManager
2024-04-23 18:23:01.551 INFO [restartedMain:c.a.n.c.r.client] [349a8ba5-f779-403d-b58e-3925c6185d8e] Registry connection listener to current client:com.alibaba.nacos.client.naming.remote.gprc.redo.NamingGrpcRedoService
2024-04-23 18:23:01.551 INFO [restartedMain:c.a.n.c.r.client] [349a8ba5-f779-403d-b58e-3925c6185d8e] Register server push request handler:com.alibaba.nacos.client.naming.remote.gprc.NamingPushRequestHandler
2024-04-23 18:23:01.563 INFO [restartedMain:c.a.n.c.r.client] [349a8ba5-f779-403d-b58e-3925c6185d8e] Try to connect to server on start up, server: {serverIp = '127.0.0.1', server main port = 8848}
2024-04-23 18:23:01.676 INFO [restartedMain:c.a.n.c.r.client] [349a8ba5-f779-403d-b58e-3925c6185d8e] Success to connect to server [127.0.0.1:8848] on start up, connectionId = 1713867781563_127.0.0.1_52889
2024-04-23 18:23:01.676 INFO [restartedMain:c.a.n.c.r.client] [349a8ba5-f779-403d-b58e-3925c6185d8e] Register server push request handler:com.alibaba.nacos.common.remote.client.RpcClient$ConnectResetRequestHandler
2024-04-23 18:23:01.676 INFO [restartedMain:c.a.n.c.r.client] [349a8ba5-f779-403d-b58e-3925c6185d8e] Register server push request handler:com.alibaba.nacos.common.remote.client.RpcClient$$Lambda$567/743782592
2024-04-23 18:23:01.676 INFO [com.alibaba.nacos.client.remote.worker:c.a.n.c.r.client] [349a8ba5-f779-403d-b58e-3925c6185d8e] Notify connected event to listeners.
2024-04-23 18:23:01.823 INFO [restartedMain:c.a.n.c.r.client] [RpcClientFactory] create a new rpc client of d2fecfae-79df-46f6-93ea-0a3e3c9bdbe0
2024-04-23 18:23:01.823 INFO [restartedMain:c.a.n.c.r.client] [d2fecfae-79df-46f6-93ea-0a3e3c9bdbe0] RpcClient init label, labels = {module=naming, source=sdk}
2024-04-23 18:23:01.823 INFO [restartedMain:c.a.n.c.r.client] [d2fecfae-79df-46f6-93ea-0a3e3c9bdbe0] RpcClient init, ServerListFactory = com.alibaba.nacos.client.naming.core.ServerListManager
2024-04-23 18:23:01.823 INFO [restartedMain:c.a.n.c.r.client] [d2fecfae-79df-46f6-93ea-0a3e3c9bdbe0] Registry connection listener to current client:com.alibaba.nacos.client.naming.remote.gprc.redo.NamingGrpcRedoService
2024-04-23 18:23:01.823 INFO [restartedMain:c.a.n.c.r.client] [d2fecfae-79df-46f6-93ea-0a3e3c9bdbe0] Register server push request handler:com.alibaba.nacos.client.naming.remote.gprc.NamingPushRequestHandler
2024-04-23 18:23:01.823 INFO [restartedMain:c.a.n.c.r.client] [d2fecfae-79df-46f6-93ea-0a3e3c9bdbe0] Try to connect to server on start up, server: {serverIp = 'localhost', server main port = 8848}
2024-04-23 18:23:01.954 INFO [restartedMain:c.a.n.c.r.client] [d2fecfae-79df-46f6-93ea-0a3e3c9bdbe0] Success to connect to server [localhost:8848] on start up, connectionId = 1713867781823_127.0.0.1_52956
2024-04-23 18:23:01.954 INFO [restartedMain:c.a.n.c.r.client] [d2fecfae-79df-46f6-93ea-0a3e3c9bdbe0] Register server push request handler:com.alibaba.nacos.common.remote.client.RpcClient$ConnectResetRequestHandler
2024-04-23 18:23:01.954 INFO [restartedMain:c.a.n.c.r.client] [d2fecfae-79df-46f6-93ea-0a3e3c9bdbe0] Register server push request handler:com.alibaba.nacos.common.remote.client.RpcClient$$Lambda$567/743782592
2024-04-23 18:23:01.954 INFO [com.alibaba.nacos.client.remote.worker:c.a.n.c.r.client] [d2fecfae-79df-46f6-93ea-0a3e3c9bdbe0] Notify connected event to listeners.
2024-04-23 18:23:02.258 INFO [restartedMain:c.a.n.c.r.client] [RpcClientFactory] create a new rpc client of 810b5d67-3619-4eb6-82c5-46570fdc3e45
2024-04-23 18:23:02.258 INFO [restartedMain:c.a.n.c.r.client] [810b5d67-3619-4eb6-82c5-46570fdc3e45] RpcClient init label, labels = {module=naming, source=sdk}
2024-04-23 18:23:02.258 INFO [restartedMain:c.a.n.c.r.client] [810b5d67-3619-4eb6-82c5-46570fdc3e45] RpcClient init, ServerListFactory = com.alibaba.nacos.client.naming.core.ServerListManager
2024-04-23 18:23:02.258 INFO [restartedMain:c.a.n.c.r.client] [810b5d67-3619-4eb6-82c5-46570fdc3e45] Registry connection listener to current client:com.alibaba.nacos.client.naming.remote.gprc.redo.NamingGrpcRedoService
2024-04-23 18:23:02.258 INFO [restartedMain:c.a.n.c.r.client] [810b5d67-3619-4eb6-82c5-46570fdc3e45] Register server push request handler:com.alibaba.nacos.client.naming.remote.gprc.NamingPushRequestHandler
2024-04-23 18:23:02.258 INFO [restartedMain:c.a.n.c.r.client] [810b5d67-3619-4eb6-82c5-46570fdc3e45] Try to connect to server on start up, server: {serverIp = 'localhost', server main port = 8848}
2024-04-23 18:23:02.369 INFO [restartedMain:c.a.n.c.r.client] [810b5d67-3619-4eb6-82c5-46570fdc3e45] Success to connect to server [localhost:8848] on start up, connectionId = 1713867782258_127.0.0.1_52992
2024-04-23 18:23:02.369 INFO [restartedMain:c.a.n.c.r.client] [810b5d67-3619-4eb6-82c5-46570fdc3e45] Register server push request handler:com.alibaba.nacos.common.remote.client.RpcClient$ConnectResetRequestHandler
2024-04-23 18:23:02.369 INFO [restartedMain:c.a.n.c.r.client] [810b5d67-3619-4eb6-82c5-46570fdc3e45] Register server push request handler:com.alibaba.nacos.common.remote.client.RpcClient$$Lambda$567/743782592
2024-04-23 18:23:02.369 INFO [com.alibaba.nacos.client.remote.worker:c.a.n.c.r.client] [810b5d67-3619-4eb6-82c5-46570fdc3e45] Notify connected event to listeners.
2024-04-23 18:23:02.416 INFO [restartedMain:c.a.n.c.r.client] [RpcClientFactory] create a new rpc client of 2ebefda4-6582-4e62-8e2e-30900b327531_config-0
2024-04-23 18:23:02.416 INFO [restartedMain:c.a.n.c.r.client] [2ebefda4-6582-4e62-8e2e-30900b327531_config-0] RpcClient init label, labels = {module=config, Vipserver-Tag=null, source=sdk, Amory-Tag=null, Location-Tag=null, taskId=0, AppName=unknown}
2024-04-23 18:23:02.416 INFO [restartedMain:c.a.n.c.r.client] [2ebefda4-6582-4e62-8e2e-30900b327531_config-0] Register server push request handler:com.alibaba.nacos.client.config.impl.ClientWorker$ConfigRpcTransportClient$$Lambda$557/470394961
2024-04-23 18:23:02.416 INFO [restartedMain:c.a.n.c.r.client] [2ebefda4-6582-4e62-8e2e-30900b327531_config-0] Register server push request handler:com.alibaba.nacos.client.config.impl.ClientWorker$ConfigRpcTransportClient$$Lambda$558/1057609801
2024-04-23 18:23:02.416 INFO [restartedMain:c.a.n.c.r.client] [2ebefda4-6582-4e62-8e2e-30900b327531_config-0] Registry connection listener to current client:com.alibaba.nacos.client.config.impl.ClientWorker$ConfigRpcTransportClient$1
2024-04-23 18:23:02.416 INFO [restartedMain:c.a.n.c.r.client] [2ebefda4-6582-4e62-8e2e-30900b327531_config-0] RpcClient init, ServerListFactory = com.alibaba.nacos.client.config.impl.ClientWorker$ConfigRpcTransportClient$2
2024-04-23 18:23:02.416 INFO [restartedMain:c.a.n.c.r.client] [2ebefda4-6582-4e62-8e2e-30900b327531_config-0] Try to connect to server on start up, server: {serverIp = 'localhost', server main port = 8848}
2024-04-23 18:23:02.543 INFO [restartedMain:c.a.n.c.r.client] [2ebefda4-6582-4e62-8e2e-30900b327531_config-0] Success to connect to server [localhost:8848] on start up, connectionId = 1713867782416_127.0.0.1_52993
2024-04-23 18:23:02.543 INFO [restartedMain:c.a.n.c.r.client] [2ebefda4-6582-4e62-8e2e-30900b327531_config-0] Register server push request handler:com.alibaba.nacos.common.remote.client.RpcClient$ConnectResetRequestHandler
2024-04-23 18:23:02.543 INFO [restartedMain:c.a.n.c.r.client] [2ebefda4-6582-4e62-8e2e-30900b327531_config-0] Register server push request handler:com.alibaba.nacos.common.remote.client.RpcClient$$Lambda$567/743782592
2024-04-23 18:23:02.543 INFO [com.alibaba.nacos.client.remote.worker:c.a.n.c.r.client] [2ebefda4-6582-4e62-8e2e-30900b327531_config-0] Notify connected event to listeners.
2024-04-23 18:23:02.633 INFO [nacos-grpc-client-executor-localhost-6:c.a.n.c.r.client] [d2fecfae-79df-46f6-93ea-0a3e3c9bdbe0] Receive server push request, request = NotifySubscriberRequest, requestId = 198
2024-04-23 18:23:02.633 INFO [nacos-grpc-client-executor-localhost-6:c.a.n.c.r.client] [d2fecfae-79df-46f6-93ea-0a3e3c9bdbe0] Ack server push request, request = NotifySubscriberRequest, requestId = 198
2024-04-23 18:23:02.635 INFO [nacos-grpc-client-executor-localhost-7:c.a.n.c.r.client] [d2fecfae-79df-46f6-93ea-0a3e3c9bdbe0] Receive server push request, request = NotifySubscriberRequest, requestId = 199
2024-04-23 18:23:02.635 INFO [nacos-grpc-client-executor-localhost-7:c.a.n.c.r.client] [d2fecfae-79df-46f6-93ea-0a3e3c9bdbe0] Ack server push request, request = NotifySubscriberRequest, requestId = 199
2024-04-23 18:23:03.059 INFO [nacos-grpc-client-executor-localhost-4:c.a.n.c.r.client] [810b5d67-3619-4eb6-82c5-46570fdc3e45] Receive server push request, request = NotifySubscriberRequest, requestId = 200
2024-04-23 18:23:03.059 INFO [nacos-grpc-client-executor-localhost-4:c.a.n.c.r.client] [810b5d67-3619-4eb6-82c5-46570fdc3e45] Ack server push request, request = NotifySubscriberRequest, requestId = 200
2024-04-23 18:23:03.492 INFO [nacos-grpc-client-executor-localhost-13:c.a.n.c.r.client] [d2fecfae-79df-46f6-93ea-0a3e3c9bdbe0] Receive server push request, request = NotifySubscriberRequest, requestId = 201
2024-04-23 18:23:03.492 INFO [nacos-grpc-client-executor-localhost-13:c.a.n.c.r.client] [d2fecfae-79df-46f6-93ea-0a3e3c9bdbe0] Ack server push request, request = NotifySubscriberRequest, requestId = 201
2024-04-23 18:23:03.492 INFO [nacos-grpc-client-executor-localhost-14:c.a.n.c.r.client] [d2fecfae-79df-46f6-93ea-0a3e3c9bdbe0] Receive server push request, request = NotifySubscriberRequest, requestId = 202
2024-04-23 18:23:03.492 INFO [nacos-grpc-client-executor-localhost-14:c.a.n.c.r.client] [d2fecfae-79df-46f6-93ea-0a3e3c9bdbe0] Ack server push request, request = NotifySubscriberRequest, requestId = 202
2024-04-23 18:23:03.940 INFO [nacos-grpc-client-executor-localhost-15:c.a.n.c.r.client] [d2fecfae-79df-46f6-93ea-0a3e3c9bdbe0] Receive server push request, request = NotifySubscriberRequest, requestId = 203
2024-04-23 18:23:03.941 INFO [nacos-grpc-client-executor-localhost-15:c.a.n.c.r.client] [d2fecfae-79df-46f6-93ea-0a3e3c9bdbe0] Ack server push request, request = NotifySubscriberRequest, requestId = 203
2024-04-23 18:23:45.089 INFO [nacos-grpc-client-executor-127.0.0.1-13:c.a.n.c.r.client] [349a8ba5-f779-403d-b58e-3925c6185d8e] Receive server push request, request = NotifySubscriberRequest, requestId = 208
2024-04-23 18:23:45.089 INFO [nacos-grpc-client-executor-127.0.0.1-13:c.a.n.c.r.client] [349a8ba5-f779-403d-b58e-3925c6185d8e] Ack server push request, request = NotifySubscriberRequest, requestId = 208
2024-04-23 18:23:57.271 INFO [nacos-grpc-client-executor-127.0.0.1-18:c.a.n.c.r.client] [349a8ba5-f779-403d-b58e-3925c6185d8e] Receive server push request, request = NotifySubscriberRequest, requestId = 209
2024-04-23 18:23:57.271 INFO [nacos-grpc-client-executor-127.0.0.1-18:c.a.n.c.r.client] [349a8ba5-f779-403d-b58e-3925c6185d8e] Ack server push request, request = NotifySubscriberRequest, requestId = 209
2024-04-23 18:25:27.797 INFO [nacos-grpc-client-executor-127.0.0.1-37:c.a.n.c.r.client] [349a8ba5-f779-403d-b58e-3925c6185d8e] Receive server push request, request = NotifySubscriberRequest, requestId = 212
2024-04-23 18:25:27.800 INFO [nacos-grpc-client-executor-127.0.0.1-37:c.a.n.c.r.client] [349a8ba5-f779-403d-b58e-3925c6185d8e] Ack server push request, request = NotifySubscriberRequest, requestId = 212
