2024-04-23 16:24:33.014 INFO [restartedMain:c.a.n.c.u.ParamUtil] [settings] [req-serv] nacos-server port:8848
2024-04-23 16:24:33.014 INFO [restartedMain:c.a.n.c.u.ParamUtil] [settings] [http-client] connect timeout:1000
2024-04-23 16:24:33.016 INFO [restartedMain:c.a.n.c.u.ParamUtil] PER_TASK_CONFIG_SIZE: 3000.0
2024-04-23 16:24:33.040 INFO [restartedMain:c.a.n.c.a.r.i.CredentialWatcher] null No credential found
2024-04-23 16:24:33.048 INFO [restartedMain:c.a.n.c.c.i.LocalConfigInfoProcessor] LOCAL_SNAPSHOT_PATH:E:\projects\idea-projects\Huang-Api/gatewayDubboCache\nacos\config
2024-04-23 16:24:36.930 INFO [com.alibaba.nacos.client.remote.worker:c.a.n.c.c.i.ClientWorker] [5dc9342d-a494-4839-aff8-a0405c235f39_config-0] Connected,notify listen context...
2024-04-23 16:24:36.981 INFO [restartedMain:c.a.n.c.c.i.Limiter] limitTime:5.0
2024-04-23 16:24:53.622 INFO [restartedMain:c.a.n.c.c.i.CacheData] nacos.cache.data.init.snapshot = true 
2024-04-23 16:24:53.622 INFO [restartedMain:c.a.n.c.c.i.ClientWorker] [fixed-localhost_8848] [subscribe] huangapi-rpc-nacos.migration+DUBBO_SERVICEDISCOVERY_MIGRATION
2024-04-23 16:24:53.634 INFO [restartedMain:c.a.n.c.c.i.CacheData] [fixed-localhost_8848] [add-listener] ok, tenant=, dataId=huangapi-rpc-nacos.migration, group=DUBBO_SERVICEDISCOVERY_MIGRATION, cnt=1
2024-04-23 16:24:53.704 INFO [restartedMain:c.a.n.c.c.i.ClientWorker] [fixed-localhost_8848] [subscribe] huangapi-rpc-nacos.configurators+dubbo
2024-04-23 16:24:53.704 INFO [restartedMain:c.a.n.c.c.i.CacheData] [fixed-localhost_8848] [add-listener] ok, tenant=, dataId=huangapi-rpc-nacos.configurators, group=dubbo, cnt=1
2024-04-23 16:24:53.734 INFO [restartedMain:c.a.n.c.c.i.ClientWorker] [fixed-localhost_8848] [subscribe] com.yupi.springbootinit.provider.DemoService::.condition-router+dubbo
2024-04-23 16:24:53.734 INFO [restartedMain:c.a.n.c.c.i.CacheData] [fixed-localhost_8848] [add-listener] ok, tenant=, dataId=com.yupi.springbootinit.provider.DemoService::.condition-router, group=dubbo, cnt=1
2024-04-23 16:24:53.741 INFO [restartedMain:c.a.n.c.c.i.ClientWorker] [fixed-localhost_8848] [subscribe] huangapi-rpc-nacos.condition-router+dubbo
2024-04-23 16:24:53.741 INFO [restartedMain:c.a.n.c.c.i.CacheData] [fixed-localhost_8848] [add-listener] ok, tenant=, dataId=huangapi-rpc-nacos.condition-router, group=dubbo, cnt=1
2024-04-23 16:24:53.976 INFO [restartedMain:c.a.n.c.c.i.ClientWorker] [fixed-localhost_8848] [subscribe] huangapi-rpc-nacos.MESHAPPRULE+dubbo
2024-04-23 16:24:53.976 INFO [restartedMain:c.a.n.c.c.i.CacheData] [fixed-localhost_8848] [add-listener] ok, tenant=, dataId=huangapi-rpc-nacos.MESHAPPRULE, group=dubbo, cnt=1
2024-04-23 16:24:53.976 INFO [restartedMain:c.a.n.c.c.i.ClientWorker] [fixed-localhost_8848] [subscribe] huangapi-rpc-nacos.tag-router+dubbo
2024-04-23 16:24:53.980 INFO [restartedMain:c.a.n.c.c.i.CacheData] [fixed-localhost_8848] [add-listener] ok, tenant=, dataId=huangapi-rpc-nacos.tag-router, group=dubbo, cnt=1
2024-04-23 16:24:53.989 INFO [restartedMain:c.a.n.c.c.i.ClientWorker] [fixed-localhost_8848] [subscribe] com.yupi.springbootinit.provider.DemoService::.configurators+dubbo
2024-04-23 16:24:53.989 INFO [restartedMain:c.a.n.c.c.i.CacheData] [fixed-localhost_8848] [add-listener] ok, tenant=, dataId=com.yupi.springbootinit.provider.DemoService::.configurators, group=dubbo, cnt=1
2024-04-23 16:24:54.214 INFO [restartedMain:c.a.n.c.c.i.ClientWorker] [fixed-localhost_8848] [subscribe] com.yupi.springbootinit.provider.DemoService+mapping
2024-04-23 16:24:54.214 INFO [restartedMain:c.a.n.c.c.i.CacheData] [fixed-localhost_8848] [add-listener] ok, tenant=, dataId=com.yupi.springbootinit.provider.DemoService, group=mapping, cnt=1
2024-04-23 16:24:54.337 INFO [com.alibaba.nacos.client.remote.worker:c.a.n.c.c.i.ClientWorker] [8e42e963-0acf-46ff-b2eb-9634e66a64c2_config-0] Connected,notify listen context...
2024-04-23 16:24:54.350 INFO [restartedMain:c.a.n.c.c.u.JvmUtil] isMultiInstance:false
2024-04-23 16:24:54.614 INFO [com.alibaba.nacos.client.Worker:c.a.n.c.c.i.CacheData] [fixed-localhost_8848] [notify-listener] time cost=0ms in ClientWorker, dataId=com.yupi.springbootinit.provider.DemoService, group=mapping, md5=a0610ac4031cb2aa33d735698077db1e, listener=org.apache.dubbo.metadata.store.nacos.NacosMetadataReport$NacosConfigListener@3ef45a0 
2024-04-23 16:24:54.614 INFO [nacos.client.cachedata.internal.notifier:c.a.n.c.c.i.CacheData] [fixed-localhost_8848] [notify-context] dataId=com.yupi.springbootinit.provider.DemoService, group=mapping, md5=a0610ac4031cb2aa33d735698077db1e
2024-04-23 16:24:54.904 INFO [nacos.client.cachedata.internal.notifier:c.a.n.c.c.i.CacheData] [fixed-localhost_8848] [notify-ok] dataId=com.yupi.springbootinit.provider.DemoService, group=mapping, md5=a0610ac4031cb2aa33d735698077db1e, listener=org.apache.dubbo.metadata.store.nacos.NacosMetadataReport$NacosConfigListener@3ef45a0 ,cost=290 millis.
2024-04-23 16:24:54.930 INFO [restartedMain:c.a.n.c.c.i.ClientWorker] [fixed-localhost_8848] [subscribe] com.anyan.apicommon.service.ApiBackendService::.condition-router+dubbo
2024-04-23 16:24:54.930 INFO [restartedMain:c.a.n.c.c.i.CacheData] [fixed-localhost_8848] [add-listener] ok, tenant=, dataId=com.anyan.apicommon.service.ApiBackendService::.condition-router, group=dubbo, cnt=1
2024-04-23 16:24:54.954 INFO [restartedMain:c.a.n.c.c.i.ClientWorker] [fixed-localhost_8848] [subscribe] com.anyan.apicommon.service.ApiBackendService::.configurators+dubbo
2024-04-23 16:24:54.954 INFO [restartedMain:c.a.n.c.c.i.CacheData] [fixed-localhost_8848] [add-listener] ok, tenant=, dataId=com.anyan.apicommon.service.ApiBackendService::.configurators, group=dubbo, cnt=1
2024-04-23 16:24:55.174 INFO [restartedMain:c.a.n.c.c.i.ClientWorker] [fixed-localhost_8848] [subscribe] com.anyan.apicommon.service.ApiBackendService+mapping
2024-04-23 16:24:55.174 INFO [restartedMain:c.a.n.c.c.i.CacheData] [fixed-localhost_8848] [add-listener] ok, tenant=, dataId=com.anyan.apicommon.service.ApiBackendService, group=mapping, cnt=1
2024-04-23 16:24:55.284 INFO [restartedMain:c.a.n.c.c.i.ClientWorker] [fixed-localhost_8848] [subscribe] org.apache.dubbo.metadata.MetadataService:1.0.0:huangapi-rpc-nacos.configurators+dubbo
2024-04-23 16:24:55.284 INFO [restartedMain:c.a.n.c.c.i.CacheData] [fixed-localhost_8848] [add-listener] ok, tenant=, dataId=org.apache.dubbo.metadata.MetadataService:1.0.0:huangapi-rpc-nacos.configurators, group=dubbo, cnt=1
2024-04-23 16:24:55.384 INFO [com.alibaba.nacos.client.Worker:c.a.n.c.c.i.CacheData] [fixed-localhost_8848] [notify-listener] time cost=0ms in ClientWorker, dataId=com.anyan.apicommon.service.ApiBackendService, group=mapping, md5=a0610ac4031cb2aa33d735698077db1e, listener=org.apache.dubbo.metadata.store.nacos.NacosMetadataReport$NacosConfigListener@423e74db 
2024-04-23 16:24:55.384 INFO [nacos.client.cachedata.internal.notifier:c.a.n.c.c.i.CacheData] [fixed-localhost_8848] [notify-context] dataId=com.anyan.apicommon.service.ApiBackendService, group=mapping, md5=a0610ac4031cb2aa33d735698077db1e
2024-04-23 16:24:55.385 INFO [nacos.client.cachedata.internal.notifier:c.a.n.c.c.i.CacheData] [fixed-localhost_8848] [notify-ok] dataId=com.anyan.apicommon.service.ApiBackendService, group=mapping, md5=a0610ac4031cb2aa33d735698077db1e, listener=org.apache.dubbo.metadata.store.nacos.NacosMetadataReport$NacosConfigListener@423e74db ,cost=1 millis.
2024-04-23 17:07:04.222 INFO [Thread-2:c.a.n.c.a.r.i.CredentialWatcher] [null] CredentialWatcher is stopped
2024-04-23 17:07:04.222 INFO [Thread-2:c.a.n.c.a.r.i.CredentialService] [null] CredentialService is freed
2024-04-23 17:07:06.002 INFO [com.alibaba.nacos.client.Worker:c.a.n.c.a.r.i.CredentialWatcher] null No credential found
2024-04-23 17:07:06.323 INFO [Thread-2:c.a.n.c.c.i.ClientWorker] com.alibaba.nacos.client.config.impl.ClientWorker do shutdown begin
2024-04-23 17:07:06.323 INFO [Thread-2:c.a.n.c.a.r.i.CredentialWatcher] [null] CredentialWatcher is stopped
2024-04-23 17:07:06.323 INFO [Thread-2:c.a.n.c.a.r.i.CredentialService] [null] CredentialService is freed
2024-04-23 17:07:06.323 INFO [Thread-2:c.a.n.c.c.i.ClientWorker] Trying to shutdown transport client com.alibaba.nacos.client.config.impl.ClientWorker$ConfigRpcTransportClient@4ae5c695
2024-04-23 17:07:06.323 INFO [Thread-2:c.a.n.c.c.i.ClientWorker] Trying to shutdown rpc client 5dc9342d-a494-4839-aff8-a0405c235f39_config-0
2024-04-23 17:07:06.323 INFO [Thread-2:c.a.n.c.c.i.ClientWorker] Remove rpc client 5dc9342d-a494-4839-aff8-a0405c235f39_config-0
2024-04-23 17:07:06.323 INFO [Thread-2:c.a.n.c.c.i.ClientWorker] Shutdown executor java.util.concurrent.ScheduledThreadPoolExecutor@6d251034[Running, pool size = 16, active threads = 1, queued tasks = 1, completed tasks = 510]
2024-04-23 17:07:06.323 INFO [Thread-2:c.a.n.c.c.i.ClientWorker] com.alibaba.nacos.client.config.impl.ClientWorker do shutdown stop
2024-04-23 17:07:07.045 INFO [com.alibaba.nacos.client.naming.security:c.a.n.c.a.r.i.CredentialWatcher] null No credential found
2024-04-23 17:07:11.722 INFO [com.alibaba.nacos.client.remote.worker:c.a.n.c.c.i.ClientWorker] [b820099d-000d-49ad-bc04-5afcff6d64ea_config-0] Connected,notify listen context...
2024-04-23 17:07:25.804 INFO [restartedMain:c.a.n.c.c.i.ClientWorker] [fixed-localhost_8848] [subscribe] huangapi-rpc-nacos.migration+DUBBO_SERVICEDISCOVERY_MIGRATION
2024-04-23 17:07:25.804 INFO [restartedMain:c.a.n.c.c.i.CacheData] [fixed-localhost_8848] [add-listener] ok, tenant=, dataId=huangapi-rpc-nacos.migration, group=DUBBO_SERVICEDISCOVERY_MIGRATION, cnt=1
2024-04-23 17:07:25.822 INFO [restartedMain:c.a.n.c.c.i.ClientWorker] [fixed-localhost_8848] [subscribe] huangapi-rpc-nacos.configurators+dubbo
2024-04-23 17:07:25.822 INFO [restartedMain:c.a.n.c.c.i.CacheData] [fixed-localhost_8848] [add-listener] ok, tenant=, dataId=huangapi-rpc-nacos.configurators, group=dubbo, cnt=1
2024-04-23 17:07:25.822 INFO [restartedMain:c.a.n.c.c.i.ClientWorker] [fixed-localhost_8848] [subscribe] com.yupi.springbootinit.provider.DemoService::.condition-router+dubbo
2024-04-23 17:07:25.822 INFO [restartedMain:c.a.n.c.c.i.CacheData] [fixed-localhost_8848] [add-listener] ok, tenant=, dataId=com.yupi.springbootinit.provider.DemoService::.condition-router, group=dubbo, cnt=1
2024-04-23 17:07:25.822 INFO [restartedMain:c.a.n.c.c.i.ClientWorker] [fixed-localhost_8848] [subscribe] huangapi-rpc-nacos.condition-router+dubbo
2024-04-23 17:07:25.822 INFO [restartedMain:c.a.n.c.c.i.CacheData] [fixed-localhost_8848] [add-listener] ok, tenant=, dataId=huangapi-rpc-nacos.condition-router, group=dubbo, cnt=1
2024-04-23 17:07:25.838 INFO [restartedMain:c.a.n.c.c.i.ClientWorker] [fixed-localhost_8848] [subscribe] com.yupi.springbootinit.provider.DemoService::.configurators+dubbo
2024-04-23 17:07:25.838 INFO [restartedMain:c.a.n.c.c.i.CacheData] [fixed-localhost_8848] [add-listener] ok, tenant=, dataId=com.yupi.springbootinit.provider.DemoService::.configurators, group=dubbo, cnt=1
2024-04-23 17:07:26.042 INFO [Dubbo-framework-mapping-refreshing-scheduler-thread-1:c.a.n.c.c.i.ClientWorker] [fixed-localhost_8848] [subscribe] com.yupi.springbootinit.provider.DemoService+mapping
2024-04-23 17:07:26.042 INFO [Dubbo-framework-mapping-refreshing-scheduler-thread-1:c.a.n.c.c.i.CacheData] [fixed-localhost_8848] [add-listener] ok, tenant=, dataId=com.yupi.springbootinit.provider.DemoService, group=mapping, cnt=1
2024-04-23 17:07:26.154 INFO [com.alibaba.nacos.client.remote.worker:c.a.n.c.c.i.ClientWorker] [c5198737-a4e0-47b0-bf9e-7802dfab65e9_config-0] Connected,notify listen context...
2024-04-23 17:07:28.157 INFO [restartedMain:c.a.n.c.c.i.ClientWorker] [fixed-localhost_8848] [subscribe] org.apache.dubbo.metadata.MetadataService:1.0.0:huangapi-rpc-nacos.configurators+dubbo
2024-04-23 17:07:28.157 INFO [restartedMain:c.a.n.c.c.i.CacheData] [fixed-localhost_8848] [add-listener] ok, tenant=, dataId=org.apache.dubbo.metadata.MetadataService:1.0.0:huangapi-rpc-nacos.configurators, group=dubbo, cnt=1
2024-04-23 17:07:29.041 INFO [Thread-141:c.a.n.c.a.r.i.CredentialWatcher] [null] CredentialWatcher is stopped
2024-04-23 17:07:29.041 INFO [Thread-141:c.a.n.c.a.r.i.CredentialService] [null] CredentialService is freed
2024-04-23 17:07:30.508 INFO [com.alibaba.nacos.client.naming.security:c.a.n.c.a.r.i.CredentialWatcher] null No credential found
2024-04-23 17:07:31.146 INFO [Thread-141:c.a.n.c.c.i.ClientWorker] com.alibaba.nacos.client.config.impl.ClientWorker do shutdown begin
2024-04-23 17:07:31.146 INFO [Thread-141:c.a.n.c.a.r.i.CredentialWatcher] [null] CredentialWatcher is stopped
2024-04-23 17:07:31.146 INFO [Thread-141:c.a.n.c.a.r.i.CredentialService] [null] CredentialService is freed
2024-04-23 17:07:31.146 INFO [Thread-141:c.a.n.c.c.i.ClientWorker] Trying to shutdown transport client com.alibaba.nacos.client.config.impl.ClientWorker$ConfigRpcTransportClient@6f33e44
2024-04-23 17:07:31.146 INFO [Thread-141:c.a.n.c.c.i.ClientWorker] Trying to shutdown rpc client b820099d-000d-49ad-bc04-5afcff6d64ea_config-0
2024-04-23 17:07:31.146 INFO [Thread-141:c.a.n.c.c.i.ClientWorker] Remove rpc client b820099d-000d-49ad-bc04-5afcff6d64ea_config-0
2024-04-23 17:07:31.146 INFO [Thread-141:c.a.n.c.c.i.ClientWorker] Shutdown executor java.util.concurrent.ScheduledThreadPoolExecutor@580cd39e[Running, pool size = 6, active threads = 1, queued tasks = 1, completed tasks = 4]
2024-04-23 17:07:31.146 INFO [Thread-141:c.a.n.c.c.i.ClientWorker] com.alibaba.nacos.client.config.impl.ClientWorker do shutdown stop
2024-04-23 17:07:31.789 INFO [com.alibaba.nacos.client.Worker:c.a.n.c.a.r.i.CredentialWatcher] null No credential found
2024-04-23 17:07:36.630 INFO [com.alibaba.nacos.client.remote.worker:c.a.n.c.c.i.ClientWorker] [13968aa8-7884-4573-a2af-d63f429af4ef_config-0] Connected,notify listen context...
2024-04-23 17:07:49.114 INFO [restartedMain:c.a.n.c.c.i.ClientWorker] [fixed-localhost_8848] [subscribe] huangapi-rpc-nacos.migration+DUBBO_SERVICEDISCOVERY_MIGRATION
2024-04-23 17:07:49.114 INFO [restartedMain:c.a.n.c.c.i.CacheData] [fixed-localhost_8848] [add-listener] ok, tenant=, dataId=huangapi-rpc-nacos.migration, group=DUBBO_SERVICEDISCOVERY_MIGRATION, cnt=1
2024-04-23 17:07:49.134 INFO [restartedMain:c.a.n.c.c.i.ClientWorker] [fixed-localhost_8848] [subscribe] huangapi-rpc-nacos.configurators+dubbo
2024-04-23 17:07:49.134 INFO [restartedMain:c.a.n.c.c.i.CacheData] [fixed-localhost_8848] [add-listener] ok, tenant=, dataId=huangapi-rpc-nacos.configurators, group=dubbo, cnt=1
2024-04-23 17:07:49.134 INFO [restartedMain:c.a.n.c.c.i.ClientWorker] [fixed-localhost_8848] [subscribe] com.yupi.springbootinit.provider.DemoService::.condition-router+dubbo
2024-04-23 17:07:49.134 INFO [restartedMain:c.a.n.c.c.i.CacheData] [fixed-localhost_8848] [add-listener] ok, tenant=, dataId=com.yupi.springbootinit.provider.DemoService::.condition-router, group=dubbo, cnt=1
2024-04-23 17:07:49.146 INFO [restartedMain:c.a.n.c.c.i.ClientWorker] [fixed-localhost_8848] [subscribe] huangapi-rpc-nacos.condition-router+dubbo
2024-04-23 17:07:49.146 INFO [restartedMain:c.a.n.c.c.i.CacheData] [fixed-localhost_8848] [add-listener] ok, tenant=, dataId=huangapi-rpc-nacos.condition-router, group=dubbo, cnt=1
2024-04-23 17:07:49.177 INFO [restartedMain:c.a.n.c.c.i.ClientWorker] [fixed-localhost_8848] [subscribe] huangapi-rpc-nacos.MESHAPPRULE+dubbo
2024-04-23 17:07:49.177 INFO [restartedMain:c.a.n.c.c.i.CacheData] [fixed-localhost_8848] [add-listener] ok, tenant=, dataId=huangapi-rpc-nacos.MESHAPPRULE, group=dubbo, cnt=1
2024-04-23 17:07:49.177 INFO [restartedMain:c.a.n.c.c.i.ClientWorker] [fixed-localhost_8848] [subscribe] huangapi-rpc-nacos.tag-router+dubbo
2024-04-23 17:07:49.177 INFO [restartedMain:c.a.n.c.c.i.CacheData] [fixed-localhost_8848] [add-listener] ok, tenant=, dataId=huangapi-rpc-nacos.tag-router, group=dubbo, cnt=1
2024-04-23 17:07:49.177 INFO [restartedMain:c.a.n.c.c.i.ClientWorker] [fixed-localhost_8848] [subscribe] com.yupi.springbootinit.provider.DemoService::.configurators+dubbo
2024-04-23 17:07:49.177 INFO [restartedMain:c.a.n.c.c.i.CacheData] [fixed-localhost_8848] [add-listener] ok, tenant=, dataId=com.yupi.springbootinit.provider.DemoService::.configurators, group=dubbo, cnt=1
2024-04-23 17:07:49.336 INFO [Dubbo-framework-mapping-refreshing-scheduler-thread-1:c.a.n.c.c.i.ClientWorker] [fixed-localhost_8848] [subscribe] com.yupi.springbootinit.provider.DemoService+mapping
2024-04-23 17:07:49.336 INFO [Dubbo-framework-mapping-refreshing-scheduler-thread-1:c.a.n.c.c.i.CacheData] [fixed-localhost_8848] [add-listener] ok, tenant=, dataId=com.yupi.springbootinit.provider.DemoService, group=mapping, cnt=1
2024-04-23 17:07:49.340 INFO [restartedMain:c.a.n.c.c.i.ClientWorker] [fixed-localhost_8848] [subscribe] com.anyan.apicommon.service.ApiBackendService::.condition-router+dubbo
2024-04-23 17:07:49.340 INFO [restartedMain:c.a.n.c.c.i.CacheData] [fixed-localhost_8848] [add-listener] ok, tenant=, dataId=com.anyan.apicommon.service.ApiBackendService::.condition-router, group=dubbo, cnt=1
2024-04-23 17:07:49.389 INFO [restartedMain:c.a.n.c.c.i.ClientWorker] [fixed-localhost_8848] [subscribe] com.anyan.apicommon.service.ApiBackendService::.configurators+dubbo
2024-04-23 17:07:49.389 INFO [restartedMain:c.a.n.c.c.i.CacheData] [fixed-localhost_8848] [add-listener] ok, tenant=, dataId=com.anyan.apicommon.service.ApiBackendService::.configurators, group=dubbo, cnt=1
2024-04-23 17:07:49.449 INFO [com.alibaba.nacos.client.remote.worker:c.a.n.c.c.i.ClientWorker] [9fa7086b-d1e3-4673-8e4f-86165e90ff7f_config-0] Connected,notify listen context...
2024-04-23 17:07:49.593 INFO [Dubbo-framework-mapping-refreshing-scheduler-thread-2:c.a.n.c.c.i.ClientWorker] [fixed-localhost_8848] [subscribe] com.anyan.apicommon.service.ApiBackendService+mapping
2024-04-23 17:07:49.593 INFO [Dubbo-framework-mapping-refreshing-scheduler-thread-2:c.a.n.c.c.i.CacheData] [fixed-localhost_8848] [add-listener] ok, tenant=, dataId=com.anyan.apicommon.service.ApiBackendService, group=mapping, cnt=1
2024-04-23 17:07:49.624 INFO [restartedMain:c.a.n.c.c.i.ClientWorker] [fixed-localhost_8848] [subscribe] org.apache.dubbo.metadata.MetadataService:1.0.0:huangapi-rpc-nacos.configurators+dubbo
2024-04-23 17:07:49.624 INFO [restartedMain:c.a.n.c.c.i.CacheData] [fixed-localhost_8848] [add-listener] ok, tenant=, dataId=org.apache.dubbo.metadata.MetadataService:1.0.0:huangapi-rpc-nacos.configurators, group=dubbo, cnt=1
