2024-04-23 16:24:33.048 INFO [restartedMain:c.a.n.c.r.client] [RpcClientFactory] create a new rpc client of 5dc9342d-a494-4839-aff8-a0405c235f39_config-0
2024-04-23 16:24:33.154 INFO [restartedMain:c.a.n.c.r.client] [5dc9342d-a494-4839-aff8-a0405c235f39_config-0] RpcClient init label, labels = {module=config, Vipserver-Tag=null, source=sdk, Amory-Tag=null, Location-Tag=null, taskId=0, AppName=unknown}
2024-04-23 16:24:33.155 INFO [restartedMain:c.a.n.c.r.client] [5dc9342d-a494-4839-aff8-a0405c235f39_config-0] Register server push request handler:com.alibaba.nacos.client.config.impl.ClientWorker$ConfigRpcTransportClient$$Lambda$557/447195671
2024-04-23 16:24:33.155 INFO [restartedMain:c.a.n.c.r.client] [5dc9342d-a494-4839-aff8-a0405c235f39_config-0] Register server push request handler:com.alibaba.nacos.client.config.impl.ClientWorker$ConfigRpcTransportClient$$Lambda$558/1821866039
2024-04-23 16:24:33.157 INFO [restartedMain:c.a.n.c.r.client] [5dc9342d-a494-4839-aff8-a0405c235f39_config-0] Registry connection listener to current client:com.alibaba.nacos.client.config.impl.ClientWorker$ConfigRpcTransportClient$1
2024-04-23 16:24:33.157 INFO [restartedMain:c.a.n.c.r.client] [5dc9342d-a494-4839-aff8-a0405c235f39_config-0] RpcClient init, ServerListFactory = com.alibaba.nacos.client.config.impl.ClientWorker$ConfigRpcTransportClient$2
2024-04-23 16:24:33.165 INFO [restartedMain:c.a.n.c.r.client] [5dc9342d-a494-4839-aff8-a0405c235f39_config-0] Try to connect to server on start up, server: {serverIp = 'localhost', server main port = 8848}
2024-04-23 16:24:36.928 INFO [restartedMain:c.a.n.c.r.client] [5dc9342d-a494-4839-aff8-a0405c235f39_config-0] Success to connect to server [localhost:8848] on start up, connectionId = 1713860676673_127.0.0.1_53684
2024-04-23 16:24:36.930 INFO [com.alibaba.nacos.client.remote.worker:c.a.n.c.r.client] [5dc9342d-a494-4839-aff8-a0405c235f39_config-0] Notify connected event to listeners.
2024-04-23 16:24:36.930 INFO [restartedMain:c.a.n.c.r.client] [5dc9342d-a494-4839-aff8-a0405c235f39_config-0] Register server push request handler:com.alibaba.nacos.common.remote.client.RpcClient$ConnectResetRequestHandler
2024-04-23 16:24:36.931 INFO [restartedMain:c.a.n.c.r.client] [5dc9342d-a494-4839-aff8-a0405c235f39_config-0] Register server push request handler:com.alibaba.nacos.common.remote.client.RpcClient$$Lambda$567/959983483
2024-04-23 16:24:53.154 INFO [restartedMain:c.a.n.c.r.client] [RpcClientFactory] create a new rpc client of 202cf96c-709f-443b-8b97-ac2e4277faed
2024-04-23 16:24:53.154 INFO [restartedMain:c.a.n.c.r.client] [202cf96c-709f-443b-8b97-ac2e4277faed] RpcClient init label, labels = {module=naming, source=sdk}
2024-04-23 16:24:53.155 INFO [restartedMain:c.a.n.c.r.client] [202cf96c-709f-443b-8b97-ac2e4277faed] RpcClient init, ServerListFactory = com.alibaba.nacos.client.naming.core.ServerListManager
2024-04-23 16:24:53.155 INFO [restartedMain:c.a.n.c.r.client] [202cf96c-709f-443b-8b97-ac2e4277faed] Registry connection listener to current client:com.alibaba.nacos.client.naming.remote.gprc.redo.NamingGrpcRedoService
2024-04-23 16:24:53.155 INFO [restartedMain:c.a.n.c.r.client] [202cf96c-709f-443b-8b97-ac2e4277faed] Register server push request handler:com.alibaba.nacos.client.naming.remote.gprc.NamingPushRequestHandler
2024-04-23 16:24:53.155 INFO [restartedMain:c.a.n.c.r.client] [202cf96c-709f-443b-8b97-ac2e4277faed] Try to connect to server on start up, server: {serverIp = '127.0.0.1', server main port = 8848}
2024-04-23 16:24:53.271 INFO [restartedMain:c.a.n.c.r.client] [202cf96c-709f-443b-8b97-ac2e4277faed] Success to connect to server [127.0.0.1:8848] on start up, connectionId = 1713860693164_127.0.0.1_53722
2024-04-23 16:24:53.271 INFO [restartedMain:c.a.n.c.r.client] [202cf96c-709f-443b-8b97-ac2e4277faed] Register server push request handler:com.alibaba.nacos.common.remote.client.RpcClient$ConnectResetRequestHandler
2024-04-23 16:24:53.271 INFO [restartedMain:c.a.n.c.r.client] [202cf96c-709f-443b-8b97-ac2e4277faed] Register server push request handler:com.alibaba.nacos.common.remote.client.RpcClient$$Lambda$567/959983483
2024-04-23 16:24:53.271 INFO [com.alibaba.nacos.client.remote.worker:c.a.n.c.r.client] [202cf96c-709f-443b-8b97-ac2e4277faed] Notify connected event to listeners.
2024-04-23 16:24:53.474 INFO [restartedMain:c.a.n.c.r.client] [RpcClientFactory] create a new rpc client of e7c80e83-dfa6-4133-bf3c-bdb42373b2c3
2024-04-23 16:24:53.474 INFO [restartedMain:c.a.n.c.r.client] [e7c80e83-dfa6-4133-bf3c-bdb42373b2c3] RpcClient init label, labels = {module=naming, source=sdk}
2024-04-23 16:24:53.477 INFO [restartedMain:c.a.n.c.r.client] [e7c80e83-dfa6-4133-bf3c-bdb42373b2c3] RpcClient init, ServerListFactory = com.alibaba.nacos.client.naming.core.ServerListManager
2024-04-23 16:24:53.477 INFO [restartedMain:c.a.n.c.r.client] [e7c80e83-dfa6-4133-bf3c-bdb42373b2c3] Registry connection listener to current client:com.alibaba.nacos.client.naming.remote.gprc.redo.NamingGrpcRedoService
2024-04-23 16:24:53.477 INFO [restartedMain:c.a.n.c.r.client] [e7c80e83-dfa6-4133-bf3c-bdb42373b2c3] Register server push request handler:com.alibaba.nacos.client.naming.remote.gprc.NamingPushRequestHandler
2024-04-23 16:24:53.477 INFO [restartedMain:c.a.n.c.r.client] [e7c80e83-dfa6-4133-bf3c-bdb42373b2c3] Try to connect to server on start up, server: {serverIp = 'localhost', server main port = 8848}
2024-04-23 16:24:53.591 INFO [restartedMain:c.a.n.c.r.client] [e7c80e83-dfa6-4133-bf3c-bdb42373b2c3] Success to connect to server [localhost:8848] on start up, connectionId = 1713860693484_127.0.0.1_53789
2024-04-23 16:24:53.591 INFO [restartedMain:c.a.n.c.r.client] [e7c80e83-dfa6-4133-bf3c-bdb42373b2c3] Register server push request handler:com.alibaba.nacos.common.remote.client.RpcClient$ConnectResetRequestHandler
2024-04-23 16:24:53.591 INFO [com.alibaba.nacos.client.remote.worker:c.a.n.c.r.client] [e7c80e83-dfa6-4133-bf3c-bdb42373b2c3] Notify connected event to listeners.
2024-04-23 16:24:53.591 INFO [restartedMain:c.a.n.c.r.client] [e7c80e83-dfa6-4133-bf3c-bdb42373b2c3] Register server push request handler:com.alibaba.nacos.common.remote.client.RpcClient$$Lambda$567/959983483
2024-04-23 16:24:54.041 INFO [restartedMain:c.a.n.c.r.client] [RpcClientFactory] create a new rpc client of d53fc2c0-a96d-4cda-80d3-fbfbc3ea77c3
2024-04-23 16:24:54.041 INFO [restartedMain:c.a.n.c.r.client] [d53fc2c0-a96d-4cda-80d3-fbfbc3ea77c3] RpcClient init label, labels = {module=naming, source=sdk}
2024-04-23 16:24:54.041 INFO [restartedMain:c.a.n.c.r.client] [d53fc2c0-a96d-4cda-80d3-fbfbc3ea77c3] RpcClient init, ServerListFactory = com.alibaba.nacos.client.naming.core.ServerListManager
2024-04-23 16:24:54.044 INFO [restartedMain:c.a.n.c.r.client] [d53fc2c0-a96d-4cda-80d3-fbfbc3ea77c3] Registry connection listener to current client:com.alibaba.nacos.client.naming.remote.gprc.redo.NamingGrpcRedoService
2024-04-23 16:24:54.044 INFO [restartedMain:c.a.n.c.r.client] [d53fc2c0-a96d-4cda-80d3-fbfbc3ea77c3] Register server push request handler:com.alibaba.nacos.client.naming.remote.gprc.NamingPushRequestHandler
2024-04-23 16:24:54.044 INFO [restartedMain:c.a.n.c.r.client] [d53fc2c0-a96d-4cda-80d3-fbfbc3ea77c3] Try to connect to server on start up, server: {serverIp = 'localhost', server main port = 8848}
2024-04-23 16:24:54.160 INFO [restartedMain:c.a.n.c.r.client] [d53fc2c0-a96d-4cda-80d3-fbfbc3ea77c3] Success to connect to server [localhost:8848] on start up, connectionId = 1713860694048_127.0.0.1_53825
2024-04-23 16:24:54.160 INFO [restartedMain:c.a.n.c.r.client] [d53fc2c0-a96d-4cda-80d3-fbfbc3ea77c3] Register server push request handler:com.alibaba.nacos.common.remote.client.RpcClient$ConnectResetRequestHandler
2024-04-23 16:24:54.160 INFO [restartedMain:c.a.n.c.r.client] [d53fc2c0-a96d-4cda-80d3-fbfbc3ea77c3] Register server push request handler:com.alibaba.nacos.common.remote.client.RpcClient$$Lambda$567/959983483
2024-04-23 16:24:54.160 INFO [com.alibaba.nacos.client.remote.worker:c.a.n.c.r.client] [d53fc2c0-a96d-4cda-80d3-fbfbc3ea77c3] Notify connected event to listeners.
2024-04-23 16:24:54.214 INFO [restartedMain:c.a.n.c.r.client] [RpcClientFactory] create a new rpc client of 8e42e963-0acf-46ff-b2eb-9634e66a64c2_config-0
2024-04-23 16:24:54.216 INFO [restartedMain:c.a.n.c.r.client] [8e42e963-0acf-46ff-b2eb-9634e66a64c2_config-0] RpcClient init label, labels = {module=config, Vipserver-Tag=null, source=sdk, Amory-Tag=null, Location-Tag=null, taskId=0, AppName=unknown}
2024-04-23 16:24:54.216 INFO [restartedMain:c.a.n.c.r.client] [8e42e963-0acf-46ff-b2eb-9634e66a64c2_config-0] Register server push request handler:com.alibaba.nacos.client.config.impl.ClientWorker$ConfigRpcTransportClient$$Lambda$557/447195671
2024-04-23 16:24:54.216 INFO [restartedMain:c.a.n.c.r.client] [8e42e963-0acf-46ff-b2eb-9634e66a64c2_config-0] Register server push request handler:com.alibaba.nacos.client.config.impl.ClientWorker$ConfigRpcTransportClient$$Lambda$558/1821866039
2024-04-23 16:24:54.216 INFO [restartedMain:c.a.n.c.r.client] [8e42e963-0acf-46ff-b2eb-9634e66a64c2_config-0] Registry connection listener to current client:com.alibaba.nacos.client.config.impl.ClientWorker$ConfigRpcTransportClient$1
2024-04-23 16:24:54.216 INFO [restartedMain:c.a.n.c.r.client] [8e42e963-0acf-46ff-b2eb-9634e66a64c2_config-0] RpcClient init, ServerListFactory = com.alibaba.nacos.client.config.impl.ClientWorker$ConfigRpcTransportClient$2
2024-04-23 16:24:54.216 INFO [restartedMain:c.a.n.c.r.client] [8e42e963-0acf-46ff-b2eb-9634e66a64c2_config-0] Try to connect to server on start up, server: {serverIp = 'localhost', server main port = 8848}
2024-04-23 16:24:54.305 INFO [nacos-grpc-client-executor-localhost-7:c.a.n.c.r.client] [e7c80e83-dfa6-4133-bf3c-bdb42373b2c3] Receive server push request, request = NotifySubscriberRequest, requestId = 6
2024-04-23 16:24:54.308 INFO [nacos-grpc-client-executor-localhost-7:c.a.n.c.r.client] [e7c80e83-dfa6-4133-bf3c-bdb42373b2c3] Ack server push request, request = NotifySubscriberRequest, requestId = 6
2024-04-23 16:24:54.308 INFO [nacos-grpc-client-executor-localhost-8:c.a.n.c.r.client] [e7c80e83-dfa6-4133-bf3c-bdb42373b2c3] Receive server push request, request = NotifySubscriberRequest, requestId = 7
2024-04-23 16:24:54.308 INFO [nacos-grpc-client-executor-localhost-8:c.a.n.c.r.client] [e7c80e83-dfa6-4133-bf3c-bdb42373b2c3] Ack server push request, request = NotifySubscriberRequest, requestId = 7
2024-04-23 16:24:54.337 INFO [restartedMain:c.a.n.c.r.client] [8e42e963-0acf-46ff-b2eb-9634e66a64c2_config-0] Success to connect to server [localhost:8848] on start up, connectionId = 1713860694224_127.0.0.1_53826
2024-04-23 16:24:54.337 INFO [restartedMain:c.a.n.c.r.client] [8e42e963-0acf-46ff-b2eb-9634e66a64c2_config-0] Register server push request handler:com.alibaba.nacos.common.remote.client.RpcClient$ConnectResetRequestHandler
2024-04-23 16:24:54.337 INFO [restartedMain:c.a.n.c.r.client] [8e42e963-0acf-46ff-b2eb-9634e66a64c2_config-0] Register server push request handler:com.alibaba.nacos.common.remote.client.RpcClient$$Lambda$567/959983483
2024-04-23 16:24:54.337 INFO [com.alibaba.nacos.client.remote.worker:c.a.n.c.r.client] [8e42e963-0acf-46ff-b2eb-9634e66a64c2_config-0] Notify connected event to listeners.
2024-04-23 16:24:54.946 INFO [nacos-grpc-client-executor-localhost-5:c.a.n.c.r.client] [d53fc2c0-a96d-4cda-80d3-fbfbc3ea77c3] Receive server push request, request = NotifySubscriberRequest, requestId = 8
2024-04-23 16:24:54.946 INFO [nacos-grpc-client-executor-localhost-5:c.a.n.c.r.client] [d53fc2c0-a96d-4cda-80d3-fbfbc3ea77c3] Ack server push request, request = NotifySubscriberRequest, requestId = 8
2024-04-23 16:24:55.478 INFO [nacos-grpc-client-executor-localhost-15:c.a.n.c.r.client] [e7c80e83-dfa6-4133-bf3c-bdb42373b2c3] Receive server push request, request = NotifySubscriberRequest, requestId = 9
2024-04-23 16:24:55.478 INFO [nacos-grpc-client-executor-localhost-15:c.a.n.c.r.client] [e7c80e83-dfa6-4133-bf3c-bdb42373b2c3] Ack server push request, request = NotifySubscriberRequest, requestId = 9
2024-04-23 16:24:55.484 INFO [nacos-grpc-client-executor-localhost-16:c.a.n.c.r.client] [e7c80e83-dfa6-4133-bf3c-bdb42373b2c3] Receive server push request, request = NotifySubscriberRequest, requestId = 10
2024-04-23 16:24:55.484 INFO [nacos-grpc-client-executor-localhost-16:c.a.n.c.r.client] [e7c80e83-dfa6-4133-bf3c-bdb42373b2c3] Ack server push request, request = NotifySubscriberRequest, requestId = 10
2024-04-23 16:24:56.024 INFO [nacos-grpc-client-executor-localhost-20:c.a.n.c.r.client] [e7c80e83-dfa6-4133-bf3c-bdb42373b2c3] Receive server push request, request = NotifySubscriberRequest, requestId = 11
2024-04-23 16:24:56.024 INFO [nacos-grpc-client-executor-localhost-20:c.a.n.c.r.client] [e7c80e83-dfa6-4133-bf3c-bdb42373b2c3] Ack server push request, request = NotifySubscriberRequest, requestId = 11
2024-04-23 16:38:21.677 INFO [nacos-grpc-client-executor-127.0.0.1-167:c.a.n.c.r.client] [202cf96c-709f-443b-8b97-ac2e4277faed] Receive server push request, request = NotifySubscriberRequest, requestId = 16
2024-04-23 16:38:21.677 INFO [nacos-grpc-client-executor-127.0.0.1-167:c.a.n.c.r.client] [202cf96c-709f-443b-8b97-ac2e4277faed] Ack server push request, request = NotifySubscriberRequest, requestId = 16
2024-04-23 16:38:40.877 INFO [nacos-grpc-client-executor-127.0.0.1-174:c.a.n.c.r.client] [202cf96c-709f-443b-8b97-ac2e4277faed] Receive server push request, request = NotifySubscriberRequest, requestId = 17
2024-04-23 16:38:40.879 INFO [nacos-grpc-client-executor-127.0.0.1-174:c.a.n.c.r.client] [202cf96c-709f-443b-8b97-ac2e4277faed] Ack server push request, request = NotifySubscriberRequest, requestId = 17
2024-04-23 16:43:20.843 INFO [nacos-grpc-client-executor-127.0.0.1-231:c.a.n.c.r.client] [202cf96c-709f-443b-8b97-ac2e4277faed] Receive server push request, request = NotifySubscriberRequest, requestId = 22
2024-04-23 16:43:20.847 INFO [nacos-grpc-client-executor-127.0.0.1-231:c.a.n.c.r.client] [202cf96c-709f-443b-8b97-ac2e4277faed] Ack server push request, request = NotifySubscriberRequest, requestId = 22
2024-04-23 17:03:24.667 INFO [nacos-grpc-client-executor-127.0.0.1-472:c.a.n.c.r.client] [202cf96c-709f-443b-8b97-ac2e4277faed] Receive server push request, request = NotifySubscriberRequest, requestId = 26
2024-04-23 17:03:24.668 INFO [nacos-grpc-client-executor-127.0.0.1-472:c.a.n.c.r.client] [202cf96c-709f-443b-8b97-ac2e4277faed] Ack server push request, request = NotifySubscriberRequest, requestId = 26
2024-04-23 17:06:58.987 INFO [nacos-grpc-client-executor-127.0.0.1-515:c.a.n.c.r.client] [202cf96c-709f-443b-8b97-ac2e4277faed] Receive server push request, request = NotifySubscriberRequest, requestId = 29
2024-04-23 17:06:58.987 INFO [nacos-grpc-client-executor-127.0.0.1-515:c.a.n.c.r.client] [202cf96c-709f-443b-8b97-ac2e4277faed] Ack server push request, request = NotifySubscriberRequest, requestId = 29
2024-04-23 17:07:04.220 INFO [Thread-2:c.a.n.c.r.client] Shutdown rpc client, set status to shutdown
2024-04-23 17:07:04.220 INFO [Thread-2:c.a.n.c.r.client] Shutdown client event executor java.util.concurrent.ScheduledThreadPoolExecutor@7f35fe49[Running, pool size = 2, active threads = 2, queued tasks = 0, completed tasks = 0]
2024-04-23 17:07:04.220 INFO [Thread-2:c.a.n.c.r.client] Close current connection 1713860694048_127.0.0.1_53825
2024-04-23 17:07:04.221 INFO [nacos-grpc-client-executor-localhost-516:c.a.n.c.r.c.g.GrpcClient] [1713860694048_127.0.0.1_53825]Ignore complete event,isRunning:false,isAbandon=false
2024-04-23 17:07:04.222 INFO [Thread-2:c.a.n.c.r.c.g.GrpcClient] Shutdown grpc executor java.util.concurrent.ThreadPoolExecutor@1fde623a[Running, pool size = 7, active threads = 0, queued tasks = 0, completed tasks = 517]
2024-04-23 17:07:05.185 INFO [nacos-grpc-client-executor-localhost-677:c.a.n.c.r.client] [e7c80e83-dfa6-4133-bf3c-bdb42373b2c3] Receive server push request, request = NotifySubscriberRequest, requestId = 33
2024-04-23 17:07:05.185 INFO [nacos-grpc-client-executor-localhost-677:c.a.n.c.r.client] [e7c80e83-dfa6-4133-bf3c-bdb42373b2c3] Ack server push request, request = NotifySubscriberRequest, requestId = 33
2024-04-23 17:07:05.185 INFO [nacos-grpc-client-executor-localhost-678:c.a.n.c.r.client] [e7c80e83-dfa6-4133-bf3c-bdb42373b2c3] Receive server push request, request = NotifySubscriberRequest, requestId = 32
2024-04-23 17:07:05.185 INFO [nacos-grpc-client-executor-localhost-678:c.a.n.c.r.client] [e7c80e83-dfa6-4133-bf3c-bdb42373b2c3] Ack server push request, request = NotifySubscriberRequest, requestId = 32
2024-04-23 17:07:06.323 INFO [Thread-2:c.a.n.c.r.client] Shutdown rpc client, set status to shutdown
2024-04-23 17:07:06.323 INFO [Thread-2:c.a.n.c.r.client] Shutdown client event executor java.util.concurrent.ScheduledThreadPoolExecutor@6fa903d0[Running, pool size = 2, active threads = 2, queued tasks = 0, completed tasks = 0]
2024-04-23 17:07:06.323 INFO [Thread-2:c.a.n.c.r.client] Close current connection 1713860676673_127.0.0.1_53684
2024-04-23 17:07:06.323 INFO [Thread-2:c.a.n.c.r.c.g.GrpcClient] Shutdown grpc executor java.util.concurrent.ThreadPoolExecutor@52a31fb0[Running, pool size = 2, active threads = 0, queued tasks = 0, completed tasks = 590]
2024-04-23 17:07:06.323 INFO [grpc-nio-worker-ELG-1-2:c.a.n.s.i.g.i.AbstractClientStream] Received trailers on closed stream:
 Metadata(content-type=application/grpc)
 {2}
2024-04-23 17:07:06.676 INFO [Thread-2:c.a.n.c.r.client] Shutdown rpc client, set status to shutdown
2024-04-23 17:07:06.676 INFO [Thread-2:c.a.n.c.r.client] Shutdown client event executor java.util.concurrent.ScheduledThreadPoolExecutor@4279f931[Running, pool size = 2, active threads = 2, queued tasks = 0, completed tasks = 0]
2024-04-23 17:07:06.676 INFO [Thread-2:c.a.n.c.r.client] Close current connection 1713860693164_127.0.0.1_53722
2024-04-23 17:07:06.676 INFO [Thread-2:c.a.n.c.r.c.g.GrpcClient] Shutdown grpc executor java.util.concurrent.ThreadPoolExecutor@d9c78fb[Running, pool size = 3, active threads = 0, queued tasks = 0, completed tasks = 517]
2024-04-23 17:07:11.612 INFO [restartedMain:c.a.n.c.r.client] [RpcClientFactory] create a new rpc client of b820099d-000d-49ad-bc04-5afcff6d64ea_config-0
2024-04-23 17:07:11.612 INFO [restartedMain:c.a.n.c.r.client] [b820099d-000d-49ad-bc04-5afcff6d64ea_config-0] RpcClient init label, labels = {module=config, Vipserver-Tag=null, source=sdk, Amory-Tag=null, Location-Tag=null, taskId=0, AppName=unknown}
2024-04-23 17:07:11.612 INFO [restartedMain:c.a.n.c.r.client] [b820099d-000d-49ad-bc04-5afcff6d64ea_config-0] Register server push request handler:com.alibaba.nacos.client.config.impl.ClientWorker$ConfigRpcTransportClient$$Lambda$557/447195671
2024-04-23 17:07:11.612 INFO [restartedMain:c.a.n.c.r.client] [b820099d-000d-49ad-bc04-5afcff6d64ea_config-0] Register server push request handler:com.alibaba.nacos.client.config.impl.ClientWorker$ConfigRpcTransportClient$$Lambda$558/1821866039
2024-04-23 17:07:11.612 INFO [restartedMain:c.a.n.c.r.client] [b820099d-000d-49ad-bc04-5afcff6d64ea_config-0] Registry connection listener to current client:com.alibaba.nacos.client.config.impl.ClientWorker$ConfigRpcTransportClient$1
2024-04-23 17:07:11.612 INFO [restartedMain:c.a.n.c.r.client] [b820099d-000d-49ad-bc04-5afcff6d64ea_config-0] RpcClient init, ServerListFactory = com.alibaba.nacos.client.config.impl.ClientWorker$ConfigRpcTransportClient$2
2024-04-23 17:07:11.612 INFO [restartedMain:c.a.n.c.r.client] [b820099d-000d-49ad-bc04-5afcff6d64ea_config-0] Try to connect to server on start up, server: {serverIp = 'localhost', server main port = 8848}
2024-04-23 17:07:11.722 INFO [restartedMain:c.a.n.c.r.client] [b820099d-000d-49ad-bc04-5afcff6d64ea_config-0] Success to connect to server [localhost:8848] on start up, connectionId = 1713863231612_127.0.0.1_55898
2024-04-23 17:07:11.722 INFO [restartedMain:c.a.n.c.r.client] [b820099d-000d-49ad-bc04-5afcff6d64ea_config-0] Register server push request handler:com.alibaba.nacos.common.remote.client.RpcClient$ConnectResetRequestHandler
2024-04-23 17:07:11.722 INFO [restartedMain:c.a.n.c.r.client] [b820099d-000d-49ad-bc04-5afcff6d64ea_config-0] Register server push request handler:com.alibaba.nacos.common.remote.client.RpcClient$$Lambda$567/959983483
2024-04-23 17:07:11.722 INFO [com.alibaba.nacos.client.remote.worker:c.a.n.c.r.client] [b820099d-000d-49ad-bc04-5afcff6d64ea_config-0] Notify connected event to listeners.
2024-04-23 17:07:23.217 INFO [nacos-grpc-client-executor-localhost-682:c.a.n.c.r.client] [e7c80e83-dfa6-4133-bf3c-bdb42373b2c3] Receive server push request, request = NotifySubscriberRequest, requestId = 35
2024-04-23 17:07:23.219 INFO [nacos-grpc-client-executor-localhost-682:c.a.n.c.r.client] [e7c80e83-dfa6-4133-bf3c-bdb42373b2c3] Ack server push request, request = NotifySubscriberRequest, requestId = 35
2024-04-23 17:07:23.549 INFO [nacos-grpc-client-executor-localhost-683:c.a.n.c.r.client] [e7c80e83-dfa6-4133-bf3c-bdb42373b2c3] Receive server push request, request = NotifySubscriberRequest, requestId = 40
2024-04-23 17:07:23.549 INFO [nacos-grpc-client-executor-localhost-683:c.a.n.c.r.client] [e7c80e83-dfa6-4133-bf3c-bdb42373b2c3] Ack server push request, request = NotifySubscriberRequest, requestId = 40
2024-04-23 17:07:23.888 INFO [nacos-grpc-client-executor-localhost-684:c.a.n.c.r.client] [e7c80e83-dfa6-4133-bf3c-bdb42373b2c3] Receive server push request, request = NotifySubscriberRequest, requestId = 44
2024-04-23 17:07:23.888 INFO [nacos-grpc-client-executor-localhost-684:c.a.n.c.r.client] [e7c80e83-dfa6-4133-bf3c-bdb42373b2c3] Ack server push request, request = NotifySubscriberRequest, requestId = 44
2024-04-23 17:07:25.504 INFO [restartedMain:c.a.n.c.r.client] [RpcClientFactory] create a new rpc client of 61222917-02b9-4174-afdf-3b47b96e0f6f
2024-04-23 17:07:25.504 INFO [restartedMain:c.a.n.c.r.client] [61222917-02b9-4174-afdf-3b47b96e0f6f] RpcClient init label, labels = {module=naming, source=sdk}
2024-04-23 17:07:25.504 INFO [restartedMain:c.a.n.c.r.client] [61222917-02b9-4174-afdf-3b47b96e0f6f] RpcClient init, ServerListFactory = com.alibaba.nacos.client.naming.core.ServerListManager
2024-04-23 17:07:25.504 INFO [restartedMain:c.a.n.c.r.client] [61222917-02b9-4174-afdf-3b47b96e0f6f] Registry connection listener to current client:com.alibaba.nacos.client.naming.remote.gprc.redo.NamingGrpcRedoService
2024-04-23 17:07:25.504 INFO [restartedMain:c.a.n.c.r.client] [61222917-02b9-4174-afdf-3b47b96e0f6f] Register server push request handler:com.alibaba.nacos.client.naming.remote.gprc.NamingPushRequestHandler
2024-04-23 17:07:25.504 INFO [restartedMain:c.a.n.c.r.client] [61222917-02b9-4174-afdf-3b47b96e0f6f] Try to connect to server on start up, server: {serverIp = '127.0.0.1', server main port = 8848}
2024-04-23 17:07:25.615 INFO [restartedMain:c.a.n.c.r.client] [61222917-02b9-4174-afdf-3b47b96e0f6f] Success to connect to server [127.0.0.1:8848] on start up, connectionId = 1713863245504_127.0.0.1_56152
2024-04-23 17:07:25.615 INFO [restartedMain:c.a.n.c.r.client] [61222917-02b9-4174-afdf-3b47b96e0f6f] Register server push request handler:com.alibaba.nacos.common.remote.client.RpcClient$ConnectResetRequestHandler
2024-04-23 17:07:25.615 INFO [restartedMain:c.a.n.c.r.client] [61222917-02b9-4174-afdf-3b47b96e0f6f] Register server push request handler:com.alibaba.nacos.common.remote.client.RpcClient$$Lambda$567/959983483
2024-04-23 17:07:25.615 INFO [com.alibaba.nacos.client.remote.worker:c.a.n.c.r.client] [61222917-02b9-4174-afdf-3b47b96e0f6f] Notify connected event to listeners.
2024-04-23 17:07:25.693 INFO [restartedMain:c.a.n.c.r.client] [RpcClientFactory] create a new rpc client of d758aa1a-304c-4f44-951a-dce53629bf60
2024-04-23 17:07:25.693 INFO [restartedMain:c.a.n.c.r.client] [d758aa1a-304c-4f44-951a-dce53629bf60] RpcClient init label, labels = {module=naming, source=sdk}
2024-04-23 17:07:25.693 INFO [restartedMain:c.a.n.c.r.client] [d758aa1a-304c-4f44-951a-dce53629bf60] RpcClient init, ServerListFactory = com.alibaba.nacos.client.naming.core.ServerListManager
2024-04-23 17:07:25.693 INFO [restartedMain:c.a.n.c.r.client] [d758aa1a-304c-4f44-951a-dce53629bf60] Registry connection listener to current client:com.alibaba.nacos.client.naming.remote.gprc.redo.NamingGrpcRedoService
2024-04-23 17:07:25.693 INFO [restartedMain:c.a.n.c.r.client] [d758aa1a-304c-4f44-951a-dce53629bf60] Register server push request handler:com.alibaba.nacos.client.naming.remote.gprc.NamingPushRequestHandler
2024-04-23 17:07:25.693 INFO [restartedMain:c.a.n.c.r.client] [d758aa1a-304c-4f44-951a-dce53629bf60] Try to connect to server on start up, server: {serverIp = 'localhost', server main port = 8848}
2024-04-23 17:07:25.804 INFO [restartedMain:c.a.n.c.r.client] [d758aa1a-304c-4f44-951a-dce53629bf60] Success to connect to server [localhost:8848] on start up, connectionId = 1713863245693_127.0.0.1_56220
2024-04-23 17:07:25.804 INFO [restartedMain:c.a.n.c.r.client] [d758aa1a-304c-4f44-951a-dce53629bf60] Register server push request handler:com.alibaba.nacos.common.remote.client.RpcClient$ConnectResetRequestHandler
2024-04-23 17:07:25.804 INFO [com.alibaba.nacos.client.remote.worker:c.a.n.c.r.client] [d758aa1a-304c-4f44-951a-dce53629bf60] Notify connected event to listeners.
2024-04-23 17:07:25.804 INFO [restartedMain:c.a.n.c.r.client] [d758aa1a-304c-4f44-951a-dce53629bf60] Register server push request handler:com.alibaba.nacos.common.remote.client.RpcClient$$Lambda$567/959983483
2024-04-23 17:07:25.854 INFO [restartedMain:c.a.n.c.r.client] [RpcClientFactory] create a new rpc client of 80d11720-7da5-4c71-911b-c6e6aaa14e89
2024-04-23 17:07:25.854 INFO [restartedMain:c.a.n.c.r.client] [80d11720-7da5-4c71-911b-c6e6aaa14e89] RpcClient init label, labels = {module=naming, source=sdk}
2024-04-23 17:07:25.854 INFO [restartedMain:c.a.n.c.r.client] [80d11720-7da5-4c71-911b-c6e6aaa14e89] RpcClient init, ServerListFactory = com.alibaba.nacos.client.naming.core.ServerListManager
2024-04-23 17:07:25.854 INFO [restartedMain:c.a.n.c.r.client] [80d11720-7da5-4c71-911b-c6e6aaa14e89] Registry connection listener to current client:com.alibaba.nacos.client.naming.remote.gprc.redo.NamingGrpcRedoService
2024-04-23 17:07:25.854 INFO [restartedMain:c.a.n.c.r.client] [80d11720-7da5-4c71-911b-c6e6aaa14e89] Register server push request handler:com.alibaba.nacos.client.naming.remote.gprc.NamingPushRequestHandler
2024-04-23 17:07:25.854 INFO [restartedMain:c.a.n.c.r.client] [80d11720-7da5-4c71-911b-c6e6aaa14e89] Try to connect to server on start up, server: {serverIp = 'localhost', server main port = 8848}
2024-04-23 17:07:25.980 INFO [restartedMain:c.a.n.c.r.client] [80d11720-7da5-4c71-911b-c6e6aaa14e89] Success to connect to server [localhost:8848] on start up, connectionId = 1713863245854_127.0.0.1_56221
2024-04-23 17:07:25.980 INFO [restartedMain:c.a.n.c.r.client] [80d11720-7da5-4c71-911b-c6e6aaa14e89] Register server push request handler:com.alibaba.nacos.common.remote.client.RpcClient$ConnectResetRequestHandler
2024-04-23 17:07:25.980 INFO [restartedMain:c.a.n.c.r.client] [80d11720-7da5-4c71-911b-c6e6aaa14e89] Register server push request handler:com.alibaba.nacos.common.remote.client.RpcClient$$Lambda$567/959983483
2024-04-23 17:07:25.980 INFO [com.alibaba.nacos.client.remote.worker:c.a.n.c.r.client] [80d11720-7da5-4c71-911b-c6e6aaa14e89] Notify connected event to listeners.
2024-04-23 17:07:26.042 INFO [Dubbo-framework-mapping-refreshing-scheduler-thread-1:c.a.n.c.r.client] [RpcClientFactory] create a new rpc client of c5198737-a4e0-47b0-bf9e-7802dfab65e9_config-0
2024-04-23 17:07:26.042 INFO [Dubbo-framework-mapping-refreshing-scheduler-thread-1:c.a.n.c.r.client] [c5198737-a4e0-47b0-bf9e-7802dfab65e9_config-0] RpcClient init label, labels = {module=config, Vipserver-Tag=null, source=sdk, Amory-Tag=null, Location-Tag=null, taskId=0, AppName=unknown}
2024-04-23 17:07:26.042 INFO [Dubbo-framework-mapping-refreshing-scheduler-thread-1:c.a.n.c.r.client] [c5198737-a4e0-47b0-bf9e-7802dfab65e9_config-0] Register server push request handler:com.alibaba.nacos.client.config.impl.ClientWorker$ConfigRpcTransportClient$$Lambda$557/447195671
2024-04-23 17:07:26.042 INFO [Dubbo-framework-mapping-refreshing-scheduler-thread-1:c.a.n.c.r.client] [c5198737-a4e0-47b0-bf9e-7802dfab65e9_config-0] Register server push request handler:com.alibaba.nacos.client.config.impl.ClientWorker$ConfigRpcTransportClient$$Lambda$558/1821866039
2024-04-23 17:07:26.042 INFO [Dubbo-framework-mapping-refreshing-scheduler-thread-1:c.a.n.c.r.client] [c5198737-a4e0-47b0-bf9e-7802dfab65e9_config-0] Registry connection listener to current client:com.alibaba.nacos.client.config.impl.ClientWorker$ConfigRpcTransportClient$1
2024-04-23 17:07:26.042 INFO [Dubbo-framework-mapping-refreshing-scheduler-thread-1:c.a.n.c.r.client] [c5198737-a4e0-47b0-bf9e-7802dfab65e9_config-0] RpcClient init, ServerListFactory = com.alibaba.nacos.client.config.impl.ClientWorker$ConfigRpcTransportClient$2
2024-04-23 17:07:26.042 INFO [Dubbo-framework-mapping-refreshing-scheduler-thread-1:c.a.n.c.r.client] [c5198737-a4e0-47b0-bf9e-7802dfab65e9_config-0] Try to connect to server on start up, server: {serverIp = 'localhost', server main port = 8848}
2024-04-23 17:07:26.154 INFO [Dubbo-framework-mapping-refreshing-scheduler-thread-1:c.a.n.c.r.client] [c5198737-a4e0-47b0-bf9e-7802dfab65e9_config-0] Success to connect to server [localhost:8848] on start up, connectionId = 1713863246042_127.0.0.1_56222
2024-04-23 17:07:26.154 INFO [Dubbo-framework-mapping-refreshing-scheduler-thread-1:c.a.n.c.r.client] [c5198737-a4e0-47b0-bf9e-7802dfab65e9_config-0] Register server push request handler:com.alibaba.nacos.common.remote.client.RpcClient$ConnectResetRequestHandler
2024-04-23 17:07:26.154 INFO [com.alibaba.nacos.client.remote.worker:c.a.n.c.r.client] [c5198737-a4e0-47b0-bf9e-7802dfab65e9_config-0] Notify connected event to listeners.
2024-04-23 17:07:26.154 INFO [Dubbo-framework-mapping-refreshing-scheduler-thread-1:c.a.n.c.r.client] [c5198737-a4e0-47b0-bf9e-7802dfab65e9_config-0] Register server push request handler:com.alibaba.nacos.common.remote.client.RpcClient$$Lambda$567/959983483
2024-04-23 17:07:26.342 INFO [nacos-grpc-client-executor-localhost-5:c.a.n.c.r.client] [d758aa1a-304c-4f44-951a-dce53629bf60] Receive server push request, request = NotifySubscriberRequest, requestId = 46
2024-04-23 17:07:26.342 INFO [nacos-grpc-client-executor-localhost-5:c.a.n.c.r.client] [d758aa1a-304c-4f44-951a-dce53629bf60] Ack server push request, request = NotifySubscriberRequest, requestId = 46
2024-04-23 17:07:26.342 INFO [nacos-grpc-client-executor-localhost-6:c.a.n.c.r.client] [d758aa1a-304c-4f44-951a-dce53629bf60] Receive server push request, request = NotifySubscriberRequest, requestId = 47
2024-04-23 17:07:26.342 INFO [nacos-grpc-client-executor-localhost-6:c.a.n.c.r.client] [d758aa1a-304c-4f44-951a-dce53629bf60] Ack server push request, request = NotifySubscriberRequest, requestId = 47
2024-04-23 17:07:28.693 INFO [nacos-grpc-client-executor-localhost-6:c.a.n.c.r.client] [80d11720-7da5-4c71-911b-c6e6aaa14e89] Receive server push request, request = NotifySubscriberRequest, requestId = 48
2024-04-23 17:07:28.693 INFO [nacos-grpc-client-executor-localhost-6:c.a.n.c.r.client] [80d11720-7da5-4c71-911b-c6e6aaa14e89] Ack server push request, request = NotifySubscriberRequest, requestId = 48
2024-04-23 17:07:28.914 INFO [nacos-grpc-client-executor-localhost-13:c.a.n.c.r.client] [d758aa1a-304c-4f44-951a-dce53629bf60] Receive server push request, request = NotifySubscriberRequest, requestId = 49
2024-04-23 17:07:28.914 INFO [nacos-grpc-client-executor-localhost-13:c.a.n.c.r.client] [d758aa1a-304c-4f44-951a-dce53629bf60] Ack server push request, request = NotifySubscriberRequest, requestId = 49
2024-04-23 17:07:29.041 INFO [Thread-141:c.a.n.c.r.client] Shutdown rpc client, set status to shutdown
2024-04-23 17:07:29.041 INFO [Thread-141:c.a.n.c.r.client] Shutdown client event executor java.util.concurrent.ScheduledThreadPoolExecutor@2b28229d[Running, pool size = 2, active threads = 2, queued tasks = 0, completed tasks = 0]
2024-04-23 17:07:29.041 INFO [Thread-141:c.a.n.c.r.client] Close current connection 1713863245854_127.0.0.1_56221
2024-04-23 17:07:29.041 INFO [Thread-141:c.a.n.c.r.c.g.GrpcClient] Shutdown grpc executor java.util.concurrent.ThreadPoolExecutor@e04397e[Running, pool size = 8, active threads = 1, queued tasks = 0, completed tasks = 7]
2024-04-23 17:07:29.041 INFO [nacos-grpc-client-executor-localhost-7:c.a.n.c.r.c.g.GrpcClient] [1713863245854_127.0.0.1_56221]Ignore complete event,isRunning:false,isAbandon=false
2024-04-23 17:07:31.146 INFO [Thread-141:c.a.n.c.r.client] Shutdown rpc client, set status to shutdown
2024-04-23 17:07:31.146 INFO [Thread-141:c.a.n.c.r.client] Shutdown client event executor java.util.concurrent.ScheduledThreadPoolExecutor@1070ae6f[Running, pool size = 2, active threads = 2, queued tasks = 0, completed tasks = 0]
2024-04-23 17:07:31.146 INFO [Thread-141:c.a.n.c.r.client] Close current connection 1713863231612_127.0.0.1_55898
2024-04-23 17:07:31.146 INFO [Thread-141:c.a.n.c.r.c.g.GrpcClient] Shutdown grpc executor java.util.concurrent.ThreadPoolExecutor@1d4d4357[Running, pool size = 26, active threads = 0, queued tasks = 0, completed tasks = 31]
2024-04-23 17:07:31.497 INFO [Thread-141:c.a.n.c.r.client] Shutdown rpc client, set status to shutdown
2024-04-23 17:07:31.497 INFO [Thread-141:c.a.n.c.r.client] Shutdown client event executor java.util.concurrent.ScheduledThreadPoolExecutor@52040a8e[Running, pool size = 2, active threads = 2, queued tasks = 0, completed tasks = 0]
2024-04-23 17:07:31.497 INFO [Thread-141:c.a.n.c.r.client] Close current connection 1713863245504_127.0.0.1_56152
2024-04-23 17:07:31.497 INFO [Thread-141:c.a.n.c.r.c.g.GrpcClient] Shutdown grpc executor java.util.concurrent.ThreadPoolExecutor@25a4bc62[Running, pool size = 5, active threads = 0, queued tasks = 0, completed tasks = 5]
2024-04-23 17:07:36.504 INFO [restartedMain:c.a.n.c.r.client] [RpcClientFactory] create a new rpc client of 13968aa8-7884-4573-a2af-d63f429af4ef_config-0
2024-04-23 17:07:36.504 INFO [restartedMain:c.a.n.c.r.client] [13968aa8-7884-4573-a2af-d63f429af4ef_config-0] RpcClient init label, labels = {module=config, Vipserver-Tag=null, source=sdk, Amory-Tag=null, Location-Tag=null, taskId=0, AppName=unknown}
2024-04-23 17:07:36.504 INFO [restartedMain:c.a.n.c.r.client] [13968aa8-7884-4573-a2af-d63f429af4ef_config-0] Register server push request handler:com.alibaba.nacos.client.config.impl.ClientWorker$ConfigRpcTransportClient$$Lambda$557/447195671
2024-04-23 17:07:36.504 INFO [restartedMain:c.a.n.c.r.client] [13968aa8-7884-4573-a2af-d63f429af4ef_config-0] Register server push request handler:com.alibaba.nacos.client.config.impl.ClientWorker$ConfigRpcTransportClient$$Lambda$558/1821866039
2024-04-23 17:07:36.504 INFO [restartedMain:c.a.n.c.r.client] [13968aa8-7884-4573-a2af-d63f429af4ef_config-0] Registry connection listener to current client:com.alibaba.nacos.client.config.impl.ClientWorker$ConfigRpcTransportClient$1
2024-04-23 17:07:36.504 INFO [restartedMain:c.a.n.c.r.client] [13968aa8-7884-4573-a2af-d63f429af4ef_config-0] RpcClient init, ServerListFactory = com.alibaba.nacos.client.config.impl.ClientWorker$ConfigRpcTransportClient$2
2024-04-23 17:07:36.504 INFO [restartedMain:c.a.n.c.r.client] [13968aa8-7884-4573-a2af-d63f429af4ef_config-0] Try to connect to server on start up, server: {serverIp = 'localhost', server main port = 8848}
2024-04-23 17:07:36.630 INFO [restartedMain:c.a.n.c.r.client] [13968aa8-7884-4573-a2af-d63f429af4ef_config-0] Success to connect to server [localhost:8848] on start up, connectionId = 1713863256520_127.0.0.1_56469
2024-04-23 17:07:36.630 INFO [restartedMain:c.a.n.c.r.client] [13968aa8-7884-4573-a2af-d63f429af4ef_config-0] Register server push request handler:com.alibaba.nacos.common.remote.client.RpcClient$ConnectResetRequestHandler
2024-04-23 17:07:36.630 INFO [restartedMain:c.a.n.c.r.client] [13968aa8-7884-4573-a2af-d63f429af4ef_config-0] Register server push request handler:com.alibaba.nacos.common.remote.client.RpcClient$$Lambda$567/959983483
2024-04-23 17:07:36.630 INFO [com.alibaba.nacos.client.remote.worker:c.a.n.c.r.client] [13968aa8-7884-4573-a2af-d63f429af4ef_config-0] Notify connected event to listeners.
2024-04-23 17:07:41.964 INFO [nacos-grpc-client-executor-localhost-687:c.a.n.c.r.client] [e7c80e83-dfa6-4133-bf3c-bdb42373b2c3] Receive server push request, request = NotifySubscriberRequest, requestId = 53
2024-04-23 17:07:41.966 INFO [nacos-grpc-client-executor-localhost-22:c.a.n.c.r.client] [d758aa1a-304c-4f44-951a-dce53629bf60] Receive server push request, request = NotifySubscriberRequest, requestId = 56
2024-04-23 17:07:41.966 INFO [nacos-grpc-client-executor-localhost-687:c.a.n.c.r.client] [e7c80e83-dfa6-4133-bf3c-bdb42373b2c3] Ack server push request, request = NotifySubscriberRequest, requestId = 53
2024-04-23 17:07:41.967 INFO [nacos-grpc-client-executor-localhost-22:c.a.n.c.r.client] [d758aa1a-304c-4f44-951a-dce53629bf60] Ack server push request, request = NotifySubscriberRequest, requestId = 56
2024-04-23 17:07:42.192 INFO [nacos-grpc-client-executor-localhost-688:c.a.n.c.r.client] [e7c80e83-dfa6-4133-bf3c-bdb42373b2c3] Receive server push request, request = NotifySubscriberRequest, requestId = 63
2024-04-23 17:07:42.193 INFO [nacos-grpc-client-executor-localhost-688:c.a.n.c.r.client] [e7c80e83-dfa6-4133-bf3c-bdb42373b2c3] Ack server push request, request = NotifySubscriberRequest, requestId = 63
2024-04-23 17:07:48.841 INFO [restartedMain:c.a.n.c.r.client] [RpcClientFactory] create a new rpc client of 443100c6-8981-41c5-9e2a-589c31d0331f
2024-04-23 17:07:48.841 INFO [restartedMain:c.a.n.c.r.client] [443100c6-8981-41c5-9e2a-589c31d0331f] RpcClient init label, labels = {module=naming, source=sdk}
2024-04-23 17:07:48.841 INFO [restartedMain:c.a.n.c.r.client] [443100c6-8981-41c5-9e2a-589c31d0331f] RpcClient init, ServerListFactory = com.alibaba.nacos.client.naming.core.ServerListManager
2024-04-23 17:07:48.841 INFO [restartedMain:c.a.n.c.r.client] [443100c6-8981-41c5-9e2a-589c31d0331f] Registry connection listener to current client:com.alibaba.nacos.client.naming.remote.gprc.redo.NamingGrpcRedoService
2024-04-23 17:07:48.841 INFO [restartedMain:c.a.n.c.r.client] [443100c6-8981-41c5-9e2a-589c31d0331f] Register server push request handler:com.alibaba.nacos.client.naming.remote.gprc.NamingPushRequestHandler
2024-04-23 17:07:48.841 INFO [restartedMain:c.a.n.c.r.client] [443100c6-8981-41c5-9e2a-589c31d0331f] Try to connect to server on start up, server: {serverIp = '127.0.0.1', server main port = 8848}
2024-04-23 17:07:48.956 INFO [restartedMain:c.a.n.c.r.client] [443100c6-8981-41c5-9e2a-589c31d0331f] Success to connect to server [127.0.0.1:8848] on start up, connectionId = 1713863268841_127.0.0.1_56691
2024-04-23 17:07:48.956 INFO [restartedMain:c.a.n.c.r.client] [443100c6-8981-41c5-9e2a-589c31d0331f] Register server push request handler:com.alibaba.nacos.common.remote.client.RpcClient$ConnectResetRequestHandler
2024-04-23 17:07:48.956 INFO [restartedMain:c.a.n.c.r.client] [443100c6-8981-41c5-9e2a-589c31d0331f] Register server push request handler:com.alibaba.nacos.common.remote.client.RpcClient$$Lambda$567/959983483
2024-04-23 17:07:48.956 INFO [com.alibaba.nacos.client.remote.worker:c.a.n.c.r.client] [443100c6-8981-41c5-9e2a-589c31d0331f] Notify connected event to listeners.
2024-04-23 17:07:49.003 INFO [restartedMain:c.a.n.c.r.client] [RpcClientFactory] create a new rpc client of 887b7a80-5982-4625-b11d-b2682266dd06
2024-04-23 17:07:49.003 INFO [restartedMain:c.a.n.c.r.client] [887b7a80-5982-4625-b11d-b2682266dd06] RpcClient init label, labels = {module=naming, source=sdk}
2024-04-23 17:07:49.003 INFO [restartedMain:c.a.n.c.r.client] [887b7a80-5982-4625-b11d-b2682266dd06] RpcClient init, ServerListFactory = com.alibaba.nacos.client.naming.core.ServerListManager
2024-04-23 17:07:49.003 INFO [restartedMain:c.a.n.c.r.client] [887b7a80-5982-4625-b11d-b2682266dd06] Registry connection listener to current client:com.alibaba.nacos.client.naming.remote.gprc.redo.NamingGrpcRedoService
2024-04-23 17:07:49.003 INFO [restartedMain:c.a.n.c.r.client] [887b7a80-5982-4625-b11d-b2682266dd06] Register server push request handler:com.alibaba.nacos.client.naming.remote.gprc.NamingPushRequestHandler
2024-04-23 17:07:49.003 INFO [restartedMain:c.a.n.c.r.client] [887b7a80-5982-4625-b11d-b2682266dd06] Try to connect to server on start up, server: {serverIp = 'localhost', server main port = 8848}
2024-04-23 17:07:49.114 INFO [restartedMain:c.a.n.c.r.client] [887b7a80-5982-4625-b11d-b2682266dd06] Success to connect to server [localhost:8848] on start up, connectionId = 1713863269003_127.0.0.1_56758
2024-04-23 17:07:49.114 INFO [restartedMain:c.a.n.c.r.client] [887b7a80-5982-4625-b11d-b2682266dd06] Register server push request handler:com.alibaba.nacos.common.remote.client.RpcClient$ConnectResetRequestHandler
2024-04-23 17:07:49.114 INFO [restartedMain:c.a.n.c.r.client] [887b7a80-5982-4625-b11d-b2682266dd06] Register server push request handler:com.alibaba.nacos.common.remote.client.RpcClient$$Lambda$567/959983483
2024-04-23 17:07:49.114 INFO [com.alibaba.nacos.client.remote.worker:c.a.n.c.r.client] [887b7a80-5982-4625-b11d-b2682266dd06] Notify connected event to listeners.
2024-04-23 17:07:49.193 INFO [restartedMain:c.a.n.c.r.client] [RpcClientFactory] create a new rpc client of 43e7d96e-848c-46d1-b03f-8303fb878f9b
2024-04-23 17:07:49.193 INFO [restartedMain:c.a.n.c.r.client] [43e7d96e-848c-46d1-b03f-8303fb878f9b] RpcClient init label, labels = {module=naming, source=sdk}
2024-04-23 17:07:49.193 INFO [restartedMain:c.a.n.c.r.client] [43e7d96e-848c-46d1-b03f-8303fb878f9b] RpcClient init, ServerListFactory = com.alibaba.nacos.client.naming.core.ServerListManager
2024-04-23 17:07:49.193 INFO [restartedMain:c.a.n.c.r.client] [43e7d96e-848c-46d1-b03f-8303fb878f9b] Registry connection listener to current client:com.alibaba.nacos.client.naming.remote.gprc.redo.NamingGrpcRedoService
2024-04-23 17:07:49.193 INFO [restartedMain:c.a.n.c.r.client] [43e7d96e-848c-46d1-b03f-8303fb878f9b] Register server push request handler:com.alibaba.nacos.client.naming.remote.gprc.NamingPushRequestHandler
2024-04-23 17:07:49.193 INFO [restartedMain:c.a.n.c.r.client] [43e7d96e-848c-46d1-b03f-8303fb878f9b] Try to connect to server on start up, server: {serverIp = 'localhost', server main port = 8848}
2024-04-23 17:07:49.324 INFO [restartedMain:c.a.n.c.r.client] [43e7d96e-848c-46d1-b03f-8303fb878f9b] Success to connect to server [localhost:8848] on start up, connectionId = 1713863269209_127.0.0.1_56794
2024-04-23 17:07:49.324 INFO [restartedMain:c.a.n.c.r.client] [43e7d96e-848c-46d1-b03f-8303fb878f9b] Register server push request handler:com.alibaba.nacos.common.remote.client.RpcClient$ConnectResetRequestHandler
2024-04-23 17:07:49.324 INFO [restartedMain:c.a.n.c.r.client] [43e7d96e-848c-46d1-b03f-8303fb878f9b] Register server push request handler:com.alibaba.nacos.common.remote.client.RpcClient$$Lambda$567/959983483
2024-04-23 17:07:49.324 INFO [com.alibaba.nacos.client.remote.worker:c.a.n.c.r.client] [43e7d96e-848c-46d1-b03f-8303fb878f9b] Notify connected event to listeners.
2024-04-23 17:07:49.337 INFO [Dubbo-framework-mapping-refreshing-scheduler-thread-1:c.a.n.c.r.client] [RpcClientFactory] create a new rpc client of 9fa7086b-d1e3-4673-8e4f-86165e90ff7f_config-0
2024-04-23 17:07:49.337 INFO [Dubbo-framework-mapping-refreshing-scheduler-thread-1:c.a.n.c.r.client] [9fa7086b-d1e3-4673-8e4f-86165e90ff7f_config-0] RpcClient init label, labels = {module=config, Vipserver-Tag=null, source=sdk, Amory-Tag=null, Location-Tag=null, taskId=0, AppName=unknown}
2024-04-23 17:07:49.337 INFO [Dubbo-framework-mapping-refreshing-scheduler-thread-1:c.a.n.c.r.client] [9fa7086b-d1e3-4673-8e4f-86165e90ff7f_config-0] Register server push request handler:com.alibaba.nacos.client.config.impl.ClientWorker$ConfigRpcTransportClient$$Lambda$557/447195671
2024-04-23 17:07:49.337 INFO [Dubbo-framework-mapping-refreshing-scheduler-thread-1:c.a.n.c.r.client] [9fa7086b-d1e3-4673-8e4f-86165e90ff7f_config-0] Register server push request handler:com.alibaba.nacos.client.config.impl.ClientWorker$ConfigRpcTransportClient$$Lambda$558/1821866039
2024-04-23 17:07:49.337 INFO [Dubbo-framework-mapping-refreshing-scheduler-thread-1:c.a.n.c.r.client] [9fa7086b-d1e3-4673-8e4f-86165e90ff7f_config-0] Registry connection listener to current client:com.alibaba.nacos.client.config.impl.ClientWorker$ConfigRpcTransportClient$1
2024-04-23 17:07:49.337 INFO [Dubbo-framework-mapping-refreshing-scheduler-thread-1:c.a.n.c.r.client] [9fa7086b-d1e3-4673-8e4f-86165e90ff7f_config-0] RpcClient init, ServerListFactory = com.alibaba.nacos.client.config.impl.ClientWorker$ConfigRpcTransportClient$2
2024-04-23 17:07:49.337 INFO [Dubbo-framework-mapping-refreshing-scheduler-thread-1:c.a.n.c.r.client] [9fa7086b-d1e3-4673-8e4f-86165e90ff7f_config-0] Try to connect to server on start up, server: {serverIp = 'localhost', server main port = 8848}
2024-04-23 17:07:49.449 INFO [Dubbo-framework-mapping-refreshing-scheduler-thread-1:c.a.n.c.r.client] [9fa7086b-d1e3-4673-8e4f-86165e90ff7f_config-0] Success to connect to server [localhost:8848] on start up, connectionId = 1713863269340_127.0.0.1_56795
2024-04-23 17:07:49.449 INFO [Dubbo-framework-mapping-refreshing-scheduler-thread-1:c.a.n.c.r.client] [9fa7086b-d1e3-4673-8e4f-86165e90ff7f_config-0] Register server push request handler:com.alibaba.nacos.common.remote.client.RpcClient$ConnectResetRequestHandler
2024-04-23 17:07:49.449 INFO [Dubbo-framework-mapping-refreshing-scheduler-thread-1:c.a.n.c.r.client] [9fa7086b-d1e3-4673-8e4f-86165e90ff7f_config-0] Register server push request handler:com.alibaba.nacos.common.remote.client.RpcClient$$Lambda$567/959983483
2024-04-23 17:07:49.449 INFO [com.alibaba.nacos.client.remote.worker:c.a.n.c.r.client] [9fa7086b-d1e3-4673-8e4f-86165e90ff7f_config-0] Notify connected event to listeners.
2024-04-23 17:07:49.671 INFO [nacos-grpc-client-executor-localhost-8:c.a.n.c.r.client] [887b7a80-5982-4625-b11d-b2682266dd06] Receive server push request, request = NotifySubscriberRequest, requestId = 67
2024-04-23 17:07:49.671 INFO [nacos-grpc-client-executor-localhost-8:c.a.n.c.r.client] [887b7a80-5982-4625-b11d-b2682266dd06] Ack server push request, request = NotifySubscriberRequest, requestId = 67
2024-04-23 17:07:49.671 INFO [nacos-grpc-client-executor-localhost-9:c.a.n.c.r.client] [887b7a80-5982-4625-b11d-b2682266dd06] Receive server push request, request = NotifySubscriberRequest, requestId = 68
2024-04-23 17:07:49.671 INFO [nacos-grpc-client-executor-localhost-9:c.a.n.c.r.client] [887b7a80-5982-4625-b11d-b2682266dd06] Ack server push request, request = NotifySubscriberRequest, requestId = 68
2024-04-23 17:07:49.894 INFO [nacos-grpc-client-executor-localhost-4:c.a.n.c.r.client] [43e7d96e-848c-46d1-b03f-8303fb878f9b] Receive server push request, request = NotifySubscriberRequest, requestId = 70
2024-04-23 17:07:49.894 INFO [nacos-grpc-client-executor-localhost-10:c.a.n.c.r.client] [887b7a80-5982-4625-b11d-b2682266dd06] Receive server push request, request = NotifySubscriberRequest, requestId = 69
2024-04-23 17:07:49.894 INFO [nacos-grpc-client-executor-localhost-10:c.a.n.c.r.client] [887b7a80-5982-4625-b11d-b2682266dd06] Ack server push request, request = NotifySubscriberRequest, requestId = 69
2024-04-23 17:07:49.894 INFO [nacos-grpc-client-executor-localhost-4:c.a.n.c.r.client] [43e7d96e-848c-46d1-b03f-8303fb878f9b] Ack server push request, request = NotifySubscriberRequest, requestId = 70
2024-04-23 17:07:49.894 INFO [nacos-grpc-client-executor-localhost-11:c.a.n.c.r.client] [887b7a80-5982-4625-b11d-b2682266dd06] Receive server push request, request = NotifySubscriberRequest, requestId = 71
2024-04-23 17:07:49.894 INFO [nacos-grpc-client-executor-localhost-11:c.a.n.c.r.client] [887b7a80-5982-4625-b11d-b2682266dd06] Ack server push request, request = NotifySubscriberRequest, requestId = 71
2024-04-23 17:07:50.228 INFO [nacos-grpc-client-executor-localhost-14:c.a.n.c.r.client] [887b7a80-5982-4625-b11d-b2682266dd06] Receive server push request, request = NotifySubscriberRequest, requestId = 72
2024-04-23 17:07:50.228 INFO [nacos-grpc-client-executor-localhost-14:c.a.n.c.r.client] [887b7a80-5982-4625-b11d-b2682266dd06] Ack server push request, request = NotifySubscriberRequest, requestId = 72
2024-04-23 17:11:21.928 INFO [nacos-grpc-client-executor-127.0.0.1-47:c.a.n.c.r.client] [443100c6-8981-41c5-9e2a-589c31d0331f] Receive server push request, request = NotifySubscriberRequest, requestId = 77
2024-04-23 17:11:21.928 INFO [nacos-grpc-client-executor-127.0.0.1-47:c.a.n.c.r.client] [443100c6-8981-41c5-9e2a-589c31d0331f] Ack server push request, request = NotifySubscriberRequest, requestId = 77
2024-04-23 17:11:22.245 INFO [nacos-grpc-client-executor-127.0.0.1-48:c.a.n.c.r.client] [443100c6-8981-41c5-9e2a-589c31d0331f] Receive server push request, request = NotifySubscriberRequest, requestId = 78
2024-04-23 17:11:22.246 INFO [nacos-grpc-client-executor-127.0.0.1-48:c.a.n.c.r.client] [443100c6-8981-41c5-9e2a-589c31d0331f] Ack server push request, request = NotifySubscriberRequest, requestId = 78
2024-04-23 17:18:08.357 INFO [nacos-grpc-client-executor-127.0.0.1-137:c.a.n.c.r.client] [443100c6-8981-41c5-9e2a-589c31d0331f] Receive server push request, request = NotifySubscriberRequest, requestId = 79
2024-04-23 17:18:08.357 INFO [nacos-grpc-client-executor-127.0.0.1-137:c.a.n.c.r.client] [443100c6-8981-41c5-9e2a-589c31d0331f] Ack server push request, request = NotifySubscriberRequest, requestId = 79
2024-04-23 17:18:32.728 INFO [nacos-grpc-client-executor-127.0.0.1-143:c.a.n.c.r.client] [443100c6-8981-41c5-9e2a-589c31d0331f] Receive server push request, request = NotifySubscriberRequest, requestId = 80
2024-04-23 17:18:32.728 INFO [nacos-grpc-client-executor-127.0.0.1-143:c.a.n.c.r.client] [443100c6-8981-41c5-9e2a-589c31d0331f] Ack server push request, request = NotifySubscriberRequest, requestId = 80
2024-04-23 17:26:27.387 INFO [nacos-grpc-client-executor-127.0.0.1-238:c.a.n.c.r.client] [443100c6-8981-41c5-9e2a-589c31d0331f] Receive server push request, request = NotifySubscriberRequest, requestId = 85
2024-04-23 17:26:27.387 INFO [nacos-grpc-client-executor-127.0.0.1-238:c.a.n.c.r.client] [443100c6-8981-41c5-9e2a-589c31d0331f] Ack server push request, request = NotifySubscriberRequest, requestId = 85
2024-04-23 17:26:51.558 INFO [nacos-grpc-client-executor-127.0.0.1-243:c.a.n.c.r.client] [443100c6-8981-41c5-9e2a-589c31d0331f] Receive server push request, request = NotifySubscriberRequest, requestId = 86
2024-04-23 17:26:51.558 INFO [nacos-grpc-client-executor-127.0.0.1-243:c.a.n.c.r.client] [443100c6-8981-41c5-9e2a-589c31d0331f] Ack server push request, request = NotifySubscriberRequest, requestId = 86
2024-04-23 17:31:14.947 INFO [nacos-grpc-client-executor-127.0.0.1-295:c.a.n.c.r.client] [443100c6-8981-41c5-9e2a-589c31d0331f] Receive server push request, request = NotifySubscriberRequest, requestId = 91
2024-04-23 17:31:14.948 INFO [nacos-grpc-client-executor-127.0.0.1-295:c.a.n.c.r.client] [443100c6-8981-41c5-9e2a-589c31d0331f] Ack server push request, request = NotifySubscriberRequest, requestId = 91
2024-04-23 17:31:37.415 INFO [nacos-grpc-client-executor-127.0.0.1-300:c.a.n.c.r.client] [443100c6-8981-41c5-9e2a-589c31d0331f] Receive server push request, request = NotifySubscriberRequest, requestId = 92
2024-04-23 17:31:37.416 INFO [nacos-grpc-client-executor-127.0.0.1-300:c.a.n.c.r.client] [443100c6-8981-41c5-9e2a-589c31d0331f] Ack server push request, request = NotifySubscriberRequest, requestId = 92
2024-04-23 17:39:07.360 INFO [nacos-grpc-client-executor-127.0.0.1-390:c.a.n.c.r.client] [443100c6-8981-41c5-9e2a-589c31d0331f] Receive server push request, request = NotifySubscriberRequest, requestId = 97
2024-04-23 17:39:07.360 INFO [nacos-grpc-client-executor-127.0.0.1-390:c.a.n.c.r.client] [443100c6-8981-41c5-9e2a-589c31d0331f] Ack server push request, request = NotifySubscriberRequest, requestId = 97
2024-04-23 17:39:35.443 INFO [nacos-grpc-client-executor-127.0.0.1-395:c.a.n.c.r.client] [443100c6-8981-41c5-9e2a-589c31d0331f] Receive server push request, request = NotifySubscriberRequest, requestId = 98
2024-04-23 17:39:35.444 INFO [nacos-grpc-client-executor-127.0.0.1-395:c.a.n.c.r.client] [443100c6-8981-41c5-9e2a-589c31d0331f] Ack server push request, request = NotifySubscriberRequest, requestId = 98
2024-04-23 17:43:39.898 INFO [nacos-grpc-client-executor-127.0.0.1-444:c.a.n.c.r.client] [443100c6-8981-41c5-9e2a-589c31d0331f] Receive server push request, request = NotifySubscriberRequest, requestId = 103
2024-04-23 17:43:39.899 INFO [nacos-grpc-client-executor-127.0.0.1-444:c.a.n.c.r.client] [443100c6-8981-41c5-9e2a-589c31d0331f] Ack server push request, request = NotifySubscriberRequest, requestId = 103
2024-04-23 17:44:44.366 INFO [nacos-grpc-client-executor-127.0.0.1-458:c.a.n.c.r.client] [443100c6-8981-41c5-9e2a-589c31d0331f] Receive server push request, request = NotifySubscriberRequest, requestId = 104
2024-04-23 17:44:44.366 INFO [nacos-grpc-client-executor-127.0.0.1-458:c.a.n.c.r.client] [443100c6-8981-41c5-9e2a-589c31d0331f] Ack server push request, request = NotifySubscriberRequest, requestId = 104
2024-04-23 17:55:09.576 INFO [nacos-grpc-client-executor-127.0.0.1-584:c.a.n.c.r.client] [443100c6-8981-41c5-9e2a-589c31d0331f] Receive server push request, request = NotifySubscriberRequest, requestId = 109
2024-04-23 17:55:09.576 INFO [nacos-grpc-client-executor-127.0.0.1-584:c.a.n.c.r.client] [443100c6-8981-41c5-9e2a-589c31d0331f] Ack server push request, request = NotifySubscriberRequest, requestId = 109
2024-04-23 17:55:16.900 INFO [nacos-grpc-client-executor-127.0.0.1-585:c.a.n.c.r.client] [443100c6-8981-41c5-9e2a-589c31d0331f] Receive server push request, request = NotifySubscriberRequest, requestId = 110
2024-04-23 17:55:16.900 INFO [nacos-grpc-client-executor-127.0.0.1-585:c.a.n.c.r.client] [443100c6-8981-41c5-9e2a-589c31d0331f] Ack server push request, request = NotifySubscriberRequest, requestId = 110
2024-04-23 17:55:22.609 INFO [nacos-grpc-client-executor-127.0.0.1-586:c.a.n.c.r.client] [443100c6-8981-41c5-9e2a-589c31d0331f] Receive server push request, request = NotifySubscriberRequest, requestId = 115
2024-04-23 17:55:22.611 INFO [nacos-grpc-client-executor-127.0.0.1-586:c.a.n.c.r.client] [443100c6-8981-41c5-9e2a-589c31d0331f] Ack server push request, request = NotifySubscriberRequest, requestId = 115
2024-04-23 17:55:30.645 INFO [nacos-grpc-client-executor-127.0.0.1-589:c.a.n.c.r.client] [443100c6-8981-41c5-9e2a-589c31d0331f] Receive server push request, request = NotifySubscriberRequest, requestId = 119
2024-04-23 17:55:30.645 INFO [nacos-grpc-client-executor-127.0.0.1-589:c.a.n.c.r.client] [443100c6-8981-41c5-9e2a-589c31d0331f] Ack server push request, request = NotifySubscriberRequest, requestId = 119
2024-04-23 17:57:56.507 INFO [nacos-grpc-client-executor-127.0.0.1-618:c.a.n.c.r.client] [443100c6-8981-41c5-9e2a-589c31d0331f] Receive server push request, request = NotifySubscriberRequest, requestId = 125
2024-04-23 17:57:56.507 INFO [nacos-grpc-client-executor-127.0.0.1-618:c.a.n.c.r.client] [443100c6-8981-41c5-9e2a-589c31d0331f] Ack server push request, request = NotifySubscriberRequest, requestId = 125
2024-04-23 17:59:17.343 INFO [nacos-grpc-client-executor-127.0.0.1-635:c.a.n.c.r.client] [443100c6-8981-41c5-9e2a-589c31d0331f] Receive server push request, request = NotifySubscriberRequest, requestId = 126
2024-04-23 17:59:17.345 INFO [nacos-grpc-client-executor-127.0.0.1-635:c.a.n.c.r.client] [443100c6-8981-41c5-9e2a-589c31d0331f] Ack server push request, request = NotifySubscriberRequest, requestId = 126
2024-04-23 17:59:29.861 INFO [nacos-grpc-client-executor-127.0.0.1-638:c.a.n.c.r.client] [443100c6-8981-41c5-9e2a-589c31d0331f] Receive server push request, request = NotifySubscriberRequest, requestId = 131
2024-04-23 17:59:29.861 INFO [nacos-grpc-client-executor-127.0.0.1-638:c.a.n.c.r.client] [443100c6-8981-41c5-9e2a-589c31d0331f] Ack server push request, request = NotifySubscriberRequest, requestId = 131
2024-04-23 18:00:37.001 INFO [nacos-grpc-client-executor-127.0.0.1-651:c.a.n.c.r.client] [443100c6-8981-41c5-9e2a-589c31d0331f] Receive server push request, request = NotifySubscriberRequest, requestId = 132
2024-04-23 18:00:37.001 INFO [nacos-grpc-client-executor-127.0.0.1-651:c.a.n.c.r.client] [443100c6-8981-41c5-9e2a-589c31d0331f] Ack server push request, request = NotifySubscriberRequest, requestId = 132
2024-04-23 18:01:03.777 INFO [nacos-grpc-client-executor-127.0.0.1-656:c.a.n.c.r.client] [443100c6-8981-41c5-9e2a-589c31d0331f] Receive server push request, request = NotifySubscriberRequest, requestId = 144
2024-04-23 18:01:03.777 INFO [nacos-grpc-client-executor-127.0.0.1-656:c.a.n.c.r.client] [443100c6-8981-41c5-9e2a-589c31d0331f] Ack server push request, request = NotifySubscriberRequest, requestId = 144
2024-04-23 18:02:36.223 INFO [nacos-grpc-client-executor-127.0.0.1-675:c.a.n.c.r.client] [443100c6-8981-41c5-9e2a-589c31d0331f] Receive server push request, request = NotifySubscriberRequest, requestId = 152
2024-04-23 18:02:36.224 INFO [nacos-grpc-client-executor-127.0.0.1-675:c.a.n.c.r.client] [443100c6-8981-41c5-9e2a-589c31d0331f] Ack server push request, request = NotifySubscriberRequest, requestId = 152
2024-04-23 18:06:16.588 INFO [nacos-grpc-client-executor-127.0.0.1-719:c.a.n.c.r.client] [443100c6-8981-41c5-9e2a-589c31d0331f] Receive server push request, request = NotifySubscriberRequest, requestId = 169
2024-04-23 18:06:16.588 INFO [nacos-grpc-client-executor-127.0.0.1-719:c.a.n.c.r.client] [443100c6-8981-41c5-9e2a-589c31d0331f] Ack server push request, request = NotifySubscriberRequest, requestId = 169
2024-04-23 18:06:39.354 INFO [nacos-grpc-client-executor-127.0.0.1-723:c.a.n.c.r.client] [443100c6-8981-41c5-9e2a-589c31d0331f] Receive server push request, request = NotifySubscriberRequest, requestId = 170
2024-04-23 18:06:39.354 INFO [nacos-grpc-client-executor-127.0.0.1-723:c.a.n.c.r.client] [443100c6-8981-41c5-9e2a-589c31d0331f] Ack server push request, request = NotifySubscriberRequest, requestId = 170
2024-04-23 18:08:09.518 INFO [nacos-grpc-client-executor-127.0.0.1-741:c.a.n.c.r.client] [443100c6-8981-41c5-9e2a-589c31d0331f] Receive server push request, request = NotifySubscriberRequest, requestId = 175
2024-04-23 18:08:09.518 INFO [nacos-grpc-client-executor-127.0.0.1-741:c.a.n.c.r.client] [443100c6-8981-41c5-9e2a-589c31d0331f] Ack server push request, request = NotifySubscriberRequest, requestId = 175
2024-04-23 18:08:33.203 INFO [nacos-grpc-client-executor-127.0.0.1-746:c.a.n.c.r.client] [443100c6-8981-41c5-9e2a-589c31d0331f] Receive server push request, request = NotifySubscriberRequest, requestId = 176
2024-04-23 18:08:33.204 INFO [nacos-grpc-client-executor-127.0.0.1-746:c.a.n.c.r.client] [443100c6-8981-41c5-9e2a-589c31d0331f] Ack server push request, request = NotifySubscriberRequest, requestId = 176
